info it worked if it ends with ok
verbose cli [ 'node', '/usr/local/bin/npm', 'install', '-d' ]
info using npm@1.1.0-beta-4
info using node@v0.6.6
verbose config file /home/xcc/.npmrc
verbose config file /usr/local/etc/npmrc
verbose config file /usr/local/lib/node_modules/npm/npmrc
verbose caching /home/xcc/nodeWorkspace/pomelo-core/package.json
verbose loadDefaults pomelo-core@0.1.0
verbose where, deps [ '/home/xcc/nodeWorkspace/pomelo-core',
verbose where, deps   [ 'express',
verbose where, deps     'connect',
verbose where, deps     'jade',
verbose where, deps     'log4js',
verbose where, deps     'socket.io',
verbose where, deps     'generic-pool',
verbose where, deps     'mysql',
verbose where, deps     'redis',
verbose where, deps     'seq-queue',
verbose where, deps     'pomelo-schedule',
verbose where, deps     'pomelo-monitor',
verbose where, deps     'mail-box',
verbose where, deps     'mail-router',
verbose where, deps     'data-sync',
verbose where, deps     'mime',
verbose where, deps     'coffee-script',
verbose where, deps     'debug',
verbose where, deps     'module-loader',
verbose where, deps     'local-proxy',
verbose where, deps     'rpc-gateway',
verbose where, deps     'async',
verbose where, deps     'commander',
verbose where, deps     'underscore',
verbose where, deps     'should',
verbose where, deps     'mocha',
verbose where, deps     'socket.io-client',
verbose where, deps     'flow' ] ]
verbose from cache /home/xcc/nodeWorkspace/pomelo-core/package.json
info preinstall pomelo-core@0.1.0
verbose caching /home/xcc/nodeWorkspace/pomelo-core/node_modules/dnode/package.json
verbose loadDefaults dnode@0.9.6
verbose caching /home/xcc/nodeWorkspace/pomelo-core/node_modules/rpc-gateway/package.json
verbose loadDefaults rpc-gateway@0.0.3
verbose caching /home/xcc/nodeWorkspace/pomelo-core/node_modules/procstreams/package.json
verbose loadDefaults procstreams@0.2.0
verbose caching /home/xcc/nodeWorkspace/pomelo-core/node_modules/express/package.json
verbose loadDefaults express@2.5.2
verbose caching /home/xcc/nodeWorkspace/pomelo-core/node_modules/mime/package.json
verbose loadDefaults mime@1.2.5
verbose caching /home/xcc/nodeWorkspace/pomelo-core/node_modules/mocha/package.json
verbose loadDefaults mocha@1.0.0
verbose caching /home/xcc/nodeWorkspace/pomelo-core/node_modules/seq-queue/package.json
verbose loadDefaults seq-queue@0.0.4
verbose caching /home/xcc/nodeWorkspace/pomelo-core/node_modules/socket.io-client/package.json
verbose loadDefaults socket.io-client@0.9.2
verbose caching /home/xcc/nodeWorkspace/pomelo-core/node_modules/coffee-script/package.json
verbose loadDefaults coffee-script@1.2.0
verbose caching /home/xcc/nodeWorkspace/pomelo-core/node_modules/mail-router/package.json
verbose loadDefaults mail-router@0.0.2
verbose caching /home/xcc/nodeWorkspace/pomelo-core/node_modules/socket.io/package.json
verbose loadDefaults socket.io@0.9.0
verbose caching /home/xcc/nodeWorkspace/pomelo-core/node_modules/module-loader/package.json
verbose loadDefaults module-loader@0.0.1
verbose caching /home/xcc/nodeWorkspace/pomelo-core/node_modules/flow/package.json
verbose loadDefaults flow@0.2.2
verbose caching /home/xcc/nodeWorkspace/pomelo-core/node_modules/log4js/package.json
verbose loadDefaults log4js@0.4.1
verbose caching /home/xcc/nodeWorkspace/pomelo-core/node_modules/local-proxy/package.json
verbose loadDefaults local-proxy@0.0.1
verbose caching /home/xcc/nodeWorkspace/pomelo-core/node_modules/redis/package.json
verbose loadDefaults redis@0.7.1
verbose caching /home/xcc/nodeWorkspace/pomelo-core/node_modules/underscore/package.json
verbose loadDefaults underscore@1.3.1
verbose caching /home/xcc/nodeWorkspace/pomelo-core/node_modules/commander/package.json
verbose loadDefaults commander@0.5.2
verbose caching /home/xcc/nodeWorkspace/pomelo-core/node_modules/should/package.json
verbose loadDefaults should@0.6.0
verbose caching /home/xcc/nodeWorkspace/pomelo-core/node_modules/jade/package.json
verbose loadDefaults jade@0.20.3
verbose caching /home/xcc/nodeWorkspace/pomelo-core/node_modules/mail-box/package.json
verbose loadDefaults mail-box@0.0.3
verbose caching /home/xcc/nodeWorkspace/pomelo-core/node_modules/mysql/package.json
verbose loadDefaults mysql@0.9.5
verbose caching /home/xcc/nodeWorkspace/pomelo-core/node_modules/connect/package.json
verbose loadDefaults connect@2.0.0
verbose caching /home/xcc/nodeWorkspace/pomelo-core/node_modules/debug/package.json
verbose loadDefaults debug@0.5.0
verbose caching /home/xcc/nodeWorkspace/pomelo-core/node_modules/data-sync/package.json
verbose loadDefaults data-sync@0.0.4
verbose caching /home/xcc/nodeWorkspace/pomelo-core/node_modules/pomelo-schedule/package.json
verbose loadDefaults pomelo-schedule@0.3.1
verbose caching /home/xcc/nodeWorkspace/pomelo-core/node_modules/async/package.json
verbose loadDefaults async@0.1.18
verbose caching /home/xcc/nodeWorkspace/pomelo-core/node_modules/generic-pool/package.json
verbose loadDefaults generic-pool@1.0.9
verbose from cache /home/xcc/nodeWorkspace/pomelo-core/package.json
verbose into /home/xcc/nodeWorkspace/pomelo-core [ 'express@2.5.2',
verbose into /home/xcc/nodeWorkspace/pomelo-core   'connect@>=0.0.1',
verbose into /home/xcc/nodeWorkspace/pomelo-core   'jade@>= 0.0.1',
verbose into /home/xcc/nodeWorkspace/pomelo-core   'log4js@>= 0.4.1',
verbose into /home/xcc/nodeWorkspace/pomelo-core   'socket.io@>=0.8.6',
verbose into /home/xcc/nodeWorkspace/pomelo-core   'generic-pool@>=1.0.9',
verbose into /home/xcc/nodeWorkspace/pomelo-core   'mysql@>=0.9.5',
verbose into /home/xcc/nodeWorkspace/pomelo-core   'redis@>=0.7.1',
verbose into /home/xcc/nodeWorkspace/pomelo-core   'seq-queue@>=0.0.4',
verbose into /home/xcc/nodeWorkspace/pomelo-core   'pomelo-schedule@>=0.3.1',
verbose into /home/xcc/nodeWorkspace/pomelo-core   'pomelo-monitor@>=0.1.2',
verbose into /home/xcc/nodeWorkspace/pomelo-core   'mail-box@>=0.0.2',
verbose into /home/xcc/nodeWorkspace/pomelo-core   'mail-router@>=0.0.2',
verbose into /home/xcc/nodeWorkspace/pomelo-core   'data-sync@>=0.0.3',
verbose into /home/xcc/nodeWorkspace/pomelo-core   'mime@1.2.5',
verbose into /home/xcc/nodeWorkspace/pomelo-core   'coffee-script@>=1.2.0',
verbose into /home/xcc/nodeWorkspace/pomelo-core   'debug@*',
verbose into /home/xcc/nodeWorkspace/pomelo-core   'module-loader@>=0.0.1',
verbose into /home/xcc/nodeWorkspace/pomelo-core   'local-proxy@>=0.0.1',
verbose into /home/xcc/nodeWorkspace/pomelo-core   'rpc-gateway@>=0.0.2',
verbose into /home/xcc/nodeWorkspace/pomelo-core   'async@>=0.0.1',
verbose into /home/xcc/nodeWorkspace/pomelo-core   'commander@>=0.5.2',
verbose into /home/xcc/nodeWorkspace/pomelo-core   'underscore@>=1.3.1',
verbose into /home/xcc/nodeWorkspace/pomelo-core   'should@>=0.0.1',
verbose into /home/xcc/nodeWorkspace/pomelo-core   'mocha@>=0.0.1',
verbose into /home/xcc/nodeWorkspace/pomelo-core   'socket.io-client@>=0.8.7',
verbose into /home/xcc/nodeWorkspace/pomelo-core   'flow@>=0.2.2' ]
verbose from cache /home/xcc/nodeWorkspace/pomelo-core/node_modules/redis/package.json
verbose from cache /home/xcc/nodeWorkspace/pomelo-core/node_modules/pomelo-schedule/package.json
verbose from cache /home/xcc/nodeWorkspace/pomelo-core/node_modules/async/package.json
verbose from cache /home/xcc/nodeWorkspace/pomelo-core/node_modules/dnode/package.json
verbose from cache /home/xcc/nodeWorkspace/pomelo-core/node_modules/rpc-gateway/package.json
verbose from cache /home/xcc/nodeWorkspace/pomelo-core/node_modules/procstreams/package.json
verbose from cache /home/xcc/nodeWorkspace/pomelo-core/node_modules/connect/package.json
verbose from cache /home/xcc/nodeWorkspace/pomelo-core/node_modules/express/package.json
verbose from cache /home/xcc/nodeWorkspace/pomelo-core/node_modules/mime/package.json
verbose from cache /home/xcc/nodeWorkspace/pomelo-core/node_modules/data-sync/package.json
verbose from cache /home/xcc/nodeWorkspace/pomelo-core/node_modules/mocha/package.json
verbose from cache /home/xcc/nodeWorkspace/pomelo-core/node_modules/seq-queue/package.json
verbose from cache /home/xcc/nodeWorkspace/pomelo-core/node_modules/socket.io-client/package.json
verbose from cache /home/xcc/nodeWorkspace/pomelo-core/node_modules/coffee-script/package.json
verbose from cache /home/xcc/nodeWorkspace/pomelo-core/node_modules/mail-router/package.json
verbose from cache /home/xcc/nodeWorkspace/pomelo-core/node_modules/socket.io/package.json
verbose from cache /home/xcc/nodeWorkspace/pomelo-core/node_modules/module-loader/package.json
verbose from cache /home/xcc/nodeWorkspace/pomelo-core/node_modules/flow/package.json
verbose from cache /home/xcc/nodeWorkspace/pomelo-core/node_modules/log4js/package.json
verbose from cache /home/xcc/nodeWorkspace/pomelo-core/node_modules/local-proxy/package.json
verbose from cache /home/xcc/nodeWorkspace/pomelo-core/node_modules/generic-pool/package.json
verbose from cache /home/xcc/nodeWorkspace/pomelo-core/node_modules/underscore/package.json
verbose from cache /home/xcc/nodeWorkspace/pomelo-core/node_modules/commander/package.json
verbose from cache /home/xcc/nodeWorkspace/pomelo-core/node_modules/should/package.json
verbose from cache /home/xcc/nodeWorkspace/pomelo-core/node_modules/jade/package.json
verbose from cache /home/xcc/nodeWorkspace/pomelo-core/node_modules/mail-box/package.json
verbose from cache /home/xcc/nodeWorkspace/pomelo-core/node_modules/mysql/package.json
verbose from cache /home/xcc/nodeWorkspace/pomelo-core/node_modules/debug/package.json
verbose already installed in /home/xcc/nodeWorkspace/pomelo-core skipping mail-router@>=0.0.2
verbose already installed in /home/xcc/nodeWorkspace/pomelo-core skipping data-sync@>=0.0.3
verbose already installed in /home/xcc/nodeWorkspace/pomelo-core skipping mime@1.2.5
verbose already installed in /home/xcc/nodeWorkspace/pomelo-core skipping coffee-script@>=1.2.0
verbose already installed in /home/xcc/nodeWorkspace/pomelo-core skipping debug@*
verbose already installed in /home/xcc/nodeWorkspace/pomelo-core skipping module-loader@>=0.0.1
verbose already installed in /home/xcc/nodeWorkspace/pomelo-core skipping local-proxy@>=0.0.1
verbose already installed in /home/xcc/nodeWorkspace/pomelo-core skipping rpc-gateway@>=0.0.2
verbose already installed in /home/xcc/nodeWorkspace/pomelo-core skipping async@>=0.0.1
verbose already installed in /home/xcc/nodeWorkspace/pomelo-core skipping commander@>=0.5.2
verbose already installed in /home/xcc/nodeWorkspace/pomelo-core skipping underscore@>=1.3.1
verbose already installed in /home/xcc/nodeWorkspace/pomelo-core skipping should@>=0.0.1
verbose already installed in /home/xcc/nodeWorkspace/pomelo-core skipping mocha@>=0.0.1
verbose already installed in /home/xcc/nodeWorkspace/pomelo-core skipping socket.io-client@>=0.8.7
verbose already installed in /home/xcc/nodeWorkspace/pomelo-core skipping flow@>=0.2.2
verbose already installed in /home/xcc/nodeWorkspace/pomelo-core skipping express@2.5.2
verbose already installed in /home/xcc/nodeWorkspace/pomelo-core skipping connect@>=0.0.1
verbose already installed in /home/xcc/nodeWorkspace/pomelo-core skipping jade@>= 0.0.1
verbose already installed in /home/xcc/nodeWorkspace/pomelo-core skipping log4js@>= 0.4.1
verbose already installed in /home/xcc/nodeWorkspace/pomelo-core skipping socket.io@>=0.8.6
verbose already installed in /home/xcc/nodeWorkspace/pomelo-core skipping generic-pool@>=1.0.9
verbose already installed in /home/xcc/nodeWorkspace/pomelo-core skipping mysql@>=0.9.5
verbose already installed in /home/xcc/nodeWorkspace/pomelo-core skipping redis@>=0.7.1
verbose already installed in /home/xcc/nodeWorkspace/pomelo-core skipping seq-queue@>=0.0.4
verbose already installed in /home/xcc/nodeWorkspace/pomelo-core skipping pomelo-schedule@>=0.3.1
verbose cache add pomelo-monitor@>=0.1.2
verbose cache add [ 'pomelo-monitor@>=0.1.2', null ]
silly cache add: name, spec, args [ undefined,
silly cache add: name, spec, args   'pomelo-monitor@>=0.1.2',
silly cache add: name, spec, args   [ 'pomelo-monitor@>=0.1.2', null ] ]
verbose parsed url { pathname: 'pomelo-monitor@',
verbose parsed url   path: 'pomelo-monitor@',
verbose parsed url   href: 'pomelo-monitor@' }
silly cache add: name, spec, args [ 'pomelo-monitor', '>=0.1.2', [ 'pomelo-monitor', '>=0.1.2' ] ]
verbose parsed url { pathname: '=0.1.2', path: '=0.1.2', href: '=0.1.2' }
verbose addNamed [ 'pomelo-monitor', '>=0.1.2' ]
verbose addNamed [ null, '>=0.1.2' ]
silly name, range, hasData [ 'pomelo-monitor', '>=0.1.2', false ]
verbose raw, before any munging pomelo-monitor
verbose url resolving [ 'http://doc.hz.netease.com:5984/ntsregistry/_design/app/_rewrite/',
verbose url resolving   './pomelo-monitor' ]
verbose url resolved http://doc.hz.netease.com:5984/ntsregistry/_design/app/_rewrite/pomelo-monitor
http GET http://doc.hz.netease.com:5984/ntsregistry/_design/app/_rewrite/pomelo-monitor
verbose already installed in /home/xcc/nodeWorkspace/pomelo-core skipping mail-box@>=0.0.2
silly get cb [ 304, undefined ]
ERR! Error: failed to fetch from registry: pomelo-monitor
ERR!     at /usr/local/lib/node_modules/npm/lib/utils/npm-registry-client/get.js:139:12
ERR!     at cb (/usr/local/lib/node_modules/npm/lib/utils/npm-registry-client/request.js:32:9)
ERR!     at Request._callback (/usr/local/lib/node_modules/npm/lib/utils/npm-registry-client/request.js:137:18)
ERR!     at Request.callback (/usr/local/lib/node_modules/npm/node_modules/request/main.js:104:22)
ERR!     at Request.<anonymous> (/usr/local/lib/node_modules/npm/node_modules/request/main.js:181:58)
ERR!     at Request.emit (events.js:88:20)
ERR!     at ClientRequest.<anonymous> (/usr/local/lib/node_modules/npm/node_modules/request/main.js:178:10)
ERR!     at ClientRequest.emit (events.js:67:17)
ERR!     at Socket.<anonymous> (http.js:1114:11)
ERR!     at Socket.emit (events.js:67:17)
ERR! Report this *entire* log at:
ERR!     <http://github.com/isaacs/npm/issues>
ERR! or email it to:
ERR!     <npm-@googlegroups.com>
ERR! 
ERR! System Linux 2.6.32-40-generic
ERR! command "node" "/usr/local/bin/npm" "install" "-d"
ERR! cwd /home/xcc/nodeWorkspace/pomelo-core
ERR! node -v v0.6.6
ERR! npm -v 1.1.0-beta-4
ERR! message failed to fetch from registry: pomelo-monitor
verbose exit [ 1, true ]
