*2
del
[]
[]
*2
del
"0_treasures"
"0_treasures"
*2
del
["0_t_[object Object]","0_t_[object Object]","0_t_[object Object]","0_t_[object Object]","0_t_[object Object]","0_t_[object Object]","0_t_[object Object]","0_t_[object Object]","0_t_[object Object]","0_t_[object Object]","0_t_[object Object]","0_t_[object Object]","0_t_[object Object]","0_t_[object Object]","0_t_[object Object]","0_t_[object Object]","0_t_[object Object]","0_t_[object Object]","0_t_[object Object]","0_t_[object Object]","0_t_[object Object]","0_t_[object Object]","0_t_[object Object]","0_t_[object Object]","0_t_[object Object]","0_t_[object Object]","0_t_[object Object]","0_t_[object Object]","0_t_[object Object]","0_t_[object Object]"]
["0_t_[object Object]","0_t_[object Object]","0_t_[object Object]","0_t_[object Object]","0_t_[object Object]","0_t_[object Object]","0_t_[object Object]","0_t_[object Object]","0_t_[object Object]","0_t_[object Object]","0_t_[object Object]","0_t_[object Object]","0_t_[object Object]","0_t_[object Object]","0_t_[object Object]","0_t_[object Object]","0_t_[object Object]","0_t_[object Object]","0_t_[object Object]","0_t_[object Object]","0_t_[object Object]","0_t_[object Object]","0_t_[object Object]","0_t_[object Object]","0_t_[object Object]","0_t_[object Object]","0_t_[object Object]","0_t_[object Object]","0_t_[object Object]","0_t_[object Object]"]
*2
del
"0_treasures"
"0_treasures"
*2
del
["0_t_[object Object]","0_t_[object Object]","0_t_[object Object]","0_t_[object Object]","0_t_[object Object]","0_t_[object Object]","0_t_[object Object]","0_t_[object Object]","0_t_[object Object]","0_t_[object Object]","0_t_[object Object]","0_t_[object Object]","0_t_[object Object]","0_t_[object Object]","0_t_[object Object]","0_t_[object Object]","0_t_[object Object]","0_t_[object Object]","0_t_[object Object]","0_t_[object Object]","0_t_[object Object]","0_t_[object Object]","0_t_[object Object]","0_t_[object Object]","0_t_[object Object]","0_t_[object Object]","0_t_[object Object]","0_t_[object Object]","0_t_[object Object]","0_t_[object Object]"]
["0_t_[object Object]","0_t_[object Object]","0_t_[object Object]","0_t_[object Object]","0_t_[object Object]","0_t_[object Object]","0_t_[object Object]","0_t_[object Object]","0_t_[object Object]","0_t_[object Object]","0_t_[object Object]","0_t_[object Object]","0_t_[object Object]","0_t_[object Object]","0_t_[object Object]","0_t_[object Object]","0_t_[object Object]","0_t_[object Object]","0_t_[object Object]","0_t_[object Object]","0_t_[object Object]","0_t_[object Object]","0_t_[object Object]","0_t_[object Object]","0_t_[object Object]","0_t_[object Object]","0_t_[object Object]","0_t_[object Object]","0_t_[object Object]","0_t_[object Object]"]
*2
del
"0_treasures"
"0_treasures"
*3
sadd
"0_users"
"0_users"
{uid:10274,x:100,y:100,roleId:"0011",name:"33333"}
{"uid":10274,"x":100,"y":100,"roleId":"0011","name":"33333"}
*3
sadd
"0_online_users"
"0_online_users"
{uid:10274,x:100,y:100,roleId:"0011",name:"33333"}
{"uid":10274,"x":100,"y":100,"roleId":"0011","name":"33333"}
*2
del
[]
[]
*2
del
"0_treasures"
"0_treasures"
*2
del
"0_t_65"
"0_t_65"
*2
del
"0_t_015"
"0_t_015"
*2
del
"0_t_44"
"0_t_44"
*2
del
"0_t_032"
"0_t_032"
*2
del
"0_t_036"
"0_t_036"
*2
del
"0_t_020"
"0_t_020"
*2
del
"0_t_57"
"0_t_57"
*2
del
"0_t_46"
"0_t_46"
*2
del
"0_t_022"
"0_t_022"
*2
del
"0_t_012"
"0_t_012"
*2
del
["0_t_[object Object]","0_t_[object Object]","0_t_[object Object]","0_t_[object Object]","0_t_[object Object]","0_t_[object Object]","0_t_[object Object]","0_t_[object Object]","0_t_[object Object]","0_t_[object Object]","0_t_[object Object]","0_t_[object Object]","0_t_[object Object]","0_t_[object Object]","0_t_[object Object]","0_t_[object Object]","0_t_[object Object]","0_t_[object Object]","0_t_[object Object]","0_t_[object Object]","0_t_[object Object]","0_t_[object Object]","0_t_[object Object]","0_t_[object Object]","0_t_[object Object]","0_t_[object Object]","0_t_[object Object]","0_t_[object Object]","0_t_[object Object]","0_t_[object Object]"]
["0_t_[object Object]","0_t_[object Object]","0_t_[object Object]","0_t_[object Object]","0_t_[object Object]","0_t_[object Object]","0_t_[object Object]","0_t_[object Object]","0_t_[object Object]","0_t_[object Object]","0_t_[object Object]","0_t_[object Object]","0_t_[object Object]","0_t_[object Object]","0_t_[object Object]","0_t_[object Object]","0_t_[object Object]","0_t_[object Object]","0_t_[object Object]","0_t_[object Object]","0_t_[object Object]","0_t_[object Object]","0_t_[object Object]","0_t_[object Object]","0_t_[object Object]","0_t_[object Object]","0_t_[object Object]","0_t_[object Object]","0_t_[object Object]","0_t_[object Object]"]
*2
del
"0_treasures"
"0_treasures"
*2
del
["0_t_[object Object]","0_t_[object Object]","0_t_[object Object]","0_t_[object Object]","0_t_[object Object]","0_t_[object Object]","0_t_[object Object]","0_t_[object Object]","0_t_[object Object]","0_t_[object Object]","0_t_[object Object]","0_t_[object Object]","0_t_[object Object]","0_t_[object Object]","0_t_[object Object]","0_t_[object Object]","0_t_[object Object]","0_t_[object Object]","0_t_[object Object]","0_t_[object Object]","0_t_[object Object]","0_t_[object Object]","0_t_[object Object]","0_t_[object Object]","0_t_[object Object]","0_t_[object Object]","0_t_[object Object]","0_t_[object Object]","0_t_[object Object]","0_t_[object Object]"]
["0_t_[object Object]","0_t_[object Object]","0_t_[object Object]","0_t_[object Object]","0_t_[object Object]","0_t_[object Object]","0_t_[object Object]","0_t_[object Object]","0_t_[object Object]","0_t_[object Object]","0_t_[object Object]","0_t_[object Object]","0_t_[object Object]","0_t_[object Object]","0_t_[object Object]","0_t_[object Object]","0_t_[object Object]","0_t_[object Object]","0_t_[object Object]","0_t_[object Object]","0_t_[object Object]","0_t_[object Object]","0_t_[object Object]","0_t_[object Object]","0_t_[object Object]","0_t_[object Object]","0_t_[object Object]","0_t_[object Object]","0_t_[object Object]","0_t_[object Object]"]
*2
del
"0_treasures"
"0_treasures"
*2
del
["0_t_[object Object]","0_t_[object Object]","0_t_[object Object]","0_t_[object Object]","0_t_[object Object]","0_t_[object Object]","0_t_[object Object]","0_t_[object Object]","0_t_[object Object]","0_t_[object Object]","0_t_[object Object]","0_t_[object Object]","0_t_[object Object]","0_t_[object Object]","0_t_[object Object]","0_t_[object Object]","0_t_[object Object]","0_t_[object Object]","0_t_[object Object]","0_t_[object Object]","0_t_[object Object]","0_t_[object Object]","0_t_[object Object]","0_t_[object Object]","0_t_[object Object]","0_t_[object Object]","0_t_[object Object]","0_t_[object Object]","0_t_[object Object]","0_t_[object Object]"]
["0_t_[object Object]","0_t_[object Object]","0_t_[object Object]","0_t_[object Object]","0_t_[object Object]","0_t_[object Object]","0_t_[object Object]","0_t_[object Object]","0_t_[object Object]","0_t_[object Object]","0_t_[object Object]","0_t_[object Object]","0_t_[object Object]","0_t_[object Object]","0_t_[object Object]","0_t_[object Object]","0_t_[object Object]","0_t_[object Object]","0_t_[object Object]","0_t_[object Object]","0_t_[object Object]","0_t_[object Object]","0_t_[object Object]","0_t_[object Object]","0_t_[object Object]","0_t_[object Object]","0_t_[object Object]","0_t_[object Object]","0_t_[object Object]","0_t_[object Object]"]
*2
del
"0_treasures"
"0_treasures"
*2
del
["0_t_[object Object]","0_t_[object Object]","0_t_[object Object]","0_t_[object Object]","0_t_[object Object]","0_t_[object Object]","0_t_[object Object]","0_t_[object Object]","0_t_[object Object]","0_t_[object Object]","0_t_[object Object]","0_t_[object Object]","0_t_[object Object]","0_t_[object Object]","0_t_[object Object]","0_t_[object Object]","0_t_[object Object]","0_t_[object Object]","0_t_[object Object]","0_t_[object Object]","0_t_[object Object]","0_t_[object Object]","0_t_[object Object]","0_t_[object Object]","0_t_[object Object]","0_t_[object Object]","0_t_[object Object]","0_t_[object Object]","0_t_[object Object]","0_t_[object Object]"]
["0_t_[object Object]","0_t_[object Object]","0_t_[object Object]","0_t_[object Object]","0_t_[object Object]","0_t_[object Object]","0_t_[object Object]","0_t_[object Object]","0_t_[object Object]","0_t_[object Object]","0_t_[object Object]","0_t_[object Object]","0_t_[object Object]","0_t_[object Object]","0_t_[object Object]","0_t_[object Object]","0_t_[object Object]","0_t_[object Object]","0_t_[object Object]","0_t_[object Object]","0_t_[object Object]","0_t_[object Object]","0_t_[object Object]","0_t_[object Object]","0_t_[object Object]","0_t_[object Object]","0_t_[object Object]","0_t_[object Object]","0_t_[object Object]","0_t_[object Object]"]
*2
del
"0_treasures"
"0_treasures"
*3
sadd
"0_users"
"0_users"
{uid:10274,x:100,y:100,roleId:"0011",name:"33333"}
{"uid":10274,"x":100,"y":100,"roleId":"0011","name":"33333"}
*3
sadd
"0_online_users"
"0_online_users"
{uid:10274,x:100,y:100,roleId:"0011",name:"33333"}
{"uid":10274,"x":100,"y":100,"roleId":"0011","name":"33333"}
