 connecotrServer mock start! 
 [areaServer] mock start!!! 
 [connectorServer] after start!!! 
 startwebsocket
   [36minfo  -[39m 'socket.io started'
 [areaServer] after start!!! 
all servers started 
Caught exception: TypeError: Object #<Object> has no method 'split'
    at new <anonymous> (/home/xcc/nodeWorkspace/pomelo-core/lib/meta/rpcMessage.js:4:22)
    at Object.create (/home/xcc/nodeWorkspace/pomelo-core/lib/meta/rpcMessage.js:14:12)
    at Socket.<anonymous> (/home/xcc/nodeWorkspace/pomelo-core/lib/connector/connectorServer.js:65:35)
    at Socket.$emit (events.js:67:17)
    at SocketNamespace.handlePacket (/home/xcc/nodeWorkspace/pomelo-core/node_modules/socket.io/lib/namespace.js:335:22)
    at Manager.onClientMessage (/home/xcc/nodeWorkspace/pomelo-core/node_modules/socket.io/lib/manager.js:459:38)
    at XHRPolling.onMessage (/home/xcc/nodeWorkspace/pomelo-core/node_modules/socket.io/lib/transport.js:387:20)
    at XHRPolling.onData (/home/xcc/nodeWorkspace/pomelo-core/node_modules/socket.io/lib/transports/http.js:89:10)
    at IncomingMessage.<anonymous> (/home/xcc/nodeWorkspace/pomelo-core/node_modules/socket.io/lib/transports/http.js:60:12)
    at IncomingMessage.emit (events.js:64:17)
 connecotrServer mock start! 
 [areaServer] mock start!!! 
 [connectorServer] after start!!! 
 startwebsocket
   [36minfo  -[39m 'socket.io started'
 [areaServer] after start!!! 
all servers started 
Caught exception: TypeError: Object #<Object> has no method 'doFilter'
    at Socket.<anonymous> (/home/xcc/nodeWorkspace/pomelo-core/lib/connector/connectorServer.js:67:18)
    at Socket.$emit (events.js:67:17)
    at SocketNamespace.handlePacket (/home/xcc/nodeWorkspace/pomelo-core/node_modules/socket.io/lib/namespace.js:335:22)
    at Manager.onClientMessage (/home/xcc/nodeWorkspace/pomelo-core/node_modules/socket.io/lib/manager.js:459:38)
    at XHRPolling.onMessage (/home/xcc/nodeWorkspace/pomelo-core/node_modules/socket.io/lib/transport.js:387:20)
    at XHRPolling.onData (/home/xcc/nodeWorkspace/pomelo-core/node_modules/socket.io/lib/transports/http.js:89:10)
    at IncomingMessage.<anonymous> (/home/xcc/nodeWorkspace/pomelo-core/node_modules/socket.io/lib/transports/http.js:60:12)
    at IncomingMessage.emit (events.js:64:17)
    at HTTPParser.onMessageComplete (http.js:137:23)
    at Socket.ondata (http.js:1374:22)
 connecotrServer mock start! 
 [areaServer] mock start!!! 
 [connectorServer] after start!!! 
 startwebsocket
   [36minfo  -[39m 'socket.io started'
 [areaServer] after start!!! 
all servers started 
Caught exception: ReferenceError: doFilterInternal is not defined
    at Object.doFilter (/home/xcc/nodeWorkspace/pomelo-core/lib/filterManager.js:13:2)
    at Socket.<anonymous> (/home/xcc/nodeWorkspace/pomelo-core/lib/connector/connectorServer.js:67:18)
    at Socket.$emit (events.js:67:17)
    at SocketNamespace.handlePacket (/home/xcc/nodeWorkspace/pomelo-core/node_modules/socket.io/lib/namespace.js:335:22)
    at Manager.onClientMessage (/home/xcc/nodeWorkspace/pomelo-core/node_modules/socket.io/lib/manager.js:459:38)
    at XHRPolling.onMessage (/home/xcc/nodeWorkspace/pomelo-core/node_modules/socket.io/lib/transport.js:387:20)
    at XHRPolling.onData (/home/xcc/nodeWorkspace/pomelo-core/node_modules/socket.io/lib/transports/http.js:89:10)
    at IncomingMessage.<anonymous> (/home/xcc/nodeWorkspace/pomelo-core/node_modules/socket.io/lib/transports/http.js:60:12)
    at IncomingMessage.emit (events.js:64:17)
    at HTTPParser.onMessageComplete (http.js:137:23)
 connecotrServer mock start! 
 [areaServer] mock start!!! 
 [connectorServer] after start!!! 
 startwebsocket
   [36minfo  -[39m 'socket.io started'
 [areaServer] after start!!! 
all servers started 
Caught exception: ReferenceError: utils is not defined
    at /home/xcc/nodeWorkspace/pomelo-core/lib/filterManager.js:18:3
    at Object.doFilter (/home/xcc/nodeWorkspace/pomelo-core/lib/filterManager.js:13:2)
    at Socket.<anonymous> (/home/xcc/nodeWorkspace/pomelo-core/lib/connector/connectorServer.js:67:18)
    at Socket.$emit (events.js:67:17)
    at SocketNamespace.handlePacket (/home/xcc/nodeWorkspace/pomelo-core/node_modules/socket.io/lib/namespace.js:335:22)
    at Manager.onClientMessage (/home/xcc/nodeWorkspace/pomelo-core/node_modules/socket.io/lib/manager.js:459:38)
    at XHRPolling.onMessage (/home/xcc/nodeWorkspace/pomelo-core/node_modules/socket.io/lib/transport.js:387:20)
    at XHRPolling.onData (/home/xcc/nodeWorkspace/pomelo-core/node_modules/socket.io/lib/transports/http.js:89:10)
    at IncomingMessage.<anonymous> (/home/xcc/nodeWorkspace/pomelo-core/node_modules/socket.io/lib/transports/http.js:60:12)
    at IncomingMessage.emit (events.js:64:17)
 connecotrServer mock start! 
 [areaServer] mock start!!! 
 [connectorServer] after start!!! 
 startwebsocket
   [36minfo  -[39m 'socket.io started'
 [areaServer] after start!!! 
all servers started 
Caught exception: TypeError: Cannot read property 'session' of undefined
    at /home/xcc/nodeWorkspace/pomelo-core/lib/connector/connectorServer.js:74:23
    at Object.invokeCallback (/home/xcc/nodeWorkspace/pomelo-core/lib/util/utils.js:13:6)
    at /home/xcc/nodeWorkspace/pomelo-core/lib/filterManager.js:20:9
    at Object.doFilter (/home/xcc/nodeWorkspace/pomelo-core/lib/filterManager.js:15:2)
    at Socket.<anonymous> (/home/xcc/nodeWorkspace/pomelo-core/lib/connector/connectorServer.js:67:18)
    at Socket.$emit (events.js:67:17)
    at SocketNamespace.handlePacket (/home/xcc/nodeWorkspace/pomelo-core/node_modules/socket.io/lib/namespace.js:335:22)
    at Manager.onClientMessage (/home/xcc/nodeWorkspace/pomelo-core/node_modules/socket.io/lib/manager.js:459:38)
    at XHRPolling.onMessage (/home/xcc/nodeWorkspace/pomelo-core/node_modules/socket.io/lib/transport.js:387:20)
    at XHRPolling.onData (/home/xcc/nodeWorkspace/pomelo-core/node_modules/socket.io/lib/transports/http.js:89:10)
 connecotrServer mock start! 
 [areaServer] mock start!!! 
 [connectorServer] after start!!! 
 startwebsocket
   [36minfo  -[39m 'socket.io started'
 [areaServer] after start!!! 
all servers started 
Caught exception: TypeError: Cannot read property 'session' of undefined
    at /home/xcc/nodeWorkspace/pomelo-core/lib/connector/connectorServer.js:74:23
    at Object.invokeCallback (/home/xcc/nodeWorkspace/pomelo-core/lib/util/utils.js:13:6)
    at /home/xcc/nodeWorkspace/pomelo-core/lib/filterManager.js:20:9
    at Object.doFilter (/home/xcc/nodeWorkspace/pomelo-core/lib/filterManager.js:15:2)
    at Socket.<anonymous> (/home/xcc/nodeWorkspace/pomelo-core/lib/connector/connectorServer.js:67:18)
    at Socket.$emit (events.js:67:17)
    at SocketNamespace.handlePacket (/home/xcc/nodeWorkspace/pomelo-core/node_modules/socket.io/lib/namespace.js:335:22)
    at Manager.onClientMessage (/home/xcc/nodeWorkspace/pomelo-core/node_modules/socket.io/lib/manager.js:459:38)
    at XHRPolling.onMessage (/home/xcc/nodeWorkspace/pomelo-core/node_modules/socket.io/lib/transport.js:387:20)
    at XHRPolling.onData (/home/xcc/nodeWorkspace/pomelo-core/node_modules/socket.io/lib/transports/http.js:89:10)
 connecotrServer mock start! 
 [areaServer] mock start!!! 
 [connectorServer] after start!!! 
 startwebsocket
   [36minfo  -[39m 'socket.io started'
 [areaServer] after start!!! 
all servers started 
Caught exception: TypeError: Cannot read property 'serverType' of undefined
    at Object.forwardMessage (/home/xcc/nodeWorkspace/pomelo-core/lib/serverRouter.js:11:43)
    at /home/xcc/nodeWorkspace/pomelo-core/lib/connector/connectorServer.js:74:15
    at Object.invokeCallback (/home/xcc/nodeWorkspace/pomelo-core/lib/util/utils.js:13:6)
    at /home/xcc/nodeWorkspace/pomelo-core/lib/filterManager.js:20:9
    at Object.doFilter (/home/xcc/nodeWorkspace/pomelo-core/lib/filterManager.js:15:2)
    at Socket.<anonymous> (/home/xcc/nodeWorkspace/pomelo-core/lib/connector/connectorServer.js:67:18)
    at Socket.$emit (events.js:67:17)
    at SocketNamespace.handlePacket (/home/xcc/nodeWorkspace/pomelo-core/node_modules/socket.io/lib/namespace.js:335:22)
    at Manager.onClientMessage (/home/xcc/nodeWorkspace/pomelo-core/node_modules/socket.io/lib/manager.js:459:38)
    at XHRPolling.onMessage (/home/xcc/nodeWorkspace/pomelo-core/node_modules/socket.io/lib/transport.js:387:20)
 connecotrServer mock start! 
 [areaServer] mock start!!! 
 [connectorServer] after start!!! 
 startwebsocket
   [36minfo  -[39m 'socket.io started'
 [areaServer] after start!!! 
all servers started 
Caught exception: ReferenceError: serverType is not defined
    at new <anonymous> (/home/xcc/nodeWorkspace/pomelo-core/lib/meta/rpcMessage.js:8:55)
    at Object.create (/home/xcc/nodeWorkspace/pomelo-core/lib/meta/rpcMessage.js:15:12)
    at Socket.<anonymous> (/home/xcc/nodeWorkspace/pomelo-core/lib/connector/connectorServer.js:65:35)
    at Socket.$emit (events.js:67:17)
    at SocketNamespace.handlePacket (/home/xcc/nodeWorkspace/pomelo-core/node_modules/socket.io/lib/namespace.js:335:22)
    at Manager.onClientMessage (/home/xcc/nodeWorkspace/pomelo-core/node_modules/socket.io/lib/manager.js:459:38)
    at XHRPolling.onMessage (/home/xcc/nodeWorkspace/pomelo-core/node_modules/socket.io/lib/transport.js:387:20)
    at XHRPolling.onData (/home/xcc/nodeWorkspace/pomelo-core/node_modules/socket.io/lib/transports/http.js:89:10)
    at IncomingMessage.<anonymous> (/home/xcc/nodeWorkspace/pomelo-core/node_modules/socket.io/lib/transports/http.js:60:12)
    at IncomingMessage.emit (events.js:64:17)
 connecotrServer mock start! 
 [areaServer] mock start!!! 
 [connectorServer] after start!!! 
 startwebsocket
   [36minfo  -[39m 'socket.io started'
 [areaServer] after start!!! 
all servers started 
[RpcMessage] get message [object Object]
Caught exception: ReferenceError: serverType is not defined
    at new <anonymous> (/home/xcc/nodeWorkspace/pomelo-core/lib/meta/rpcMessage.js:9:55)
    at Object.create (/home/xcc/nodeWorkspace/pomelo-core/lib/meta/rpcMessage.js:16:12)
    at Socket.<anonymous> (/home/xcc/nodeWorkspace/pomelo-core/lib/connector/connectorServer.js:65:35)
    at Socket.$emit (events.js:67:17)
    at SocketNamespace.handlePacket (/home/xcc/nodeWorkspace/pomelo-core/node_modules/socket.io/lib/namespace.js:335:22)
    at Manager.onClientMessage (/home/xcc/nodeWorkspace/pomelo-core/node_modules/socket.io/lib/manager.js:459:38)
    at XHRPolling.onMessage (/home/xcc/nodeWorkspace/pomelo-core/node_modules/socket.io/lib/transport.js:387:20)
    at XHRPolling.onData (/home/xcc/nodeWorkspace/pomelo-core/node_modules/socket.io/lib/transports/http.js:89:10)
    at IncomingMessage.<anonymous> (/home/xcc/nodeWorkspace/pomelo-core/node_modules/socket.io/lib/transports/http.js:60:12)
    at IncomingMessage.emit (events.js:64:17)
 connecotrServer mock start! 
 [areaServer] mock start!!! 
 [connectorServer] after start!!! 
 startwebsocket
   [36minfo  -[39m 'socket.io started'
 [areaServer] after start!!! 
all servers started 
[RpcMessage] get message area.fightHandler.kick
Caught exception: ReferenceError: serverType is not defined
    at new <anonymous> (/home/xcc/nodeWorkspace/pomelo-core/lib/meta/rpcMessage.js:8:55)
    at Object.create (/home/xcc/nodeWorkspace/pomelo-core/lib/meta/rpcMessage.js:15:12)
    at Socket.<anonymous> (/home/xcc/nodeWorkspace/pomelo-core/lib/connector/connectorServer.js:65:35)
    at Socket.$emit (events.js:67:17)
    at SocketNamespace.handlePacket (/home/xcc/nodeWorkspace/pomelo-core/node_modules/socket.io/lib/namespace.js:335:22)
    at Manager.onClientMessage (/home/xcc/nodeWorkspace/pomelo-core/node_modules/socket.io/lib/manager.js:459:38)
    at XHRPolling.onMessage (/home/xcc/nodeWorkspace/pomelo-core/node_modules/socket.io/lib/transport.js:387:20)
    at XHRPolling.onData (/home/xcc/nodeWorkspace/pomelo-core/node_modules/socket.io/lib/transports/http.js:89:10)
    at IncomingMessage.<anonymous> (/home/xcc/nodeWorkspace/pomelo-core/node_modules/socket.io/lib/transports/http.js:60:12)
    at IncomingMessage.emit (events.js:64:17)
 connecotrServer mock start! 
 [areaServer] mock start!!! 
 [connectorServer] after start!!! 
 startwebsocket
   [36minfo  -[39m 'socket.io started'
 [areaServer] after start!!! 
all servers started 
[RpcMessage] get message area.fightHandler.kick
Caught exception: ReferenceError: serverType is not defined
    at new <anonymous> (/home/xcc/nodeWorkspace/pomelo-core/lib/meta/rpcMessage.js:8:55)
    at Object.create (/home/xcc/nodeWorkspace/pomelo-core/lib/meta/rpcMessage.js:15:12)
    at Socket.<anonymous> (/home/xcc/nodeWorkspace/pomelo-core/lib/connector/connectorServer.js:65:35)
    at Socket.$emit (events.js:67:17)
    at SocketNamespace.handlePacket (/home/xcc/nodeWorkspace/pomelo-core/node_modules/socket.io/lib/namespace.js:335:22)
    at Manager.onClientMessage (/home/xcc/nodeWorkspace/pomelo-core/node_modules/socket.io/lib/manager.js:459:38)
    at XHRPolling.onMessage (/home/xcc/nodeWorkspace/pomelo-core/node_modules/socket.io/lib/transport.js:387:20)
    at XHRPolling.onData (/home/xcc/nodeWorkspace/pomelo-core/node_modules/socket.io/lib/transports/http.js:89:10)
    at IncomingMessage.<anonymous> (/home/xcc/nodeWorkspace/pomelo-core/node_modules/socket.io/lib/transports/http.js:60:12)
    at IncomingMessage.emit (events.js:64:17)
 connecotrServer mock start! 
 [areaServer] mock start!!! 
 [connectorServer] after start!!! 
 startwebsocket
   [36minfo  -[39m 'socket.io started'
 [areaServer] after start!!! 
all servers started 
[RpcMessage] get message area.fightHandler.kick
Caught exception: ReferenceError: serverType is not defined
    at new <anonymous> (/home/xcc/nodeWorkspace/pomelo-core/lib/meta/rpcMessage.js:8:55)
    at Object.create (/home/xcc/nodeWorkspace/pomelo-core/lib/meta/rpcMessage.js:15:12)
    at Socket.<anonymous> (/home/xcc/nodeWorkspace/pomelo-core/lib/connector/connectorServer.js:65:35)
    at Socket.$emit (events.js:67:17)
    at SocketNamespace.handlePacket (/home/xcc/nodeWorkspace/pomelo-core/node_modules/socket.io/lib/namespace.js:335:22)
    at Manager.onClientMessage (/home/xcc/nodeWorkspace/pomelo-core/node_modules/socket.io/lib/manager.js:459:38)
    at XHRPolling.onMessage (/home/xcc/nodeWorkspace/pomelo-core/node_modules/socket.io/lib/transport.js:387:20)
    at XHRPolling.onData (/home/xcc/nodeWorkspace/pomelo-core/node_modules/socket.io/lib/transports/http.js:89:10)
    at IncomingMessage.<anonymous> (/home/xcc/nodeWorkspace/pomelo-core/node_modules/socket.io/lib/transports/http.js:60:12)
    at IncomingMessage.emit (events.js:64:17)
 connecotrServer mock start! 
 [areaServer] mock start!!! 
 [connectorServer] after start!!! 
 startwebsocket
   [36minfo  -[39m 'socket.io started'
 [areaServer] after start!!! 
all servers started 
[RpcMessage] get message area.fightHandler.kick
[RpcMessage] message serverType: area handler fightHandler method kick
Caught exception: TypeError: Cannot read property 'serverType' of undefined
    at Object.forwardMessage (/home/xcc/nodeWorkspace/pomelo-core/lib/serverRouter.js:11:43)
    at /home/xcc/nodeWorkspace/pomelo-core/lib/connector/connectorServer.js:74:15
    at Object.invokeCallback (/home/xcc/nodeWorkspace/pomelo-core/lib/util/utils.js:13:6)
    at /home/xcc/nodeWorkspace/pomelo-core/lib/filterManager.js:20:9
    at Object.doFilter (/home/xcc/nodeWorkspace/pomelo-core/lib/filterManager.js:15:2)
    at Socket.<anonymous> (/home/xcc/nodeWorkspace/pomelo-core/lib/connector/connectorServer.js:67:18)
    at Socket.$emit (events.js:67:17)
    at SocketNamespace.handlePacket (/home/xcc/nodeWorkspace/pomelo-core/node_modules/socket.io/lib/namespace.js:335:22)
    at Manager.onClientMessage (/home/xcc/nodeWorkspace/pomelo-core/node_modules/socket.io/lib/manager.js:459:38)
    at XHRPolling.onMessage (/home/xcc/nodeWorkspace/pomelo-core/node_modules/socket.io/lib/transport.js:387:20)
 connecotrServer mock start! 
 [areaServer] mock start!!! 
 [connectorServer] after start!!! 
 startwebsocket
   [36minfo  -[39m 'socket.io started'
 [areaServer] after start!!! 
all servers started 
[RpcMessage] get message area.fightHandler.kick
[RpcMessage] message serverType: area handler fightHandler method kick
[serverRouter] msg undefined
Caught exception: TypeError: Cannot read property 'serverType' of undefined
    at Object.forwardMessage (/home/xcc/nodeWorkspace/pomelo-core/lib/serverRouter.js:12:43)
    at /home/xcc/nodeWorkspace/pomelo-core/lib/connector/connectorServer.js:74:15
    at Object.invokeCallback (/home/xcc/nodeWorkspace/pomelo-core/lib/util/utils.js:13:6)
    at /home/xcc/nodeWorkspace/pomelo-core/lib/filterManager.js:20:9
    at Object.doFilter (/home/xcc/nodeWorkspace/pomelo-core/lib/filterManager.js:15:2)
    at Socket.<anonymous> (/home/xcc/nodeWorkspace/pomelo-core/lib/connector/connectorServer.js:67:18)
    at Socket.$emit (events.js:67:17)
    at SocketNamespace.handlePacket (/home/xcc/nodeWorkspace/pomelo-core/node_modules/socket.io/lib/namespace.js:335:22)
    at Manager.onClientMessage (/home/xcc/nodeWorkspace/pomelo-core/node_modules/socket.io/lib/manager.js:459:38)
    at XHRPolling.onMessage (/home/xcc/nodeWorkspace/pomelo-core/node_modules/socket.io/lib/transport.js:387:20)
 connecotrServer mock start! 
 [areaServer] mock start!!! 
 [connectorServer] after start!!! 
 startwebsocket
   [36minfo  -[39m 'socket.io started'
 [areaServer] after start!!! 
all servers started 
[RpcMessage] get message area.fightHandler.kick
[RpcMessage] message serverType: area handler fightHandler method kick
Caught exception: TypeError: Converting circular structure to JSON
    at Object.stringify (native)
    at Object.forwardMessage (/home/xcc/nodeWorkspace/pomelo-core/lib/serverRouter.js:11:45)
    at /home/xcc/nodeWorkspace/pomelo-core/lib/connector/connectorServer.js:74:15
    at Object.invokeCallback (/home/xcc/nodeWorkspace/pomelo-core/lib/util/utils.js:13:6)
    at /home/xcc/nodeWorkspace/pomelo-core/lib/filterManager.js:20:9
    at Object.doFilter (/home/xcc/nodeWorkspace/pomelo-core/lib/filterManager.js:15:2)
    at Socket.<anonymous> (/home/xcc/nodeWorkspace/pomelo-core/lib/connector/connectorServer.js:67:18)
    at Socket.$emit (events.js:67:17)
    at SocketNamespace.handlePacket (/home/xcc/nodeWorkspace/pomelo-core/node_modules/socket.io/lib/namespace.js:335:22)
    at Manager.onClientMessage (/home/xcc/nodeWorkspace/pomelo-core/node_modules/socket.io/lib/manager.js:459:38)
 connecotrServer mock start! 
 [areaServer] mock start!!! 
 [connectorServer] after start!!! 
 startwebsocket
   [36minfo  -[39m 'socket.io started'
 [areaServer] after start!!! 
all servers started 
[RpcMessage] get message area.fightHandler.kick
[RpcMessage] message serverType: area handler fightHandler method kick
Caught exception: TypeError: Cannot read property 'undefined' of undefined
    at Object.getServerId (/home/xcc/nodeWorkspace/pomelo-core/lib/context.js:39:39)
    at Object.forwardMessage (/home/xcc/nodeWorkspace/pomelo-core/lib/serverRouter.js:12:28)
    at /home/xcc/nodeWorkspace/pomelo-core/lib/connector/connectorServer.js:74:15
    at Object.invokeCallback (/home/xcc/nodeWorkspace/pomelo-core/lib/util/utils.js:13:6)
    at /home/xcc/nodeWorkspace/pomelo-core/lib/filterManager.js:20:9
    at Object.doFilter (/home/xcc/nodeWorkspace/pomelo-core/lib/filterManager.js:15:2)
    at Socket.<anonymous> (/home/xcc/nodeWorkspace/pomelo-core/lib/connector/connectorServer.js:67:18)
    at Socket.$emit (events.js:67:17)
    at SocketNamespace.handlePacket (/home/xcc/nodeWorkspace/pomelo-core/node_modules/socket.io/lib/namespace.js:335:22)
    at Manager.onClientMessage (/home/xcc/nodeWorkspace/pomelo-core/node_modules/socket.io/lib/manager.js:459:38)
 connecotrServer mock start! 
 [areaServer] mock start!!! 
 [connectorServer] after start!!! 
 startwebsocket
   [36minfo  -[39m 'socket.io started'
 [areaServer] after start!!! 
all servers started 
[RpcMessage] get message area.fightHandler.kick
[RpcMessage] message serverType: area handler fightHandler method kick
Caught exception: TypeError: Cannot read property 'length' of undefined
    at Object.getServerId (/home/xcc/nodeWorkspace/pomelo-core/lib/context.js:40:28)
    at Object.forwardMessage (/home/xcc/nodeWorkspace/pomelo-core/lib/serverRouter.js:12:28)
    at /home/xcc/nodeWorkspace/pomelo-core/lib/connector/connectorServer.js:74:15
    at Object.invokeCallback (/home/xcc/nodeWorkspace/pomelo-core/lib/util/utils.js:13:6)
    at /home/xcc/nodeWorkspace/pomelo-core/lib/filterManager.js:20:9
    at Object.doFilter (/home/xcc/nodeWorkspace/pomelo-core/lib/filterManager.js:15:2)
    at Socket.<anonymous> (/home/xcc/nodeWorkspace/pomelo-core/lib/connector/connectorServer.js:67:18)
    at Socket.$emit (events.js:67:17)
    at SocketNamespace.handlePacket (/home/xcc/nodeWorkspace/pomelo-core/node_modules/socket.io/lib/namespace.js:335:22)
    at Manager.onClientMessage (/home/xcc/nodeWorkspace/pomelo-core/node_modules/socket.io/lib/manager.js:459:38)
 connecotrServer mock start! 
 [areaServer] mock start!!! 
 [connectorServer] after start!!! 
 startwebsocket
   [36minfo  -[39m 'socket.io started'
 [areaServer] after start!!! 
all servers started 
[RpcMessage] get message area.fightHandler.kick
[RpcMessage] message serverType: area handler fightHandler method kick
Caught exception: TypeError: Cannot read property 'size' of undefined
    at Object.getServerId (/home/xcc/nodeWorkspace/pomelo-core/lib/context.js:40:28)
    at Object.forwardMessage (/home/xcc/nodeWorkspace/pomelo-core/lib/serverRouter.js:12:28)
    at /home/xcc/nodeWorkspace/pomelo-core/lib/connector/connectorServer.js:74:15
    at Object.invokeCallback (/home/xcc/nodeWorkspace/pomelo-core/lib/util/utils.js:13:6)
    at /home/xcc/nodeWorkspace/pomelo-core/lib/filterManager.js:20:9
    at Object.doFilter (/home/xcc/nodeWorkspace/pomelo-core/lib/filterManager.js:15:2)
    at Socket.<anonymous> (/home/xcc/nodeWorkspace/pomelo-core/lib/connector/connectorServer.js:67:18)
    at Socket.$emit (events.js:67:17)
    at SocketNamespace.handlePacket (/home/xcc/nodeWorkspace/pomelo-core/node_modules/socket.io/lib/namespace.js:335:22)
    at Manager.onClientMessage (/home/xcc/nodeWorkspace/pomelo-core/node_modules/socket.io/lib/manager.js:459:38)
[RpcMessage] get message area.fightHandler.kick
[RpcMessage] message serverType: area handler fightHandler method kick
Caught exception: TypeError: Cannot read property 'size' of undefined
    at Object.getServerId (/home/xcc/nodeWorkspace/pomelo-core/lib/context.js:40:28)
    at Object.forwardMessage (/home/xcc/nodeWorkspace/pomelo-core/lib/serverRouter.js:12:28)
    at /home/xcc/nodeWorkspace/pomelo-core/lib/connector/connectorServer.js:74:15
    at Object.invokeCallback (/home/xcc/nodeWorkspace/pomelo-core/lib/util/utils.js:13:6)
    at /home/xcc/nodeWorkspace/pomelo-core/lib/filterManager.js:20:9
    at Object.doFilter (/home/xcc/nodeWorkspace/pomelo-core/lib/filterManager.js:15:2)
    at Socket.<anonymous> (/home/xcc/nodeWorkspace/pomelo-core/lib/connector/connectorServer.js:67:18)
    at Socket.$emit (events.js:67:17)
    at SocketNamespace.handlePacket (/home/xcc/nodeWorkspace/pomelo-core/node_modules/socket.io/lib/namespace.js:335:22)
    at Manager.onClientMessage (/home/xcc/nodeWorkspace/pomelo-core/node_modules/socket.io/lib/manager.js:459:38)
 connecotrServer mock start! 
 [areaServer] mock start!!! 
 [connectorServer] after start!!! 
 startwebsocket
   [36minfo  -[39m 'socket.io started'
 [areaServer] after start!!! 
all servers started 
[RpcMessage] get message area.fightHandler.kick
[RpcMessage] message serverType: area handler fightHandler method kick
Caught exception: TypeError: Cannot call method 'size' of undefined
    at Object.getServerId (/home/xcc/nodeWorkspace/pomelo-core/lib/context.js:40:29)
    at Object.forwardMessage (/home/xcc/nodeWorkspace/pomelo-core/lib/serverRouter.js:12:28)
    at /home/xcc/nodeWorkspace/pomelo-core/lib/connector/connectorServer.js:74:15
    at Object.invokeCallback (/home/xcc/nodeWorkspace/pomelo-core/lib/util/utils.js:13:6)
    at /home/xcc/nodeWorkspace/pomelo-core/lib/filterManager.js:20:9
    at Object.doFilter (/home/xcc/nodeWorkspace/pomelo-core/lib/filterManager.js:15:2)
    at Socket.<anonymous> (/home/xcc/nodeWorkspace/pomelo-core/lib/connector/connectorServer.js:67:18)
    at Socket.$emit (events.js:67:17)
    at SocketNamespace.handlePacket (/home/xcc/nodeWorkspace/pomelo-core/node_modules/socket.io/lib/namespace.js:335:22)
    at Manager.onClientMessage (/home/xcc/nodeWorkspace/pomelo-core/node_modules/socket.io/lib/manager.js:459:38)
 connecotrServer mock start! 
 [areaServer] mock start!!! 
 [connectorServer] after start!!! 
 startwebsocket
   [36minfo  -[39m 'socket.io started'
 [areaServer] after start!!! 
all servers started 
[RpcMessage] get message area.fightHandler.kick
[RpcMessage] message serverType: area handler fightHandler method kick
Caught exception: TypeError: Cannot call method 'length' of undefined
    at Object.getServerId (/home/xcc/nodeWorkspace/pomelo-core/lib/context.js:40:29)
    at Object.forwardMessage (/home/xcc/nodeWorkspace/pomelo-core/lib/serverRouter.js:12:28)
    at /home/xcc/nodeWorkspace/pomelo-core/lib/connector/connectorServer.js:74:15
    at Object.invokeCallback (/home/xcc/nodeWorkspace/pomelo-core/lib/util/utils.js:13:6)
    at /home/xcc/nodeWorkspace/pomelo-core/lib/filterManager.js:20:9
    at Object.doFilter (/home/xcc/nodeWorkspace/pomelo-core/lib/filterManager.js:15:2)
    at Socket.<anonymous> (/home/xcc/nodeWorkspace/pomelo-core/lib/connector/connectorServer.js:67:18)
    at Socket.$emit (events.js:67:17)
    at SocketNamespace.handlePacket (/home/xcc/nodeWorkspace/pomelo-core/node_modules/socket.io/lib/namespace.js:335:22)
    at Manager.onClientMessage (/home/xcc/nodeWorkspace/pomelo-core/node_modules/socket.io/lib/manager.js:459:38)
 connecotrServer mock start! 
 [areaServer] mock start!!! 
 [connectorServer] after start!!! 
 startwebsocket
   [36minfo  -[39m 'socket.io started'
 [areaServer] after start!!! 
all servers started 
[RpcMessage] get message area.fightHandler.kick
[RpcMessage] message serverType: area handler fightHandler method kick
Caught exception: TypeError: Cannot call method 'length' of undefined
    at Object.getServerId (/home/xcc/nodeWorkspace/pomelo-core/lib/context.js:40:29)
    at Object.forwardMessage (/home/xcc/nodeWorkspace/pomelo-core/lib/serverRouter.js:12:28)
    at /home/xcc/nodeWorkspace/pomelo-core/lib/connector/connectorServer.js:74:15
    at Object.invokeCallback (/home/xcc/nodeWorkspace/pomelo-core/lib/util/utils.js:13:6)
    at /home/xcc/nodeWorkspace/pomelo-core/lib/filterManager.js:20:9
    at Object.doFilter (/home/xcc/nodeWorkspace/pomelo-core/lib/filterManager.js:15:2)
    at Socket.<anonymous> (/home/xcc/nodeWorkspace/pomelo-core/lib/connector/connectorServer.js:67:18)
    at Socket.$emit (events.js:67:17)
    at SocketNamespace.handlePacket (/home/xcc/nodeWorkspace/pomelo-core/node_modules/socket.io/lib/namespace.js:335:22)
    at Manager.onClientMessage (/home/xcc/nodeWorkspace/pomelo-core/node_modules/socket.io/lib/manager.js:459:38)
 connecotrServer mock start! 
 [areaServer] mock start!!! 
 [connectorServer] after start!!! 
 startwebsocket
   [36minfo  -[39m 'socket.io started'
 [areaServer] after start!!! 
all servers started 
[RpcMessage] get message area.fightHandler.kick
[RpcMessage] message serverType: area handler fightHandler method kick
 getServerId serverType: undefined
Caught exception: TypeError: Cannot call method 'length' of undefined
    at Object.getServerId (/home/xcc/nodeWorkspace/pomelo-core/lib/context.js:41:29)
    at Object.forwardMessage (/home/xcc/nodeWorkspace/pomelo-core/lib/serverRouter.js:12:28)
    at /home/xcc/nodeWorkspace/pomelo-core/lib/connector/connectorServer.js:74:15
    at Object.invokeCallback (/home/xcc/nodeWorkspace/pomelo-core/lib/util/utils.js:13:6)
    at /home/xcc/nodeWorkspace/pomelo-core/lib/filterManager.js:20:9
    at Object.doFilter (/home/xcc/nodeWorkspace/pomelo-core/lib/filterManager.js:15:2)
    at Socket.<anonymous> (/home/xcc/nodeWorkspace/pomelo-core/lib/connector/connectorServer.js:67:18)
    at Socket.$emit (events.js:67:17)
    at SocketNamespace.handlePacket (/home/xcc/nodeWorkspace/pomelo-core/node_modules/socket.io/lib/namespace.js:335:22)
    at Manager.onClientMessage (/home/xcc/nodeWorkspace/pomelo-core/node_modules/socket.io/lib/manager.js:459:38)
 connecotrServer mock start! 
 [areaServer] mock start!!! 
 [connectorServer] after start!!! 
 startwebsocket
   [36minfo  -[39m 'socket.io started'
 [areaServer] after start!!! 
all servers started 
[RpcMessage] get message area.fightHandler.kick
[RpcMessage] message serverType: area handler fightHandler method kick
 getServerId serverType: area
Caught exception: TypeError: Property 'length' of object [object Object] is not a function
    at Object.getServerId (/home/xcc/nodeWorkspace/pomelo-core/lib/context.js:41:29)
    at Object.forwardMessage (/home/xcc/nodeWorkspace/pomelo-core/lib/serverRouter.js:12:28)
    at /home/xcc/nodeWorkspace/pomelo-core/lib/connector/connectorServer.js:75:15
    at Object.invokeCallback (/home/xcc/nodeWorkspace/pomelo-core/lib/util/utils.js:13:6)
    at /home/xcc/nodeWorkspace/pomelo-core/lib/filterManager.js:20:9
    at Object.doFilter (/home/xcc/nodeWorkspace/pomelo-core/lib/filterManager.js:15:2)
    at Socket.<anonymous> (/home/xcc/nodeWorkspace/pomelo-core/lib/connector/connectorServer.js:67:18)
    at Socket.$emit (events.js:67:17)
    at SocketNamespace.handlePacket (/home/xcc/nodeWorkspace/pomelo-core/node_modules/socket.io/lib/namespace.js:335:22)
    at Manager.onClientMessage (/home/xcc/nodeWorkspace/pomelo-core/node_modules/socket.io/lib/manager.js:459:38)
 connecotrServer mock start! 
 [areaServer] mock start!!! 
 [connectorServer] after start!!! 
 startwebsocket
   [36minfo  -[39m 'socket.io started'
 [areaServer] after start!!! 
all servers started 
[RpcMessage] get message area.fightHandler.kick
[RpcMessage] message serverType: area handler fightHandler method kick
 getServerId serverType: area
Caught exception: ReferenceError: msg is not defined
    at mailbox (/home/xcc/nodeWorkspace/pomelo-core/lib/serverRouter.js:19:78)
    at Object.forwardMessage (/home/xcc/nodeWorkspace/pomelo-core/lib/serverRouter.js:14:5)
    at /home/xcc/nodeWorkspace/pomelo-core/lib/connector/connectorServer.js:75:15
    at Object.invokeCallback (/home/xcc/nodeWorkspace/pomelo-core/lib/util/utils.js:13:6)
    at /home/xcc/nodeWorkspace/pomelo-core/lib/filterManager.js:20:9
    at Object.doFilter (/home/xcc/nodeWorkspace/pomelo-core/lib/filterManager.js:15:2)
    at Socket.<anonymous> (/home/xcc/nodeWorkspace/pomelo-core/lib/connector/connectorServer.js:67:18)
    at Socket.$emit (events.js:67:17)
    at SocketNamespace.handlePacket (/home/xcc/nodeWorkspace/pomelo-core/node_modules/socket.io/lib/namespace.js:335:22)
    at Manager.onClientMessage (/home/xcc/nodeWorkspace/pomelo-core/node_modules/socket.io/lib/manager.js:459:38)
 connecotrServer mock start! 
 [areaServer] mock start!!! 
 [connectorServer] after start!!! 
 startwebsocket
   [36minfo  -[39m 'socket.io started'
 [areaServer] after start!!! 
all servers started 
[RpcMessage] get message area.fightHandler.kick
[RpcMessage] message serverType: area handler fightHandler method kick
 getServerId serverType: area
[serverRouter] start mailbox invoke server: area-server-1 msg:[object Object]
 enterServerGateWay
Caught exception: ReferenceError: msg is not defined
    at Object.forward (/home/xcc/nodeWorkspace/pomelo-core/lib/serverGateway.js:14:32)
    at mailbox (/home/xcc/nodeWorkspace/pomelo-core/lib/serverRouter.js:20:16)
    at Object.forwardMessage (/home/xcc/nodeWorkspace/pomelo-core/lib/serverRouter.js:14:5)
    at /home/xcc/nodeWorkspace/pomelo-core/lib/connector/connectorServer.js:75:15
    at Object.invokeCallback (/home/xcc/nodeWorkspace/pomelo-core/lib/util/utils.js:13:6)
    at /home/xcc/nodeWorkspace/pomelo-core/lib/filterManager.js:20:9
    at Object.doFilter (/home/xcc/nodeWorkspace/pomelo-core/lib/filterManager.js:15:2)
    at Socket.<anonymous> (/home/xcc/nodeWorkspace/pomelo-core/lib/connector/connectorServer.js:67:18)
    at Socket.$emit (events.js:67:17)
    at SocketNamespace.handlePacket (/home/xcc/nodeWorkspace/pomelo-core/node_modules/socket.io/lib/namespace.js:335:22)
 connecotrServer mock start! 
 [areaServer] mock start!!! 
 [connectorServer] after start!!! 
 startwebsocket
   [36minfo  -[39m 'socket.io started'
 [areaServer] after start!!! 
all servers started 
[RpcMessage] get message area.fightHandler.kick
[RpcMessage] message serverType: area handler fightHandler method kick
 getServerId serverType: area
[serverRouter] start mailbox invoke server: area-server-1 msg:[object Object]
 enterServerGateWay
Caught exception: ReferenceError: getHandler is not defined
    at Object.execHandler (/home/xcc/nodeWorkspace/pomelo-core/lib/handlerManager.js:8:16)
    at Object.forward (/home/xcc/nodeWorkspace/pomelo-core/lib/serverGateway.js:14:20)
    at mailbox (/home/xcc/nodeWorkspace/pomelo-core/lib/serverRouter.js:20:16)
    at Object.forwardMessage (/home/xcc/nodeWorkspace/pomelo-core/lib/serverRouter.js:14:5)
    at /home/xcc/nodeWorkspace/pomelo-core/lib/connector/connectorServer.js:75:15
    at Object.invokeCallback (/home/xcc/nodeWorkspace/pomelo-core/lib/util/utils.js:13:6)
    at /home/xcc/nodeWorkspace/pomelo-core/lib/filterManager.js:20:9
    at Object.doFilter (/home/xcc/nodeWorkspace/pomelo-core/lib/filterManager.js:15:2)
    at Socket.<anonymous> (/home/xcc/nodeWorkspace/pomelo-core/lib/connector/connectorServer.js:67:18)
    at Socket.$emit (events.js:67:17)
 connecotrServer mock start! 
 [areaServer] mock start!!! 
 [connectorServer] after start!!! 
 startwebsocket
   [36minfo  -[39m 'socket.io started'
 [areaServer] after start!!! 
all servers started 
[RpcMessage] get message area.fightHandler.kick
[RpcMessage] message serverType: area handler fightHandler method kick
 getServerId serverType: area
[serverRouter] start mailbox invoke server: area-server-1 msg:[object Object]
 enterServerGateWay
Caught exception: TypeError: Cannot read property 'serverType' of undefined
    at /home/xcc/nodeWorkspace/pomelo-core/lib/handlerManager.js:16:46
    at Object.execHandler (/home/xcc/nodeWorkspace/pomelo-core/lib/handlerManager.js:8:16)
    at Object.forward (/home/xcc/nodeWorkspace/pomelo-core/lib/serverGateway.js:14:20)
    at mailbox (/home/xcc/nodeWorkspace/pomelo-core/lib/serverRouter.js:20:16)
    at Object.forwardMessage (/home/xcc/nodeWorkspace/pomelo-core/lib/serverRouter.js:14:5)
    at /home/xcc/nodeWorkspace/pomelo-core/lib/connector/connectorServer.js:75:15
    at Object.invokeCallback (/home/xcc/nodeWorkspace/pomelo-core/lib/util/utils.js:13:6)
    at /home/xcc/nodeWorkspace/pomelo-core/lib/filterManager.js:20:9
    at Object.doFilter (/home/xcc/nodeWorkspace/pomelo-core/lib/filterManager.js:15:2)
    at Socket.<anonymous> (/home/xcc/nodeWorkspace/pomelo-core/lib/connector/connectorServer.js:67:18)
 connecotrServer mock start! 
 [areaServer] mock start!!! 
 [connectorServer] after start!!! 
 startwebsocket
   [36minfo  -[39m 'socket.io started'
 [areaServer] after start!!! 
all servers started 
[RpcMessage] get message area.fightHandler.kick
[RpcMessage] message serverType: area handler fightHandler method kick
 getServerId serverType: area
[serverRouter] start mailbox invoke server: area-server-1 msg:[object Object]
 enterServerGateWay
Caught exception: TypeError: Cannot read property 'sourceUsername' of undefined
    at Object.kick (/home/xcc/nodeWorkspace/pomelo-core/test/app/area/handler/fightHandler.js:5:37)
    at Object.execHandler (/home/xcc/nodeWorkspace/pomelo-core/lib/handlerManager.js:10:20)
    at Object.forward (/home/xcc/nodeWorkspace/pomelo-core/lib/serverGateway.js:14:20)
    at mailbox (/home/xcc/nodeWorkspace/pomelo-core/lib/serverRouter.js:20:16)
    at Object.forwardMessage (/home/xcc/nodeWorkspace/pomelo-core/lib/serverRouter.js:14:5)
    at /home/xcc/nodeWorkspace/pomelo-core/lib/connector/connectorServer.js:75:15
    at Object.invokeCallback (/home/xcc/nodeWorkspace/pomelo-core/lib/util/utils.js:13:6)
    at /home/xcc/nodeWorkspace/pomelo-core/lib/filterManager.js:20:9
    at Object.doFilter (/home/xcc/nodeWorkspace/pomelo-core/lib/filterManager.js:15:2)
    at Socket.<anonymous> (/home/xcc/nodeWorkspace/pomelo-core/lib/connector/connectorServer.js:67:18)
 connecotrServer mock start! 
 [areaServer] mock start!!! 
 [connectorServer] after start!!! 
 startwebsocket
   [36minfo  -[39m 'socket.io started'
 [areaServer] after start!!! 
all servers started 
[RpcMessage] get message area.fightHandler.kick
[RpcMessage] message serverType: area handler fightHandler method kick
 getServerId serverType: area
[serverRouter] start mailbox invoke server: area-server-1 msg:[object Object]
 enterServerGateWay
 fight user: undefined  target: undefined
Caught exception: ReferenceError: utils is not defined
    at Object.kick (/home/xcc/nodeWorkspace/pomelo-core/test/app/area/handler/fightHandler.js:6:5)
    at Object.execHandler (/home/xcc/nodeWorkspace/pomelo-core/lib/handlerManager.js:10:20)
    at Object.forward (/home/xcc/nodeWorkspace/pomelo-core/lib/serverGateway.js:14:20)
    at mailbox (/home/xcc/nodeWorkspace/pomelo-core/lib/serverRouter.js:20:16)
    at Object.forwardMessage (/home/xcc/nodeWorkspace/pomelo-core/lib/serverRouter.js:14:5)
    at /home/xcc/nodeWorkspace/pomelo-core/lib/connector/connectorServer.js:75:15
    at Object.invokeCallback (/home/xcc/nodeWorkspace/pomelo-core/lib/util/utils.js:13:6)
    at /home/xcc/nodeWorkspace/pomelo-core/lib/filterManager.js:20:9
    at Object.doFilter (/home/xcc/nodeWorkspace/pomelo-core/lib/filterManager.js:15:2)
    at Socket.<anonymous> (/home/xcc/nodeWorkspace/pomelo-core/lib/connector/connectorServer.js:67:18)
 connecotrServer mock start! 
 [areaServer] mock start!!! 
 [connectorServer] after start!!! 
 startwebsocket
   [36minfo  -[39m 'socket.io started'
 [areaServer] after start!!! 
all servers started 
[RpcMessage] get message area.fightHandler.kick
[RpcMessage] message serverType: area handler fightHandler method kick
 getServerId serverType: area
[serverRouter] start mailbox invoke server: area-server-1 msg:[object Object]
 enterServerGateWay
 fight user: undefined  target: undefined
Caught exception: ReferenceError: targetUsername is not defined
    at Object.kick (/home/xcc/nodeWorkspace/pomelo-core/test/app/area/handler/fightHandler.js:8:97)
    at Object.execHandler (/home/xcc/nodeWorkspace/pomelo-core/lib/handlerManager.js:10:20)
    at Object.forward (/home/xcc/nodeWorkspace/pomelo-core/lib/serverGateway.js:14:20)
    at mailbox (/home/xcc/nodeWorkspace/pomelo-core/lib/serverRouter.js:20:16)
    at Object.forwardMessage (/home/xcc/nodeWorkspace/pomelo-core/lib/serverRouter.js:14:5)
    at /home/xcc/nodeWorkspace/pomelo-core/lib/connector/connectorServer.js:75:15
    at Object.invokeCallback (/home/xcc/nodeWorkspace/pomelo-core/lib/util/utils.js:13:6)
    at /home/xcc/nodeWorkspace/pomelo-core/lib/filterManager.js:20:9
    at Object.doFilter (/home/xcc/nodeWorkspace/pomelo-core/lib/filterManager.js:15:2)
    at Socket.<anonymous> (/home/xcc/nodeWorkspace/pomelo-core/lib/connector/connectorServer.js:67:18)
 connecotrServer mock start! 
 [areaServer] mock start!!! 
 [connectorServer] after start!!! 
 startwebsocket
   [36minfo  -[39m 'socket.io started'
 [areaServer] after start!!! 
all servers started 
[RpcMessage] get message area.fightHandler.kick
[RpcMessage] message serverType: area handler fightHandler method kick
 getServerId serverType: area
[serverRouter] start mailbox invoke server: area-server-1 msg:[object Object]
 enterServerGateWay
 fight user: xcc  target: zy
 handler server process in attach undefined
 connecotrServer mock start! 
 [areaServer] mock start!!! 
 [connectorServer] after start!!! 
 startwebsocket
   [36minfo  -[39m 'socket.io started'
 [areaServer] after start!!! 
all servers started 
[RpcMessage] get message area.fightHandler.kick
[RpcMessage] message serverType: area handler fightHandler method kick
 getServerId serverType: area
[serverRouter] start mailbox invoke server: area-server-1 msg:[object Object]
 enterServerGateWay
Caught exception: SyntaxError: Unexpected identifier
    at Module._compile (module.js:427:25)
    at Object..js (module.js:450:10)
    at Module.load (module.js:351:31)
    at Function._load (module.js:310:12)
    at Module.require (module.js:357:17)
    at require (module.js:368:17)
    at /home/xcc/nodeWorkspace/pomelo-core/lib/handlerManager.js:16:19
    at Object.execHandler (/home/xcc/nodeWorkspace/pomelo-core/lib/handlerManager.js:8:16)
    at Object.forward (/home/xcc/nodeWorkspace/pomelo-core/lib/serverGateway.js:14:20)
    at mailbox (/home/xcc/nodeWorkspace/pomelo-core/lib/serverRouter.js:20:16)
 connecotrServer mock start! 
 [areaServer] mock start!!! 
 [connectorServer] after start!!! 
 startwebsocket
   [36minfo  -[39m 'socket.io started'
 [areaServer] after start!!! 
all servers started 
[RpcMessage] get message area.fightHandler.kick
[RpcMessage] message serverType: area handler fightHandler method kick
 getServerId serverType: area
[serverRouter] start mailbox invoke server: area-server-1 msg:[object Object]
 enterServerGateWay
 fight user: xcc  target: zy
 handler server process in attach undefined
 connecotrServer mock start! 
 [areaServer] mock start!!! 
 [connectorServer] after start!!! 
 startwebsocket
   [36minfo  -[39m 'socket.io started'
 [areaServer] after start!!! 
all servers started 
[RpcMessage] get message area.fightHandler.kick
[RpcMessage] message serverType: area handler fightHandler method kick
 getServerId serverType: area
[serverRouter] start mailbox invoke server: area-server-1 msg:[object Object]
 enterServerGateWay
 fight user: xcc  target: zy
 handler server process in attach iAttach
 connecotrServer mock start! 
 [areaServer] mock start!!! 
 [connectorServer] after start!!! 
 startwebsocket
   [36minfo  -[39m 'socket.io started'
 [areaServer] after start!!! 
all servers started 
   [33mwarn  -[39m 'error raised: Error: listen EADDRINUSE'
 connecotrServer mock start! 
 [areaServer] mock start!!! 
 [connectorServer] after start!!! 
 startwebsocket
   [36minfo  -[39m 'socket.io started'
 [areaServer] after start!!! 
all servers started 
   [33mwarn  -[39m 'error raised: Error: listen EADDRINUSE'
 connecotrServer mock start! 
 [areaServer] mock start!!! 
 [connectorServer] after start!!! 
 startwebsocket
   [36minfo  -[39m 'socket.io started'
 [areaServer] after start!!! 
all servers started 
   [33mwarn  -[39m 'error raised: Error: listen EADDRINUSE'
 connecotrServer mock start! 
 [areaServer] mock start!!! 
 [connectorServer] after start!!! 
 startwebsocket
   [36minfo  -[39m 'socket.io started'
 [areaServer] after start!!! 
all servers started 
 connecotrServer mock start! 
 [areaServer] mock start!!! 
 [connectorServer] after start!!! 
 startwebsocket
   [36minfo  -[39m 'socket.io started'
 [areaServer] after start!!! 
all servers started 
[RpcMessage] get message area.fightHandler.kick
[RpcMessage] message serverType: area handler fightHandler method kick
 getServerId serverType: area
[serverRouter] start mailbox invoke server: area-server-1 msg:[object Object]
 enterServerGateWay
 fight user: xcc  target: zy
 handler server process in attach iAttach
 connecotrServer mock start! 
 [areaServer] mock start!!! 
 [connectorServer] after start!!! 
 startwebsocket
   [36minfo  -[39m 'socket.io started'
 [areaServer] after start!!! 
all servers started 
[RpcMessage] get message area.fightHandler.kick
[RpcMessage] message serverType: area handler fightHandler method kick
 getServerId serverType: area
[serverRouter] start mailbox invoke server: area-server-1 msg:[object Object]
 enterServerGateWay
 fight user: xcc  target: zy
 handler server process in attach iAttach
[app.use] route: / func: function router(session, next){
    self._dispatch(session, next);
  }
[app.use] route: / func: [object Object]
[app.use] route: / func: function router(session, next){
    self._dispatch(session, next);
  }
[app.use] route: / func: [object Object]
[app.use] route: / func: [object Object]
 express web server started
undefined
failed to locate view "index.html", tried:
  - /home/xcc/nodeWorkspace/pomelo-core/views/index.html
  - /home/xcc/nodeWorkspace/pomelo-core/views/index/index.html
  - /home/xcc/nodeWorkspace/pomelo-core/views/../index/index.html
undefined
Error: failed to locate view "index.html"
    at Function.compile (/home/xcc/nodeWorkspace/pomelo-core/node_modules/express/lib/view.js:58:15)
    at ServerResponse._render (/home/xcc/nodeWorkspace/pomelo-core/node_modules/express/lib/view.js:414:18)
    at ServerResponse.render (/home/xcc/nodeWorkspace/pomelo-core/node_modules/express/lib/view.js:315:17)
    at /home/xcc/nodeWorkspace/pomelo-core/demos/webrunner/app_express.js:23:7
    at callbacks (/home/xcc/nodeWorkspace/pomelo-core/node_modules/express/lib/router/index.js:272:11)
    at param (/home/xcc/nodeWorkspace/pomelo-core/node_modules/express/lib/router/index.js:246:11)
    at pass (/home/xcc/nodeWorkspace/pomelo-core/node_modules/express/lib/router/index.js:253:5)
    at Router._dispatch (/home/xcc/nodeWorkspace/pomelo-core/node_modules/express/lib/router/index.js:280:4)
    at Object.handle (/home/xcc/nodeWorkspace/pomelo-core/node_modules/express/lib/router/index.js:45:10)
    at next (/home/xcc/nodeWorkspace/pomelo-core/node_modules/express/node_modules/connect/lib/http.js:203:15)
[app.use] route: / func: function router(session, next){
    self._dispatch(session, next);
  }
[app.use] route: / func: [object Object]
[app.use] route: / func: [object Object]
 express web server started
undefined
failed to locate view "index", tried:
  - /home/xcc/nodeWorkspace/pomelo-core/views/index.jade
  - /home/xcc/nodeWorkspace/pomelo-core/views/index/index.jade
  - /home/xcc/nodeWorkspace/pomelo-core/views/../index/index.jade
undefined
Error: failed to locate view "index"
    at Function.compile (/home/xcc/nodeWorkspace/pomelo-core/node_modules/express/lib/view.js:58:15)
    at ServerResponse._render (/home/xcc/nodeWorkspace/pomelo-core/node_modules/express/lib/view.js:414:18)
    at ServerResponse.render (/home/xcc/nodeWorkspace/pomelo-core/node_modules/express/lib/view.js:315:17)
    at /home/xcc/nodeWorkspace/pomelo-core/demos/webrunner/app_express.js:23:7
    at callbacks (/home/xcc/nodeWorkspace/pomelo-core/node_modules/express/lib/router/index.js:272:11)
    at param (/home/xcc/nodeWorkspace/pomelo-core/node_modules/express/lib/router/index.js:246:11)
    at pass (/home/xcc/nodeWorkspace/pomelo-core/node_modules/express/lib/router/index.js:253:5)
    at Router._dispatch (/home/xcc/nodeWorkspace/pomelo-core/node_modules/express/lib/router/index.js:280:4)
    at Object.handle (/home/xcc/nodeWorkspace/pomelo-core/node_modules/express/lib/router/index.js:45:10)
    at next (/home/xcc/nodeWorkspace/pomelo-core/node_modules/express/node_modules/connect/lib/http.js:203:15)
undefined
failed to locate view "index", tried:
  - /home/xcc/nodeWorkspace/pomelo-core/views/index.jade
  - /home/xcc/nodeWorkspace/pomelo-core/views/index/index.jade
  - /home/xcc/nodeWorkspace/pomelo-core/views/../index/index.jade
undefined
Error: failed to locate view "index"
    at Function.compile (/home/xcc/nodeWorkspace/pomelo-core/node_modules/express/lib/view.js:58:15)
    at ServerResponse._render (/home/xcc/nodeWorkspace/pomelo-core/node_modules/express/lib/view.js:414:18)
    at ServerResponse.render (/home/xcc/nodeWorkspace/pomelo-core/node_modules/express/lib/view.js:315:17)
    at /home/xcc/nodeWorkspace/pomelo-core/demos/webrunner/app_express.js:23:7
    at callbacks (/home/xcc/nodeWorkspace/pomelo-core/node_modules/express/lib/router/index.js:272:11)
    at param (/home/xcc/nodeWorkspace/pomelo-core/node_modules/express/lib/router/index.js:246:11)
    at pass (/home/xcc/nodeWorkspace/pomelo-core/node_modules/express/lib/router/index.js:253:5)
    at Router._dispatch (/home/xcc/nodeWorkspace/pomelo-core/node_modules/express/lib/router/index.js:280:4)
    at Object.handle (/home/xcc/nodeWorkspace/pomelo-core/node_modules/express/lib/router/index.js:45:10)
    at next (/home/xcc/nodeWorkspace/pomelo-core/node_modules/express/node_modules/connect/lib/http.js:203:15)
undefined
failed to locate view "index", tried:
  - /home/xcc/nodeWorkspace/pomelo-core/views/index.jade
  - /home/xcc/nodeWorkspace/pomelo-core/views/index/index.jade
  - /home/xcc/nodeWorkspace/pomelo-core/views/../index/index.jade
undefined
Error: failed to locate view "index"
    at Function.compile (/home/xcc/nodeWorkspace/pomelo-core/node_modules/express/lib/view.js:58:15)
    at ServerResponse._render (/home/xcc/nodeWorkspace/pomelo-core/node_modules/express/lib/view.js:414:18)
    at ServerResponse.render (/home/xcc/nodeWorkspace/pomelo-core/node_modules/express/lib/view.js:315:17)
    at /home/xcc/nodeWorkspace/pomelo-core/demos/webrunner/app_express.js:23:7
    at callbacks (/home/xcc/nodeWorkspace/pomelo-core/node_modules/express/lib/router/index.js:272:11)
    at param (/home/xcc/nodeWorkspace/pomelo-core/node_modules/express/lib/router/index.js:246:11)
    at pass (/home/xcc/nodeWorkspace/pomelo-core/node_modules/express/lib/router/index.js:253:5)
    at Router._dispatch (/home/xcc/nodeWorkspace/pomelo-core/node_modules/express/lib/router/index.js:280:4)
    at Object.handle (/home/xcc/nodeWorkspace/pomelo-core/node_modules/express/lib/router/index.js:45:10)
    at next (/home/xcc/nodeWorkspace/pomelo-core/node_modules/express/node_modules/connect/lib/http.js:203:15)
[app.use] route: / func: function router(session, next){
    self._dispatch(session, next);
  }
[app.use] route: / func: [object Object]
[app.use] route: / func: [object Object]
 express web server started
[loock up view] view: [object Object] orig: {"view":"index","root":"/home/xcc/nodeWorkspace/pomelo-core/views","relative":true,"defaultEngine":"jade","basename":"index","engine":"jade","extension":".jade","name":"index","path":"/home/xcc/nodeWorkspace/pomelo-core/views/index.jade","dirname":"/home/xcc/nodeWorkspace/pomelo-core/views"}
undefined
failed to locate view "index", tried:
  - /home/xcc/nodeWorkspace/pomelo-core/views/index.jade
  - /home/xcc/nodeWorkspace/pomelo-core/views/index/index.jade
  - /home/xcc/nodeWorkspace/pomelo-core/views/../index/index.jade
undefined
Error: failed to locate view "index"
    at Function.compile (/home/xcc/nodeWorkspace/pomelo-core/node_modules/express/lib/view.js:58:15)
    at ServerResponse._render (/home/xcc/nodeWorkspace/pomelo-core/node_modules/express/lib/view.js:415:18)
    at ServerResponse.render (/home/xcc/nodeWorkspace/pomelo-core/node_modules/express/lib/view.js:316:17)
    at /home/xcc/nodeWorkspace/pomelo-core/demos/webrunner/app_express.js:23:7
    at callbacks (/home/xcc/nodeWorkspace/pomelo-core/node_modules/express/lib/router/index.js:272:11)
    at param (/home/xcc/nodeWorkspace/pomelo-core/node_modules/express/lib/router/index.js:246:11)
    at pass (/home/xcc/nodeWorkspace/pomelo-core/node_modules/express/lib/router/index.js:253:5)
    at Router._dispatch (/home/xcc/nodeWorkspace/pomelo-core/node_modules/express/lib/router/index.js:280:4)
    at Object.handle (/home/xcc/nodeWorkspace/pomelo-core/node_modules/express/lib/router/index.js:45:10)
    at next (/home/xcc/nodeWorkspace/pomelo-core/node_modules/express/node_modules/connect/lib/http.js:203:15)
[app.use] route: / func: function router(session, next){
    self._dispatch(session, next);
  }
[app.use] route: / func: [object Object]
[app.use] route: / func: [object Object]
 express web server started
SyntaxError: Unexpected identifier
    at Object.Function (unknown source)
    at Object.compile (/home/xcc/nodeWorkspace/pomelo-core/node_modules/jade/lib/jade.js:161:8)
    at Function.compile (/home/xcc/nodeWorkspace/pomelo-core/node_modules/express/lib/view.js:65:33)
    at ServerResponse._render (/home/xcc/nodeWorkspace/pomelo-core/node_modules/express/lib/view.js:415:18)
    at ServerResponse.render (/home/xcc/nodeWorkspace/pomelo-core/node_modules/express/lib/view.js:316:17)
    at /home/xcc/nodeWorkspace/pomelo-core/demos/webrunner/app_express.js:24:7
    at callbacks (/home/xcc/nodeWorkspace/pomelo-core/node_modules/express/lib/router/index.js:272:11)
    at param (/home/xcc/nodeWorkspace/pomelo-core/node_modules/express/lib/router/index.js:246:11)
    at pass (/home/xcc/nodeWorkspace/pomelo-core/node_modules/express/lib/router/index.js:253:5)
    at Router._dispatch (/home/xcc/nodeWorkspace/pomelo-core/node_modules/express/lib/router/index.js:280:4)
SyntaxError: Unexpected identifier
    at Object.Function (unknown source)
    at Object.compile (/home/xcc/nodeWorkspace/pomelo-core/node_modules/jade/lib/jade.js:161:8)
    at Function.compile (/home/xcc/nodeWorkspace/pomelo-core/node_modules/express/lib/view.js:65:33)
    at ServerResponse._render (/home/xcc/nodeWorkspace/pomelo-core/node_modules/express/lib/view.js:415:18)
    at ServerResponse.render (/home/xcc/nodeWorkspace/pomelo-core/node_modules/express/lib/view.js:316:17)
    at /home/xcc/nodeWorkspace/pomelo-core/demos/webrunner/app_express.js:24:7
    at callbacks (/home/xcc/nodeWorkspace/pomelo-core/node_modules/express/lib/router/index.js:272:11)
    at param (/home/xcc/nodeWorkspace/pomelo-core/node_modules/express/lib/router/index.js:246:11)
    at pass (/home/xcc/nodeWorkspace/pomelo-core/node_modules/express/lib/router/index.js:253:5)
    at Router._dispatch (/home/xcc/nodeWorkspace/pomelo-core/node_modules/express/lib/router/index.js:280:4)
SyntaxError: Unexpected identifier
    at Object.Function (unknown source)
    at Object.compile (/home/xcc/nodeWorkspace/pomelo-core/node_modules/jade/lib/jade.js:161:8)
    at Function.compile (/home/xcc/nodeWorkspace/pomelo-core/node_modules/express/lib/view.js:65:33)
    at ServerResponse._render (/home/xcc/nodeWorkspace/pomelo-core/node_modules/express/lib/view.js:415:18)
    at ServerResponse.render (/home/xcc/nodeWorkspace/pomelo-core/node_modules/express/lib/view.js:316:17)
    at /home/xcc/nodeWorkspace/pomelo-core/demos/webrunner/app_express.js:24:7
    at callbacks (/home/xcc/nodeWorkspace/pomelo-core/node_modules/express/lib/router/index.js:272:11)
    at param (/home/xcc/nodeWorkspace/pomelo-core/node_modules/express/lib/router/index.js:246:11)
    at pass (/home/xcc/nodeWorkspace/pomelo-core/node_modules/express/lib/router/index.js:253:5)
    at Router._dispatch (/home/xcc/nodeWorkspace/pomelo-core/node_modules/express/lib/router/index.js:280:4)
SyntaxError: Unexpected identifier
    at Object.Function (unknown source)
    at Object.compile (/home/xcc/nodeWorkspace/pomelo-core/node_modules/jade/lib/jade.js:161:8)
    at Function.compile (/home/xcc/nodeWorkspace/pomelo-core/node_modules/express/lib/view.js:65:33)
    at ServerResponse._render (/home/xcc/nodeWorkspace/pomelo-core/node_modules/express/lib/view.js:415:18)
    at ServerResponse.render (/home/xcc/nodeWorkspace/pomelo-core/node_modules/express/lib/view.js:316:17)
    at /home/xcc/nodeWorkspace/pomelo-core/demos/webrunner/app_express.js:24:7
    at callbacks (/home/xcc/nodeWorkspace/pomelo-core/node_modules/express/lib/router/index.js:272:11)
    at param (/home/xcc/nodeWorkspace/pomelo-core/node_modules/express/lib/router/index.js:246:11)
    at pass (/home/xcc/nodeWorkspace/pomelo-core/node_modules/express/lib/router/index.js:253:5)
    at Router._dispatch (/home/xcc/nodeWorkspace/pomelo-core/node_modules/express/lib/router/index.js:280:4)
SyntaxError: Unexpected identifier
    at Object.Function (unknown source)
    at Object.compile (/home/xcc/nodeWorkspace/pomelo-core/node_modules/jade/lib/jade.js:161:8)
    at Function.compile (/home/xcc/nodeWorkspace/pomelo-core/node_modules/express/lib/view.js:65:33)
    at ServerResponse._render (/home/xcc/nodeWorkspace/pomelo-core/node_modules/express/lib/view.js:415:18)
    at ServerResponse.render (/home/xcc/nodeWorkspace/pomelo-core/node_modules/express/lib/view.js:316:17)
    at /home/xcc/nodeWorkspace/pomelo-core/demos/webrunner/app_express.js:24:7
    at callbacks (/home/xcc/nodeWorkspace/pomelo-core/node_modules/express/lib/router/index.js:272:11)
    at param (/home/xcc/nodeWorkspace/pomelo-core/node_modules/express/lib/router/index.js:246:11)
    at pass (/home/xcc/nodeWorkspace/pomelo-core/node_modules/express/lib/router/index.js:253:5)
    at Router._dispatch (/home/xcc/nodeWorkspace/pomelo-core/node_modules/express/lib/router/index.js:280:4)
SyntaxError: Unexpected identifier
    at Object.Function (unknown source)
    at Object.compile (/home/xcc/nodeWorkspace/pomelo-core/node_modules/jade/lib/jade.js:161:8)
    at Function.compile (/home/xcc/nodeWorkspace/pomelo-core/node_modules/express/lib/view.js:65:33)
    at ServerResponse._render (/home/xcc/nodeWorkspace/pomelo-core/node_modules/express/lib/view.js:415:18)
    at ServerResponse.render (/home/xcc/nodeWorkspace/pomelo-core/node_modules/express/lib/view.js:316:17)
    at /home/xcc/nodeWorkspace/pomelo-core/demos/webrunner/app_express.js:24:7
    at callbacks (/home/xcc/nodeWorkspace/pomelo-core/node_modules/express/lib/router/index.js:272:11)
    at param (/home/xcc/nodeWorkspace/pomelo-core/node_modules/express/lib/router/index.js:246:11)
    at pass (/home/xcc/nodeWorkspace/pomelo-core/node_modules/express/lib/router/index.js:253:5)
    at Router._dispatch (/home/xcc/nodeWorkspace/pomelo-core/node_modules/express/lib/router/index.js:280:4)
SyntaxError: Unexpected identifier
    at Object.Function (unknown source)
    at Object.compile (/home/xcc/nodeWorkspace/pomelo-core/node_modules/jade/lib/jade.js:161:8)
    at Function.compile (/home/xcc/nodeWorkspace/pomelo-core/node_modules/express/lib/view.js:65:33)
    at ServerResponse._render (/home/xcc/nodeWorkspace/pomelo-core/node_modules/express/lib/view.js:415:18)
    at ServerResponse.render (/home/xcc/nodeWorkspace/pomelo-core/node_modules/express/lib/view.js:316:17)
    at /home/xcc/nodeWorkspace/pomelo-core/demos/webrunner/app_express.js:24:7
    at callbacks (/home/xcc/nodeWorkspace/pomelo-core/node_modules/express/lib/router/index.js:272:11)
    at param (/home/xcc/nodeWorkspace/pomelo-core/node_modules/express/lib/router/index.js:246:11)
    at pass (/home/xcc/nodeWorkspace/pomelo-core/node_modules/express/lib/router/index.js:253:5)
    at Router._dispatch (/home/xcc/nodeWorkspace/pomelo-core/node_modules/express/lib/router/index.js:280:4)
[app.use] route: / func: function router(session, next){
    self._dispatch(session, next);
  }
[app.use] route: / func: [object Object]
[app.use] route: / func: [object Object]
 express web server started
SyntaxError: Unexpected identifier
    at Object.Function (unknown source)
    at Object.compile (/home/xcc/nodeWorkspace/pomelo-core/node_modules/jade/lib/jade.js:161:8)
    at Function.compile (/home/xcc/nodeWorkspace/pomelo-core/node_modules/express/lib/view.js:65:33)
    at ServerResponse._render (/home/xcc/nodeWorkspace/pomelo-core/node_modules/express/lib/view.js:415:18)
    at ServerResponse.render (/home/xcc/nodeWorkspace/pomelo-core/node_modules/express/lib/view.js:316:17)
    at /home/xcc/nodeWorkspace/pomelo-core/demos/webrunner/app_express.js:24:7
    at callbacks (/home/xcc/nodeWorkspace/pomelo-core/node_modules/express/lib/router/index.js:272:11)
    at param (/home/xcc/nodeWorkspace/pomelo-core/node_modules/express/lib/router/index.js:246:11)
    at pass (/home/xcc/nodeWorkspace/pomelo-core/node_modules/express/lib/router/index.js:253:5)
    at Router._dispatch (/home/xcc/nodeWorkspace/pomelo-core/node_modules/express/lib/router/index.js:280:4)
SyntaxError: Unexpected identifier
    at Object.Function (unknown source)
    at Object.compile (/home/xcc/nodeWorkspace/pomelo-core/node_modules/jade/lib/jade.js:161:8)
    at Function.compile (/home/xcc/nodeWorkspace/pomelo-core/node_modules/express/lib/view.js:65:33)
    at ServerResponse._render (/home/xcc/nodeWorkspace/pomelo-core/node_modules/express/lib/view.js:415:18)
    at ServerResponse.render (/home/xcc/nodeWorkspace/pomelo-core/node_modules/express/lib/view.js:316:17)
    at /home/xcc/nodeWorkspace/pomelo-core/demos/webrunner/app_express.js:24:7
    at callbacks (/home/xcc/nodeWorkspace/pomelo-core/node_modules/express/lib/router/index.js:272:11)
    at param (/home/xcc/nodeWorkspace/pomelo-core/node_modules/express/lib/router/index.js:246:11)
    at pass (/home/xcc/nodeWorkspace/pomelo-core/node_modules/express/lib/router/index.js:253:5)
    at Router._dispatch (/home/xcc/nodeWorkspace/pomelo-core/node_modules/express/lib/router/index.js:280:4)
SyntaxError: Unexpected identifier
    at Object.Function (unknown source)
    at Object.compile (/home/xcc/nodeWorkspace/pomelo-core/node_modules/jade/lib/jade.js:161:8)
    at Function.compile (/home/xcc/nodeWorkspace/pomelo-core/node_modules/express/lib/view.js:65:33)
    at ServerResponse._render (/home/xcc/nodeWorkspace/pomelo-core/node_modules/express/lib/view.js:415:18)
    at ServerResponse.render (/home/xcc/nodeWorkspace/pomelo-core/node_modules/express/lib/view.js:316:17)
    at /home/xcc/nodeWorkspace/pomelo-core/demos/webrunner/app_express.js:24:7
    at callbacks (/home/xcc/nodeWorkspace/pomelo-core/node_modules/express/lib/router/index.js:272:11)
    at param (/home/xcc/nodeWorkspace/pomelo-core/node_modules/express/lib/router/index.js:246:11)
    at pass (/home/xcc/nodeWorkspace/pomelo-core/node_modules/express/lib/router/index.js:253:5)
    at Router._dispatch (/home/xcc/nodeWorkspace/pomelo-core/node_modules/express/lib/router/index.js:280:4)
SyntaxError: Unexpected identifier
    at Object.Function (unknown source)
    at Object.compile (/home/xcc/nodeWorkspace/pomelo-core/node_modules/jade/lib/jade.js:161:8)
    at Function.compile (/home/xcc/nodeWorkspace/pomelo-core/node_modules/express/lib/view.js:65:33)
    at ServerResponse._render (/home/xcc/nodeWorkspace/pomelo-core/node_modules/express/lib/view.js:415:18)
    at ServerResponse.render (/home/xcc/nodeWorkspace/pomelo-core/node_modules/express/lib/view.js:316:17)
    at /home/xcc/nodeWorkspace/pomelo-core/demos/webrunner/app_express.js:24:7
    at callbacks (/home/xcc/nodeWorkspace/pomelo-core/node_modules/express/lib/router/index.js:272:11)
    at param (/home/xcc/nodeWorkspace/pomelo-core/node_modules/express/lib/router/index.js:246:11)
    at pass (/home/xcc/nodeWorkspace/pomelo-core/node_modules/express/lib/router/index.js:253:5)
    at Router._dispatch (/home/xcc/nodeWorkspace/pomelo-core/node_modules/express/lib/router/index.js:280:4)
SyntaxError: Unexpected identifier
    at Object.Function (unknown source)
    at Object.compile (/home/xcc/nodeWorkspace/pomelo-core/node_modules/jade/lib/jade.js:161:8)
    at Function.compile (/home/xcc/nodeWorkspace/pomelo-core/node_modules/express/lib/view.js:65:33)
    at ServerResponse._render (/home/xcc/nodeWorkspace/pomelo-core/node_modules/express/lib/view.js:415:18)
    at ServerResponse.render (/home/xcc/nodeWorkspace/pomelo-core/node_modules/express/lib/view.js:316:17)
    at /home/xcc/nodeWorkspace/pomelo-core/demos/webrunner/app_express.js:24:7
    at callbacks (/home/xcc/nodeWorkspace/pomelo-core/node_modules/express/lib/router/index.js:272:11)
    at param (/home/xcc/nodeWorkspace/pomelo-core/node_modules/express/lib/router/index.js:246:11)
    at pass (/home/xcc/nodeWorkspace/pomelo-core/node_modules/express/lib/router/index.js:253:5)
    at Router._dispatch (/home/xcc/nodeWorkspace/pomelo-core/node_modules/express/lib/router/index.js:280:4)
ReferenceError: /home/xcc/nodeWorkspace/pomelo-core/demos/webrunner/public/index.jade:4
    2| html(lang="en")
    3|   head
  > 4|     title= pageTitle
    5|     script(type='text/javascript')
    6|       if (foo) {
    7|          bar()

pageTitle is not defined
    at eval at <anonymous> (/home/xcc/nodeWorkspace/pomelo-core/node_modules/jade/lib/jade.js:161:8)
    at Object.<anonymous> (/home/xcc/nodeWorkspace/pomelo-core/node_modules/jade/lib/jade.js:166:12)
    at ServerResponse._render (/home/xcc/nodeWorkspace/pomelo-core/node_modules/express/lib/view.js:423:21)
    at ServerResponse.render (/home/xcc/nodeWorkspace/pomelo-core/node_modules/express/lib/view.js:316:17)
    at /home/xcc/nodeWorkspace/pomelo-core/demos/webrunner/app_express.js:24:7
    at callbacks (/home/xcc/nodeWorkspace/pomelo-core/node_modules/express/lib/router/index.js:272:11)
    at param (/home/xcc/nodeWorkspace/pomelo-core/node_modules/express/lib/router/index.js:246:11)
    at pass (/home/xcc/nodeWorkspace/pomelo-core/node_modules/express/lib/router/index.js:253:5)
    at Router._dispatch (/home/xcc/nodeWorkspace/pomelo-core/node_modules/express/lib/router/index.js:280:4)
    at Object.handle (/home/xcc/nodeWorkspace/pomelo-core/node_modules/express/lib/router/index.js:45:10)
ReferenceError: /home/xcc/nodeWorkspace/pomelo-core/demos/webrunner/public/index.jade:12
    10|     h1 Jade - node template engine
    11|     #container
  > 12|       if youAreUsingJade
    13|         p You are amazing
    14|       else
    15|         p Get on it!

youAreUsingJade is not defined
    at eval at <anonymous> (/home/xcc/nodeWorkspace/pomelo-core/node_modules/jade/lib/jade.js:161:8)
    at Object.<anonymous> (/home/xcc/nodeWorkspace/pomelo-core/node_modules/jade/lib/jade.js:166:12)
    at ServerResponse._render (/home/xcc/nodeWorkspace/pomelo-core/node_modules/express/lib/view.js:423:21)
    at ServerResponse.render (/home/xcc/nodeWorkspace/pomelo-core/node_modules/express/lib/view.js:316:17)
    at /home/xcc/nodeWorkspace/pomelo-core/demos/webrunner/app_express.js:24:7
    at callbacks (/home/xcc/nodeWorkspace/pomelo-core/node_modules/express/lib/router/index.js:272:11)
    at param (/home/xcc/nodeWorkspace/pomelo-core/node_modules/express/lib/router/index.js:246:11)
    at pass (/home/xcc/nodeWorkspace/pomelo-core/node_modules/express/lib/router/index.js:253:5)
    at Router._dispatch (/home/xcc/nodeWorkspace/pomelo-core/node_modules/express/lib/router/index.js:280:4)
    at Object.handle (/home/xcc/nodeWorkspace/pomelo-core/node_modules/express/lib/router/index.js:45:10)
undefined
failed to locate view "layout", tried:
  - /home/xcc/nodeWorkspace/pomelo-core/demos/webrunner/public/layout.jade
undefined
Error: failed to locate view "layout"
    at Function.compile (/home/xcc/nodeWorkspace/pomelo-core/node_modules/express/lib/view.js:58:15)
    at ServerResponse._render (/home/xcc/nodeWorkspace/pomelo-core/node_modules/express/lib/view.js:415:18)
    at ServerResponse.render (/home/xcc/nodeWorkspace/pomelo-core/node_modules/express/lib/view.js:316:17)
    at ServerResponse._render (/home/xcc/nodeWorkspace/pomelo-core/node_modules/express/lib/view.js:430:10)
    at ServerResponse.render (/home/xcc/nodeWorkspace/pomelo-core/node_modules/express/lib/view.js:316:17)
    at /home/xcc/nodeWorkspace/pomelo-core/demos/webrunner/app_express.js:24:7
    at callbacks (/home/xcc/nodeWorkspace/pomelo-core/node_modules/express/lib/router/index.js:272:11)
    at param (/home/xcc/nodeWorkspace/pomelo-core/node_modules/express/lib/router/index.js:246:11)
    at pass (/home/xcc/nodeWorkspace/pomelo-core/node_modules/express/lib/router/index.js:253:5)
    at Router._dispatch (/home/xcc/nodeWorkspace/pomelo-core/node_modules/express/lib/router/index.js:280:4)
undefined
failed to locate view "layout", tried:
  - /home/xcc/nodeWorkspace/pomelo-core/demos/webrunner/public/layout.jade
undefined
Error: failed to locate view "layout"
    at Function.compile (/home/xcc/nodeWorkspace/pomelo-core/node_modules/express/lib/view.js:58:15)
    at ServerResponse._render (/home/xcc/nodeWorkspace/pomelo-core/node_modules/express/lib/view.js:415:18)
    at ServerResponse.render (/home/xcc/nodeWorkspace/pomelo-core/node_modules/express/lib/view.js:316:17)
    at ServerResponse._render (/home/xcc/nodeWorkspace/pomelo-core/node_modules/express/lib/view.js:430:10)
    at ServerResponse.render (/home/xcc/nodeWorkspace/pomelo-core/node_modules/express/lib/view.js:316:17)
    at /home/xcc/nodeWorkspace/pomelo-core/demos/webrunner/app_express.js:24:7
    at callbacks (/home/xcc/nodeWorkspace/pomelo-core/node_modules/express/lib/router/index.js:272:11)
    at param (/home/xcc/nodeWorkspace/pomelo-core/node_modules/express/lib/router/index.js:246:11)
    at pass (/home/xcc/nodeWorkspace/pomelo-core/node_modules/express/lib/router/index.js:253:5)
    at Router._dispatch (/home/xcc/nodeWorkspace/pomelo-core/node_modules/express/lib/router/index.js:280:4)
undefined
failed to locate view "layout", tried:
  - /home/xcc/nodeWorkspace/pomelo-core/demos/webrunner/public/layout.jade
undefined
Error: failed to locate view "layout"
    at Function.compile (/home/xcc/nodeWorkspace/pomelo-core/node_modules/express/lib/view.js:58:15)
    at ServerResponse._render (/home/xcc/nodeWorkspace/pomelo-core/node_modules/express/lib/view.js:415:18)
    at ServerResponse.render (/home/xcc/nodeWorkspace/pomelo-core/node_modules/express/lib/view.js:316:17)
    at ServerResponse._render (/home/xcc/nodeWorkspace/pomelo-core/node_modules/express/lib/view.js:430:10)
    at ServerResponse.render (/home/xcc/nodeWorkspace/pomelo-core/node_modules/express/lib/view.js:316:17)
    at /home/xcc/nodeWorkspace/pomelo-core/demos/webrunner/app_express.js:24:7
    at callbacks (/home/xcc/nodeWorkspace/pomelo-core/node_modules/express/lib/router/index.js:272:11)
    at param (/home/xcc/nodeWorkspace/pomelo-core/node_modules/express/lib/router/index.js:246:11)
    at pass (/home/xcc/nodeWorkspace/pomelo-core/node_modules/express/lib/router/index.js:253:5)
    at Router._dispatch (/home/xcc/nodeWorkspace/pomelo-core/node_modules/express/lib/router/index.js:280:4)
[app.use] route: / func: function router(session, next){
    self._dispatch(session, next);
  }
[app.use] route: / func: [object Object]
[app.use] route: / func: [object Object]
 express web server started
SyntaxError: Unexpected identifier
    at Object.Function (unknown source)
    at Object.compile (/home/xcc/nodeWorkspace/pomelo-core/node_modules/jade/lib/jade.js:161:8)
    at Function.compile (/home/xcc/nodeWorkspace/pomelo-core/node_modules/express/lib/view.js:65:33)
    at ServerResponse._render (/home/xcc/nodeWorkspace/pomelo-core/node_modules/express/lib/view.js:415:18)
    at ServerResponse.render (/home/xcc/nodeWorkspace/pomelo-core/node_modules/express/lib/view.js:316:17)
    at /home/xcc/nodeWorkspace/pomelo-core/demos/webrunner/app_express.js:25:7
    at callbacks (/home/xcc/nodeWorkspace/pomelo-core/node_modules/express/lib/router/index.js:272:11)
    at param (/home/xcc/nodeWorkspace/pomelo-core/node_modules/express/lib/router/index.js:246:11)
    at pass (/home/xcc/nodeWorkspace/pomelo-core/node_modules/express/lib/router/index.js:253:5)
    at Router._dispatch (/home/xcc/nodeWorkspace/pomelo-core/node_modules/express/lib/router/index.js:280:4)
SyntaxError: Unexpected identifier
    at Object.Function (unknown source)
    at Object.compile (/home/xcc/nodeWorkspace/pomelo-core/node_modules/jade/lib/jade.js:161:8)
    at Function.compile (/home/xcc/nodeWorkspace/pomelo-core/node_modules/express/lib/view.js:65:33)
    at ServerResponse._render (/home/xcc/nodeWorkspace/pomelo-core/node_modules/express/lib/view.js:415:18)
    at ServerResponse.render (/home/xcc/nodeWorkspace/pomelo-core/node_modules/express/lib/view.js:316:17)
    at /home/xcc/nodeWorkspace/pomelo-core/demos/webrunner/app_express.js:25:7
    at callbacks (/home/xcc/nodeWorkspace/pomelo-core/node_modules/express/lib/router/index.js:272:11)
    at param (/home/xcc/nodeWorkspace/pomelo-core/node_modules/express/lib/router/index.js:246:11)
    at pass (/home/xcc/nodeWorkspace/pomelo-core/node_modules/express/lib/router/index.js:253:5)
    at Router._dispatch (/home/xcc/nodeWorkspace/pomelo-core/node_modules/express/lib/router/index.js:280:4)
SyntaxError: Unexpected identifier
    at Object.Function (unknown source)
    at Object.compile (/home/xcc/nodeWorkspace/pomelo-core/node_modules/jade/lib/jade.js:161:8)
    at Function.compile (/home/xcc/nodeWorkspace/pomelo-core/node_modules/express/lib/view.js:65:33)
    at ServerResponse._render (/home/xcc/nodeWorkspace/pomelo-core/node_modules/express/lib/view.js:415:18)
    at ServerResponse.render (/home/xcc/nodeWorkspace/pomelo-core/node_modules/express/lib/view.js:316:17)
    at /home/xcc/nodeWorkspace/pomelo-core/demos/webrunner/app_express.js:25:7
    at callbacks (/home/xcc/nodeWorkspace/pomelo-core/node_modules/express/lib/router/index.js:272:11)
    at param (/home/xcc/nodeWorkspace/pomelo-core/node_modules/express/lib/router/index.js:246:11)
    at pass (/home/xcc/nodeWorkspace/pomelo-core/node_modules/express/lib/router/index.js:253:5)
    at Router._dispatch (/home/xcc/nodeWorkspace/pomelo-core/node_modules/express/lib/router/index.js:280:4)
SyntaxError: Unexpected identifier
    at Object.Function (unknown source)
    at Object.compile (/home/xcc/nodeWorkspace/pomelo-core/node_modules/jade/lib/jade.js:161:8)
    at Function.compile (/home/xcc/nodeWorkspace/pomelo-core/node_modules/express/lib/view.js:65:33)
    at ServerResponse._render (/home/xcc/nodeWorkspace/pomelo-core/node_modules/express/lib/view.js:415:18)
    at ServerResponse.render (/home/xcc/nodeWorkspace/pomelo-core/node_modules/express/lib/view.js:316:17)
    at /home/xcc/nodeWorkspace/pomelo-core/demos/webrunner/app_express.js:25:7
    at callbacks (/home/xcc/nodeWorkspace/pomelo-core/node_modules/express/lib/router/index.js:272:11)
    at param (/home/xcc/nodeWorkspace/pomelo-core/node_modules/express/lib/router/index.js:246:11)
    at pass (/home/xcc/nodeWorkspace/pomelo-core/node_modules/express/lib/router/index.js:253:5)
    at Router._dispatch (/home/xcc/nodeWorkspace/pomelo-core/node_modules/express/lib/router/index.js:280:4)
SyntaxError: Unexpected identifier
    at Object.Function (unknown source)
    at Object.compile (/home/xcc/nodeWorkspace/pomelo-core/node_modules/jade/lib/jade.js:161:8)
    at Function.compile (/home/xcc/nodeWorkspace/pomelo-core/node_modules/express/lib/view.js:65:33)
    at ServerResponse._render (/home/xcc/nodeWorkspace/pomelo-core/node_modules/express/lib/view.js:415:18)
    at ServerResponse.render (/home/xcc/nodeWorkspace/pomelo-core/node_modules/express/lib/view.js:316:17)
    at /home/xcc/nodeWorkspace/pomelo-core/demos/webrunner/app_express.js:25:7
    at callbacks (/home/xcc/nodeWorkspace/pomelo-core/node_modules/express/lib/router/index.js:272:11)
    at param (/home/xcc/nodeWorkspace/pomelo-core/node_modules/express/lib/router/index.js:246:11)
    at pass (/home/xcc/nodeWorkspace/pomelo-core/node_modules/express/lib/router/index.js:253:5)
    at Router._dispatch (/home/xcc/nodeWorkspace/pomelo-core/node_modules/express/lib/router/index.js:280:4)
SyntaxError: Unexpected identifier
    at Object.Function (unknown source)
    at Object.compile (/home/xcc/nodeWorkspace/pomelo-core/node_modules/jade/lib/jade.js:161:8)
    at Function.compile (/home/xcc/nodeWorkspace/pomelo-core/node_modules/express/lib/view.js:65:33)
    at ServerResponse._render (/home/xcc/nodeWorkspace/pomelo-core/node_modules/express/lib/view.js:415:18)
    at ServerResponse.render (/home/xcc/nodeWorkspace/pomelo-core/node_modules/express/lib/view.js:316:17)
    at /home/xcc/nodeWorkspace/pomelo-core/demos/webrunner/app_express.js:25:7
    at callbacks (/home/xcc/nodeWorkspace/pomelo-core/node_modules/express/lib/router/index.js:272:11)
    at param (/home/xcc/nodeWorkspace/pomelo-core/node_modules/express/lib/router/index.js:246:11)
    at pass (/home/xcc/nodeWorkspace/pomelo-core/node_modules/express/lib/router/index.js:253:5)
    at Router._dispatch (/home/xcc/nodeWorkspace/pomelo-core/node_modules/express/lib/router/index.js:280:4)
SyntaxError: Unexpected identifier
    at Object.Function (unknown source)
    at Object.compile (/home/xcc/nodeWorkspace/pomelo-core/node_modules/jade/lib/jade.js:161:8)
    at Function.compile (/home/xcc/nodeWorkspace/pomelo-core/node_modules/express/lib/view.js:65:33)
    at ServerResponse._render (/home/xcc/nodeWorkspace/pomelo-core/node_modules/express/lib/view.js:415:18)
    at ServerResponse.render (/home/xcc/nodeWorkspace/pomelo-core/node_modules/express/lib/view.js:316:17)
    at /home/xcc/nodeWorkspace/pomelo-core/demos/webrunner/app_express.js:25:7
    at callbacks (/home/xcc/nodeWorkspace/pomelo-core/node_modules/express/lib/router/index.js:272:11)
    at param (/home/xcc/nodeWorkspace/pomelo-core/node_modules/express/lib/router/index.js:246:11)
    at pass (/home/xcc/nodeWorkspace/pomelo-core/node_modules/express/lib/router/index.js:253:5)
    at Router._dispatch (/home/xcc/nodeWorkspace/pomelo-core/node_modules/express/lib/router/index.js:280:4)
ReferenceError: /home/xcc/nodeWorkspace/pomelo-core/demos/webrunner/public/index.jade:19
    17|       
    18|       p result:
  > 19|       textarea(id=result, style='width:600;height300')

result is not defined
    at eval at <anonymous> (/home/xcc/nodeWorkspace/pomelo-core/node_modules/jade/lib/jade.js:161:8)
    at Object.<anonymous> (/home/xcc/nodeWorkspace/pomelo-core/node_modules/jade/lib/jade.js:166:12)
    at ServerResponse._render (/home/xcc/nodeWorkspace/pomelo-core/node_modules/express/lib/view.js:423:21)
    at ServerResponse.render (/home/xcc/nodeWorkspace/pomelo-core/node_modules/express/lib/view.js:316:17)
    at /home/xcc/nodeWorkspace/pomelo-core/demos/webrunner/app_express.js:25:7
    at callbacks (/home/xcc/nodeWorkspace/pomelo-core/node_modules/express/lib/router/index.js:272:11)
    at param (/home/xcc/nodeWorkspace/pomelo-core/node_modules/express/lib/router/index.js:246:11)
    at pass (/home/xcc/nodeWorkspace/pomelo-core/node_modules/express/lib/router/index.js:253:5)
    at Router._dispatch (/home/xcc/nodeWorkspace/pomelo-core/node_modules/express/lib/router/index.js:280:4)
    at Object.handle (/home/xcc/nodeWorkspace/pomelo-core/node_modules/express/lib/router/index.js:45:10)
[app.use] route: / func: function router(session, next){
    self._dispatch(session, next);
  }
[app.use] route: / func: [object Object]
[app.use] route: / func: [object Object]
 express web server started
[app.use] route: / func: function router(session, next){
    self._dispatch(session, next);
  }
[app.use] route: / func: [object Object]
[app.use] route: / func: [object Object]
 express web server started
[app.use] route: / func: function router(session, next){
    self._dispatch(session, next);
  }
[app.use] route: / func: [object Object]
[app.use] route: / func: [object Object]
static file location: /home/xcc/nodeWorkspace/pomelo-core/demos/webrunner/public
 express web server started
[app.use] route: / func: function router(session, next){
    self._dispatch(session, next);
  }
[app.use] route: / func: [object Object]
[app.use] route: / func: [object Object]
static file location: /home/xcc/nodeWorkspace/pomelo-core/demos/webrunner/public
 express web server started
[app.use] route: / func: function router(session, next){
    self._dispatch(session, next);
  }
[app.use] route: / func: [object Object]
[app.use] route: / func: [object Object]
 express web server started
[app.use] route: / func: function router(session, next){
    self._dispatch(session, next);
  }
[app.use] route: / func: [object Object]
[app.use] route: / func: [object Object]
 express web server started
[app.use] route: / func: function router(session, next){
    self._dispatch(session, next);
  }
[app.use] route: / func: [object Object]
[app.use] route: / func: [object Object]
 express web server started
[app.use] route: / func: function router(session, next){
    self._dispatch(session, next);
  }
[app.use] route: / func: [object Object]
[app.use] route: / func: [object Object]
 express web server started
 express web server started
 express web server started
 express web server started
 express web server started
before app.configure development callback 
 express web server started
before app.configure development callback 
start create application 
end create application 
 express web server started
before app.configure development callback 
end create application app: [object Object]
 express web server started
before app.configure development callback 
end create application app: {"stack":[],"cache":{},"settings":{"env":"development"},"engines":{},"_router":{"routes":{},"map":{},"params":{},"_params":[]},"routes":{},"handlerManager":{}}
 express web server started
before app.configure development callback 
end create application app: {"stack":[],"cache":{},"settings":{"env":"development"},"engines":{},"_router":{"routes":{},"map":{},"params":{},"_params":[]},"routes":{},"handlerManager":{}}
 express web server started
before app.configure development callback 
before app.configure
 express web server started
before app.configure development callback 
before app.configure
 express web server started
before app.configure development callback 
before app.configure
 express web server started
before app.configure development callback 
app.init invoked
before app.configure
start app.configure
[app.configure] runEnv development serverType:all setting.env:node setting.serverType: all
start app.configure
[app.configure] runEnv production serverType:all setting.env:node setting.serverType: all
start app.configure
[app.configure] runEnv production serverType:all setting.env:node setting.serverType: all
start app.configure
[app.configure] runEnv production serverType:all setting.env:node setting.serverType: all
before app.configure development callback 
start app.configure
[app.configure] runEnv development serverType:all setting.env:node setting.serverType: all
start app.configure
[app.configure] runEnv production serverType:master setting.env:node setting.serverType: all
start app.configure
[app.configure] runEnv production serverType:^master setting.env:node setting.serverType: all
app.init invoked
before app.configure
[app.configure] runEnv all serverType:all setting.env:node setting.serverType: all
 express web server started
[app.configure] runEnv development serverType:all setting.env:node setting.serverType: all
[app.configure] runEnv production serverType:all setting.env:node setting.serverType: all
[app.configure] runEnv production serverType:master setting.env:node setting.serverType: all
[app.configure] runEnv all serverType:all setting.env:node setting.serverType: all
app.init invoked
before app.configure
[app.configure] runEnv all serverType:all setting.env:/home/xcc/nodeWorkspace/pomelo-core/demos/webrunner/app.js setting.serverType: all
 express web server started
[app.configure] runEnv development serverType:all setting.env:/home/xcc/nodeWorkspace/pomelo-core/demos/webrunner/app.js setting.serverType: all
[app.configure] runEnv production serverType:all setting.env:/home/xcc/nodeWorkspace/pomelo-core/demos/webrunner/app.js setting.serverType: all
[app.configure] runEnv production serverType:master setting.env:/home/xcc/nodeWorkspace/pomelo-core/demos/webrunner/app.js setting.serverType: all
[app.configure] runEnv all serverType:all setting.env:/home/xcc/nodeWorkspace/pomelo-core/demos/webrunner/app.js setting.serverType: all
app.init invoked
before app.configure
[app.configure] runEnv all serverType:all setting.env:development setting.serverType: all
 express web server started
[app.configure] runEnv development serverType:all setting.env:development setting.serverType: all
[app listenListenAll] listen on servers invoked undefined
[app.configure] runEnv production serverType:all setting.env:development setting.serverType: all
[app.configure] runEnv production serverType:master setting.env:development setting.serverType: all
[app.configure] runEnv all serverType:all setting.env:development setting.serverType: all
app.init invoked
before app.configure
[app.configure] runEnv all serverType:all setting.env:development setting.serverType: all
 express web server started
[app.configure] runEnv development serverType:all setting.env:development setting.serverType: all
[app listenListenAll] listen on servers invoked [object Object]
[app listen] listen on servers invoked [object Object]
 [connector server] start listen on server: {"id":"connector-server-1","host":"127.0.0.1","port":5050}
[app listen] listen on servers invoked [object Object]
 [logic server] start listen on server: {"id":"logic-server-1","host":"127.0.0.1","port":6050}
[app listen] listen on servers invoked [object Object]
 [area server] start listen on server: {"id":"area-server-1","host":"127.0.0.1","port":8050}
[app listen] listen on servers invoked [object Object]
 [login server] start listen on server: {"id":"login-server-1","host":"127.0.0.1","port":9050}
[app.configure] runEnv production serverType:all setting.env:development setting.serverType: all
[app.configure] runEnv production serverType:master setting.env:development setting.serverType: all
[app.configure] runEnv all serverType:all setting.env:development setting.serverType: all
app.init invoked
before app.configure
 express web server started
[app listenListenAll] listen on servers invoked [object Object]
[app listen] listen on servers invoked [object Object]
 [connector server] start listen on server: {"id":"connector-server-1","host":"127.0.0.1","port":5050}
[app listen] listen on servers invoked [object Object]
 [logic server] start listen on server: {"id":"logic-server-1","host":"127.0.0.1","port":6050}
[app listen] listen on servers invoked [object Object]
 [area server] start listen on server: {"id":"area-server-1","host":"127.0.0.1","port":8050}
[app listen] listen on servers invoked [object Object]
 [login server] start listen on server: {"id":"login-server-1","host":"127.0.0.1","port":9050}
app.init invoked
before app.configure
 express web server started
[app listenListenAll] listen on servers invoked [object Object]
[app listen] listen on servers invoked {"id":"connector-server-1","host":"127.0.0.1","port":5050}
 [connector server] start listen on server: {"id":"connector-server-1","host":"127.0.0.1","port":5050}
[app listen] listen on servers invoked {"id":"logic-server-1","host":"127.0.0.1","port":6050}
 [logic server] start listen on server: {"id":"logic-server-1","host":"127.0.0.1","port":6050}
[app listen] listen on servers invoked {"id":"area-server-1","host":"127.0.0.1","port":8050}
 [area server] start listen on server: {"id":"area-server-1","host":"127.0.0.1","port":8050}
[app listen] listen on servers invoked {"id":"login-server-1","host":"127.0.0.1","port":9050}
 [login server] start listen on server: {"id":"login-server-1","host":"127.0.0.1","port":9050}
app.init invoked
before app.configure
 express web server started
[app listenListenAll] listen on servers invoked [object Object]
[app listen] listen on servers invoked {"id":"connector-server-1","host":"127.0.0.1","port":5050}
 [connector server] start listen on server: {"id":"connector-server-1","host":"127.0.0.1","port":5050}
   [36minfo  -[39m 'socket.io started'
[app listen] listen on servers invoked {"id":"logic-server-1","host":"127.0.0.1","port":6050}
 [logic server] start listen on server: {"id":"logic-server-1","host":"127.0.0.1","port":6050}
[app listen] listen on servers invoked {"id":"area-server-1","host":"127.0.0.1","port":8050}
 [area server] start listen on server: {"id":"area-server-1","host":"127.0.0.1","port":8050}
[app listen] listen on servers invoked {"id":"login-server-1","host":"127.0.0.1","port":9050}
 [login server] start listen on server: {"id":"login-server-1","host":"127.0.0.1","port":9050}
app.init invoked
before app.configure
 express web server started
[app listenListenAll] listen on servers invoked [object Object]
[app listen] listen on servers invoked {"id":"connector-server-1","host":"127.0.0.1","port":5050}
 [connector server] start listen on server: {"id":"connector-server-1","host":"127.0.0.1","port":5050}
   [36minfo  -[39m 'socket.io started'
[app listen] listen on servers invoked {"id":"logic-server-1","host":"127.0.0.1","port":6050}
 [logic server] start listen on server: {"id":"logic-server-1","host":"127.0.0.1","port":6050}
[app listen] listen on servers invoked {"id":"area-server-1","host":"127.0.0.1","port":8050}
 [area server] start listen on server: {"id":"area-server-1","host":"127.0.0.1","port":8050}
[app listen] listen on servers invoked {"id":"login-server-1","host":"127.0.0.1","port":9050}
 [login server] start listen on server: {"id":"login-server-1","host":"127.0.0.1","port":9050}
app.init invoked
before app.configure
[app listenListenAll] listen on servers invoked [object Object]
[app listen] listen on servers invoked {"id":"connector-server-1","host":"127.0.0.1","port":5050}
 [connector server] start listen on server: {"id":"connector-server-1","host":"127.0.0.1","port":5050}
   [36minfo  -[39m 'socket.io started'
[app listen] listen on servers invoked {"id":"logic-server-1","host":"127.0.0.1","port":6050}
 [logic server] start listen on server: {"id":"logic-server-1","host":"127.0.0.1","port":6050}
[app listen] listen on servers invoked {"id":"area-server-1","host":"127.0.0.1","port":8050}
 [area server] start listen on server: {"id":"area-server-1","host":"127.0.0.1","port":8050}
[app listen] listen on servers invoked {"id":"login-server-1","host":"127.0.0.1","port":9050}
 [login server] start listen on server: {"id":"login-server-1","host":"127.0.0.1","port":9050}
 express web server started
app.init invoked
before app.configure
[app listenListenAll] listen on servers invoked [object Object]
[app listen] listen on servers invoked {"id":"connector-server-1","host":"127.0.0.1","port":5050}
 [connector server] start listen on server: {"id":"connector-server-1","host":"127.0.0.1","port":5050}
   [36minfo  -[39m 'socket.io started'
[app listen] listen on servers invoked {"id":"logic-server-1","host":"127.0.0.1","port":6050}
 [logic server] start listen on server: {"id":"logic-server-1","host":"127.0.0.1","port":6050}
[app listen] listen on servers invoked {"id":"area-server-1","host":"127.0.0.1","port":8050}
 [area server] start listen on server: {"id":"area-server-1","host":"127.0.0.1","port":8050}
[app listen] listen on servers invoked {"id":"login-server-1","host":"127.0.0.1","port":9050}
 [login server] start listen on server: {"id":"login-server-1","host":"127.0.0.1","port":9050}
 express web server started
[connector] server socket connected!
[connector] server socket connected!
[connector] server socket connected!
app.init invoked
before app.configure
[app listenListenAll] listen on servers invoked [object Object]
[app listen] listen on servers invoked {"id":"connector-server-1","host":"127.0.0.1","port":5050}
 [connector server] start listen on server: {"id":"connector-server-1","host":"127.0.0.1","port":5050}
   [36minfo  -[39m 'socket.io started'
[app listen] listen on servers invoked {"id":"logic-server-1","host":"127.0.0.1","port":6050}
 [logic server] start listen on server: {"id":"logic-server-1","host":"127.0.0.1","port":6050}
[app listen] listen on servers invoked {"id":"area-server-1","host":"127.0.0.1","port":8050}
 [area server] start listen on server: {"id":"area-server-1","host":"127.0.0.1","port":8050}
[app listen] listen on servers invoked {"id":"login-server-1","host":"127.0.0.1","port":9050}
 [login server] start listen on server: {"id":"login-server-1","host":"127.0.0.1","port":9050}
 express web server started
[connector] server socket connected!
[connector] server socket connected!
app.init invoked
before app.configure
[app listenListenAll] listen on servers invoked [object Object]
[app listen] listen on servers invoked {"id":"connector-server-1","host":"127.0.0.1","port":5050}
 [connector server] start listen on server: {"id":"connector-server-1","host":"127.0.0.1","port":5050}
   [36minfo  -[39m 'socket.io started'
[app listen] listen on servers invoked {"id":"logic-server-1","host":"127.0.0.1","port":6050}
 [logic server] start listen on server: {"id":"logic-server-1","host":"127.0.0.1","port":6050}
[app listen] listen on servers invoked {"id":"area-server-1","host":"127.0.0.1","port":8050}
 [area server] start listen on server: {"id":"area-server-1","host":"127.0.0.1","port":8050}
[app listen] listen on servers invoked {"id":"login-server-1","host":"127.0.0.1","port":9050}
 [login server] start listen on server: {"id":"login-server-1","host":"127.0.0.1","port":9050}
 express web server started
[connector] server socket connected!
[connector] server socket connected!
[connector] server socket connected!
[connector] server socket connected!
[connector server] get msg: [object Object]
app.init invoked
before app.configure
[app listenListenAll] listen on servers invoked [object Object]
[app listen] listen on servers invoked {"id":"connector-server-1","host":"127.0.0.1","port":5050}
 [connector server] start listen on server: {"id":"connector-server-1","host":"127.0.0.1","port":5050}
   [36minfo  -[39m 'socket.io started'
[app listen] listen on servers invoked {"id":"logic-server-1","host":"127.0.0.1","port":6050}
 [logic server] start listen on server: {"id":"logic-server-1","host":"127.0.0.1","port":6050}
[app listen] listen on servers invoked {"id":"area-server-1","host":"127.0.0.1","port":8050}
 [area server] start listen on server: {"id":"area-server-1","host":"127.0.0.1","port":8050}
[app listen] listen on servers invoked {"id":"login-server-1","host":"127.0.0.1","port":9050}
 [login server] start listen on server: {"id":"login-server-1","host":"127.0.0.1","port":9050}
 express web server started
[connector] server socket connected!
[connector server] get msg: [object Object]
app.init invoked
before app.configure
[app listenListenAll] listen on servers invoked [object Object]
[app listen] listen on servers invoked {"id":"connector-server-1","host":"127.0.0.1","port":5050}
 [connector server] start listen on server: {"id":"connector-server-1","host":"127.0.0.1","port":5050}
   [36minfo  -[39m 'socket.io started'
[app listen] listen on servers invoked {"id":"logic-server-1","host":"127.0.0.1","port":6050}
 [logic server] start listen on server: {"id":"logic-server-1","host":"127.0.0.1","port":6050}
[app listen] listen on servers invoked {"id":"area-server-1","host":"127.0.0.1","port":8050}
 [area server] start listen on server: {"id":"area-server-1","host":"127.0.0.1","port":8050}
[app listen] listen on servers invoked {"id":"login-server-1","host":"127.0.0.1","port":9050}
 [login server] start listen on server: {"id":"login-server-1","host":"127.0.0.1","port":9050}
 express web server started
[connector] server socket connected!
[connector server] get msg: [object Object]
app.init invoked
before app.configure
[app listenListenAll] listen on servers invoked [object Object]
[app listen] listen on servers invoked {"id":"connector-server-1","host":"127.0.0.1","port":5050}
 [connector server] start listen on server: {"id":"connector-server-1","host":"127.0.0.1","port":5050}
   [36minfo  -[39m 'socket.io started'
[app listen] listen on servers invoked {"id":"logic-server-1","host":"127.0.0.1","port":6050}
 [logic server] start listen on server: {"id":"logic-server-1","host":"127.0.0.1","port":6050}
[app listen] listen on servers invoked {"id":"area-server-1","host":"127.0.0.1","port":8050}
 [area server] start listen on server: {"id":"area-server-1","host":"127.0.0.1","port":8050}
[app listen] listen on servers invoked {"id":"login-server-1","host":"127.0.0.1","port":9050}
 [login server] start listen on server: {"id":"login-server-1","host":"127.0.0.1","port":9050}
 express web server started
[connector] server socket connected!
[connector server] get msg: [object Object]
app.init invoked
before app.configure
[app listenListenAll] listen on servers invoked [object Object]
[app listen] listen on servers invoked {"id":"connector-server-1","host":"127.0.0.1","port":5050}
 [connector server] start listen on server: {"id":"connector-server-1","host":"127.0.0.1","port":5050}
   [36minfo  -[39m 'socket.io started'
[app listen] listen on servers invoked {"id":"logic-server-1","host":"127.0.0.1","port":6050}
 [logic server] start listen on server: {"id":"logic-server-1","host":"127.0.0.1","port":6050}
[app listen] listen on servers invoked {"id":"area-server-1","host":"127.0.0.1","port":8050}
 [area server] start listen on server: {"id":"area-server-1","host":"127.0.0.1","port":8050}
[app listen] listen on servers invoked {"id":"login-server-1","host":"127.0.0.1","port":9050}
 [login server] start listen on server: {"id":"login-server-1","host":"127.0.0.1","port":9050}
 express web server started
[connector] server socket connected!
[connector server] get msg: [object Object]
app.init invoked
before app.configure
[app listenListenAll] listen on servers invoked [object Object]
[app listen] listen on servers invoked {"id":"connector-server-1","host":"127.0.0.1","port":5050}
 [connector server] start listen on server: {"id":"connector-server-1","host":"127.0.0.1","port":5050}
   [36minfo  -[39m 'socket.io started'
[app listen] listen on servers invoked {"id":"logic-server-1","host":"127.0.0.1","port":6050}
 [logic server] start listen on server: {"id":"logic-server-1","host":"127.0.0.1","port":6050}
[app listen] listen on servers invoked {"id":"area-server-1","host":"127.0.0.1","port":8050}
 [area server] start listen on server: {"id":"area-server-1","host":"127.0.0.1","port":8050}
[app listen] listen on servers invoked {"id":"login-server-1","host":"127.0.0.1","port":9050}
 [login server] start listen on server: {"id":"login-server-1","host":"127.0.0.1","port":9050}
 express web server started
[connector] server socket connected!
[connector server] get msg: [object Object]
 filter info: {"route":"/","handler":{}} index: 0
 [handle session] route: undefined params: undefined
app.init invoked
before app.configure
[app listenListenAll] listen on servers invoked [object Object]
[app listen] listen on servers invoked {"id":"connector-server-1","host":"127.0.0.1","port":5050}
 [connector server] start listen on server: {"id":"connector-server-1","host":"127.0.0.1","port":5050}
   [36minfo  -[39m 'socket.io started'
[app listen] listen on servers invoked {"id":"logic-server-1","host":"127.0.0.1","port":6050}
 [logic server] start listen on server: {"id":"logic-server-1","host":"127.0.0.1","port":6050}
[app listen] listen on servers invoked {"id":"area-server-1","host":"127.0.0.1","port":8050}
 [area server] start listen on server: {"id":"area-server-1","host":"127.0.0.1","port":8050}
[app listen] listen on servers invoked {"id":"login-server-1","host":"127.0.0.1","port":9050}
 [login server] start listen on server: {"id":"login-server-1","host":"127.0.0.1","port":9050}
 express web server started
[connector] server socket connected!
[connector] server socket connected!
[connector server] get msg: [object Object]
 [handle session] route: undefined params: undefined
