[2012-07-19 16:03:49.189] [INFO] /home/py/Project/pomelo-core/lib/components/logger.js - logger inited
[2012-07-19 16:03:49.190] [INFO] /home/py/Project/pomelo-core/lib/components/proxy.js - begin to init proxy component.
[2012-07-19 16:03:49.191] [INFO] /home/py/Project/pomelo-core/lib/components/proxy.js - [app.genProxy] loading proxy module, name:connector, dir:/home/py/Project/pomelo-core/demos/treasures/app/connector/remote
[2012-07-19 16:03:49.191] [DEBUG] /home/py/Project/pomelo-core/lib/components/proxy.js - [remote path not exists] name:connector, dir:/home/py/Project/pomelo-core/demos/treasures/app/connector/remote
[2012-07-19 16:03:49.191] [INFO] /home/py/Project/pomelo-core/lib/components/proxy.js - [app.genProxy] loading proxy module, name:connector, dir:/home/py/Project/pomelo-core/lib/components/../common/remote/frontend
[2012-07-19 16:03:49.198] [INFO] /home/py/Project/pomelo-core/lib/components/proxy.js - [app.genProxy] loading proxy module, name:login, dir:/home/py/Project/pomelo-core/demos/treasures/app/login/remote
[2012-07-19 16:03:49.204] [INFO] /home/py/Project/pomelo-core/lib/components/proxy.js - [app.genProxy] loading proxy module, name:login, dir:/home/py/Project/pomelo-core/lib/components/../common/remote/backend
[2012-07-19 16:03:49.210] [INFO] /home/py/Project/pomelo-core/lib/components/proxy.js - [app.genProxy] loading proxy module, name:logic, dir:/home/py/Project/pomelo-core/demos/treasures/app/logic/remote
[2012-07-19 16:03:49.211] [DEBUG] /home/py/Project/pomelo-core/lib/components/proxy.js - [remote path not exists] name:logic, dir:/home/py/Project/pomelo-core/demos/treasures/app/logic/remote
[2012-07-19 16:03:49.212] [INFO] /home/py/Project/pomelo-core/lib/components/proxy.js - [app.genProxy] loading proxy module, name:logic, dir:/home/py/Project/pomelo-core/lib/components/../common/remote/backend
[2012-07-19 16:03:49.212] [INFO] /home/py/Project/pomelo-core/lib/components/proxy.js - [app.genProxy] loading proxy module, name:area, dir:/home/py/Project/pomelo-core/demos/treasures/app/area/remote
[2012-07-19 16:03:49.237] [INFO] /home/py/Project/pomelo-core/lib/components/proxy.js - [app.genProxy] loading proxy module, name:area, dir:/home/py/Project/pomelo-core/lib/components/../common/remote/backend
[2012-07-19 16:03:49.239] [INFO] /home/py/Project/pomelo-core/lib/components/proxy.js - [app.genProxy] loading proxy module, name:status, dir:/home/py/Project/pomelo-core/demos/treasures/app/status/remote
[2012-07-19 16:03:49.243] [INFO] /home/py/Project/pomelo-core/lib/components/proxy.js - [app.genProxy] loading proxy module, name:status, dir:/home/py/Project/pomelo-core/lib/components/../common/remote/backend
[2012-07-19 16:03:49.244] [INFO] /home/py/Project/pomelo-core/lib/components/proxy.js - [app.genProxy] loading proxy module, name:channel, dir:/home/py/Project/pomelo-core/demos/treasures/app/channel/remote
[2012-07-19 16:03:49.245] [DEBUG] /home/py/Project/pomelo-core/lib/components/proxy.js - [remote path not exists] name:channel, dir:/home/py/Project/pomelo-core/demos/treasures/app/channel/remote
[2012-07-19 16:03:49.249] [INFO] /home/py/Project/pomelo-core/lib/components/proxy.js - [app.genProxy] loading proxy module, name:channel, dir:/home/py/Project/pomelo-core/lib/components/../common/remote/backend
[2012-07-19 16:03:49.253] [INFO] /home/py/Project/pomelo-core/lib/components/proxy.js - proxy inited.
[2012-07-19 16:03:49.253] [INFO] /home/py/Project/pomelo-core/lib/components/handler.js - begin to init handler component.
[2012-07-19 16:03:49.254] [INFO] /home/py/Project/pomelo-core/lib/components/handler.js - [app.genHandler] loading handler module, name:logic, dir:/home/py/Project/pomelo-core/demos/treasures/app/logic/handler
[2012-07-19 16:03:49.254] [DEBUG] /home/py/Project/pomelo-core/lib/components/handler.js - [handlerPath not exists] name:logic, dir:/home/py/Project/pomelo-core/demos/treasures/app/logic/handler
[2012-07-19 16:03:49.254] [INFO] /home/py/Project/pomelo-core/lib/components/handler.js - handlers inited.
[2012-07-19 16:03:49.255] [INFO] /home/py/Project/pomelo-core/lib/components/remote.js - begin to init remote component.
[2012-07-19 16:03:49.256] [INFO] /home/py/Project/pomelo-core/lib/components/remote.js - [app.genRemote] loading handler module, name:logic, dir:/home/py/Project/pomelo-core/demos/treasures/app/logic/remote
[2012-07-19 16:03:49.256] [DEBUG] /home/py/Project/pomelo-core/lib/components/remote.js - [remote path not exists] name:logic  dir:/home/py/Project/pomelo-core/demos/treasures/app/logic/remote
[2012-07-19 16:03:49.257] [INFO] /home/py/Project/pomelo-core/lib/components/remote.js - [app.genRemote] loading handler module, name:logic, dir:/home/py/Project/pomelo-core/lib/components/../common/remote/backend
[2012-07-19 16:03:49.258] [INFO] /home/py/Project/pomelo-core/lib/components/remote.js - remote inited.
[2012-07-19 16:03:49.259] [INFO] /home/py/Project/pomelo-core/lib/components/server.js - begin to init server component.
[2012-07-19 16:03:49.259] [INFO] /home/py/Project/pomelo-core/lib/components/server.js - server inited.
[2012-07-19 16:03:49.260] [INFO] /home/py/Project/pomelo-core/lib/components/channel.js - begin to init channel component.
[2012-07-19 16:03:49.261] [INFO] /home/py/Project/pomelo-core/lib/components/channel.js - channel inited.
[2012-07-19 16:03:49.261] [INFO] /home/py/Project/pomelo-core/lib/components/sync.js - begin to init sync component.
[2012-07-19 16:03:49.323] [INFO] /home/py/Project/pomelo-core/lib/sync/syncUtil.js -  load mapping file /home/py/Project/pomelo-core/demos/treasures/app/dao/mapping/
[2012-07-19 16:03:49.328] [INFO] /home/py/Project/pomelo-core/lib/sync/syncUtil.js -  load mapping file done 
[2012-07-19 16:03:49.331] [INFO] /home/py/Project/pomelo-core/lib/components/sync.js - sync inited.
[2012-07-19 16:03:49.332] [WARN] /home/py/Project/pomelo-core/lib/application.js - ignore component not with start function, name: area
[2012-07-19 16:03:49.333] [WARN] /home/py/Project/pomelo-core/lib/application.js - ignore component not with start function, name: logger
[2012-07-19 16:03:49.333] [WARN] /home/py/Project/pomelo-core/lib/application.js - ignore component not with start function, name: proxy
[2012-07-19 16:03:49.334] [WARN] /home/py/Project/pomelo-core/lib/application.js - ignore component not with start function, name: handler
[2012-07-19 16:03:49.335] [WARN] /home/py/Project/pomelo-core/lib/application.js - ignore component not with start function, name: remote
[2012-07-19 16:03:49.336] [INFO] /home/py/Project/pomelo-core/lib/components/server.js - begin to start server component.
[2012-07-19 16:03:49.342] [INFO] /home/py/Project/pomelo-core/lib/server/server.js - [logic server] start listen on server: {"id":"logic-server-1","host":"127.0.0.1","port":6050,"serverType":"logic"}
[2012-07-19 16:03:49.343] [INFO] /home/py/Project/pomelo-core/lib/application.js - monitor connect to master {"id":"master-server-1","host":"127.0.0.1","port":3005,"queryPort":3015,"wsPort":2337}
[2012-07-19 16:03:49.453] [INFO] /home/py/Project/pomelo-core/lib/components/server.js - server started.
[2012-07-19 16:03:49.454] [WARN] /home/py/Project/pomelo-core/lib/application.js - ignore component not with start function, name: channel
[2012-07-19 16:03:49.454] [WARN] /home/py/Project/pomelo-core/lib/application.js - ignore component not with start function, name: sync
[2012-07-19 16:03:49.566] [INFO] /home/py/Project/pomelo-core/lib/monitor/monitorAgent.js - Connected to server, sending announcement...
[2012-07-19 16:06:41.882] [INFO] /home/py/Project/pomelo-core/lib/components/logger.js - logger inited
[2012-07-19 16:06:41.882] [INFO] /home/py/Project/pomelo-core/lib/components/proxy.js - begin to init proxy component.
[2012-07-19 16:06:41.883] [INFO] /home/py/Project/pomelo-core/lib/components/proxy.js - [app.genProxy] loading proxy module, name:connector, dir:/home/py/Project/pomelo-core/demos/treasures/app/connector/remote
[2012-07-19 16:06:41.884] [DEBUG] /home/py/Project/pomelo-core/lib/components/proxy.js - [remote path not exists] name:connector, dir:/home/py/Project/pomelo-core/demos/treasures/app/connector/remote
[2012-07-19 16:06:41.884] [INFO] /home/py/Project/pomelo-core/lib/components/proxy.js - [app.genProxy] loading proxy module, name:connector, dir:/home/py/Project/pomelo-core/lib/components/../common/remote/frontend
[2012-07-19 16:06:41.891] [INFO] /home/py/Project/pomelo-core/lib/components/proxy.js - [app.genProxy] loading proxy module, name:login, dir:/home/py/Project/pomelo-core/demos/treasures/app/login/remote
[2012-07-19 16:06:41.896] [INFO] /home/py/Project/pomelo-core/lib/components/proxy.js - [app.genProxy] loading proxy module, name:login, dir:/home/py/Project/pomelo-core/lib/components/../common/remote/backend
[2012-07-19 16:06:41.903] [INFO] /home/py/Project/pomelo-core/lib/components/proxy.js - [app.genProxy] loading proxy module, name:logic, dir:/home/py/Project/pomelo-core/demos/treasures/app/logic/remote
[2012-07-19 16:06:41.903] [DEBUG] /home/py/Project/pomelo-core/lib/components/proxy.js - [remote path not exists] name:logic, dir:/home/py/Project/pomelo-core/demos/treasures/app/logic/remote
[2012-07-19 16:06:41.903] [INFO] /home/py/Project/pomelo-core/lib/components/proxy.js - [app.genProxy] loading proxy module, name:logic, dir:/home/py/Project/pomelo-core/lib/components/../common/remote/backend
[2012-07-19 16:06:41.905] [INFO] /home/py/Project/pomelo-core/lib/components/proxy.js - [app.genProxy] loading proxy module, name:area, dir:/home/py/Project/pomelo-core/demos/treasures/app/area/remote
[2012-07-19 16:06:41.928] [INFO] /home/py/Project/pomelo-core/lib/components/proxy.js - [app.genProxy] loading proxy module, name:area, dir:/home/py/Project/pomelo-core/lib/components/../common/remote/backend
[2012-07-19 16:06:41.934] [INFO] /home/py/Project/pomelo-core/lib/components/proxy.js - [app.genProxy] loading proxy module, name:status, dir:/home/py/Project/pomelo-core/demos/treasures/app/status/remote
[2012-07-19 16:06:41.938] [INFO] /home/py/Project/pomelo-core/lib/components/proxy.js - [app.genProxy] loading proxy module, name:status, dir:/home/py/Project/pomelo-core/lib/components/../common/remote/backend
[2012-07-19 16:06:41.939] [INFO] /home/py/Project/pomelo-core/lib/components/proxy.js - [app.genProxy] loading proxy module, name:channel, dir:/home/py/Project/pomelo-core/demos/treasures/app/channel/remote
[2012-07-19 16:06:41.940] [DEBUG] /home/py/Project/pomelo-core/lib/components/proxy.js - [remote path not exists] name:channel, dir:/home/py/Project/pomelo-core/demos/treasures/app/channel/remote
[2012-07-19 16:06:41.940] [INFO] /home/py/Project/pomelo-core/lib/components/proxy.js - [app.genProxy] loading proxy module, name:channel, dir:/home/py/Project/pomelo-core/lib/components/../common/remote/backend
[2012-07-19 16:06:41.942] [INFO] /home/py/Project/pomelo-core/lib/components/proxy.js - proxy inited.
[2012-07-19 16:06:41.942] [INFO] /home/py/Project/pomelo-core/lib/components/handler.js - begin to init handler component.
[2012-07-19 16:06:41.942] [INFO] /home/py/Project/pomelo-core/lib/components/handler.js - [app.genHandler] loading handler module, name:logic, dir:/home/py/Project/pomelo-core/demos/treasures/app/logic/handler
[2012-07-19 16:06:41.942] [DEBUG] /home/py/Project/pomelo-core/lib/components/handler.js - [handlerPath not exists] name:logic, dir:/home/py/Project/pomelo-core/demos/treasures/app/logic/handler
[2012-07-19 16:06:41.944] [INFO] /home/py/Project/pomelo-core/lib/components/handler.js - handlers inited.
[2012-07-19 16:06:41.944] [INFO] /home/py/Project/pomelo-core/lib/components/remote.js - begin to init remote component.
[2012-07-19 16:06:41.944] [INFO] /home/py/Project/pomelo-core/lib/components/remote.js - [app.genRemote] loading handler module, name:logic, dir:/home/py/Project/pomelo-core/demos/treasures/app/logic/remote
[2012-07-19 16:06:41.945] [DEBUG] /home/py/Project/pomelo-core/lib/components/remote.js - [remote path not exists] name:logic  dir:/home/py/Project/pomelo-core/demos/treasures/app/logic/remote
[2012-07-19 16:06:41.945] [INFO] /home/py/Project/pomelo-core/lib/components/remote.js - [app.genRemote] loading handler module, name:logic, dir:/home/py/Project/pomelo-core/lib/components/../common/remote/backend
[2012-07-19 16:06:41.947] [INFO] /home/py/Project/pomelo-core/lib/components/remote.js - remote inited.
[2012-07-19 16:06:41.947] [INFO] /home/py/Project/pomelo-core/lib/components/server.js - begin to init server component.
[2012-07-19 16:06:41.947] [INFO] /home/py/Project/pomelo-core/lib/components/server.js - server inited.
[2012-07-19 16:06:41.947] [INFO] /home/py/Project/pomelo-core/lib/components/channel.js - begin to init channel component.
[2012-07-19 16:06:41.947] [INFO] /home/py/Project/pomelo-core/lib/components/channel.js - channel inited.
[2012-07-19 16:06:41.947] [INFO] /home/py/Project/pomelo-core/lib/components/sync.js - begin to init sync component.
[2012-07-19 16:06:42.012] [INFO] /home/py/Project/pomelo-core/lib/sync/syncUtil.js -  load mapping file /home/py/Project/pomelo-core/demos/treasures/app/dao/mapping/
[2012-07-19 16:06:42.015] [INFO] /home/py/Project/pomelo-core/lib/sync/syncUtil.js -  load mapping file done 
[2012-07-19 16:06:42.017] [INFO] /home/py/Project/pomelo-core/lib/components/sync.js - sync inited.
[2012-07-19 16:06:42.017] [WARN] /home/py/Project/pomelo-core/lib/application.js - ignore component not with start function, name: area
[2012-07-19 16:06:42.017] [WARN] /home/py/Project/pomelo-core/lib/application.js - ignore component not with start function, name: logger
[2012-07-19 16:06:42.018] [WARN] /home/py/Project/pomelo-core/lib/application.js - ignore component not with start function, name: proxy
[2012-07-19 16:06:42.018] [WARN] /home/py/Project/pomelo-core/lib/application.js - ignore component not with start function, name: handler
[2012-07-19 16:06:42.019] [WARN] /home/py/Project/pomelo-core/lib/application.js - ignore component not with start function, name: remote
[2012-07-19 16:06:42.019] [INFO] /home/py/Project/pomelo-core/lib/components/server.js - begin to start server component.
[2012-07-19 16:06:42.023] [INFO] /home/py/Project/pomelo-core/lib/server/server.js - [logic server] start listen on server: {"id":"logic-server-1","host":"127.0.0.1","port":6050,"serverType":"logic"}
[2012-07-19 16:06:42.023] [INFO] /home/py/Project/pomelo-core/lib/application.js - monitor connect to master {"id":"master-server-1","host":"127.0.0.1","port":3005,"queryPort":3015,"wsPort":2337}
[2012-07-19 16:06:42.145] [INFO] /home/py/Project/pomelo-core/lib/components/server.js - server started.
[2012-07-19 16:06:42.146] [WARN] /home/py/Project/pomelo-core/lib/application.js - ignore component not with start function, name: channel
[2012-07-19 16:06:42.146] [WARN] /home/py/Project/pomelo-core/lib/application.js - ignore component not with start function, name: sync
[2012-07-19 16:06:42.272] [INFO] /home/py/Project/pomelo-core/lib/monitor/monitorAgent.js - Connected to server, sending announcement...
