[2012-07-19 16:03:49.018] [INFO] /home/py/Project/pomelo-core/lib/components/logger.js - logger inited
[2012-07-19 16:03:49.018] [INFO] /home/py/Project/pomelo-core/lib/components/proxy.js - begin to init proxy component.
[2012-07-19 16:03:49.020] [INFO] /home/py/Project/pomelo-core/lib/components/proxy.js - [app.genProxy] loading proxy module, name:connector, dir:/home/py/Project/pomelo-core/demos/treasures/app/connector/remote
[2012-07-19 16:03:49.020] [DEBUG] /home/py/Project/pomelo-core/lib/components/proxy.js - [remote path not exists] name:connector, dir:/home/py/Project/pomelo-core/demos/treasures/app/connector/remote
[2012-07-19 16:03:49.020] [INFO] /home/py/Project/pomelo-core/lib/components/proxy.js - [app.genProxy] loading proxy module, name:connector, dir:/home/py/Project/pomelo-core/lib/components/../common/remote/frontend
[2012-07-19 16:03:49.030] [INFO] /home/py/Project/pomelo-core/lib/components/proxy.js - [app.genProxy] loading proxy module, name:login, dir:/home/py/Project/pomelo-core/demos/treasures/app/login/remote
[2012-07-19 16:03:49.035] [INFO] /home/py/Project/pomelo-core/lib/components/proxy.js - [app.genProxy] loading proxy module, name:login, dir:/home/py/Project/pomelo-core/lib/components/../common/remote/backend
[2012-07-19 16:03:49.045] [INFO] /home/py/Project/pomelo-core/lib/components/proxy.js - [app.genProxy] loading proxy module, name:logic, dir:/home/py/Project/pomelo-core/demos/treasures/app/logic/remote
[2012-07-19 16:03:49.046] [DEBUG] /home/py/Project/pomelo-core/lib/components/proxy.js - [remote path not exists] name:logic, dir:/home/py/Project/pomelo-core/demos/treasures/app/logic/remote
[2012-07-19 16:03:49.047] [INFO] /home/py/Project/pomelo-core/lib/components/proxy.js - [app.genProxy] loading proxy module, name:logic, dir:/home/py/Project/pomelo-core/lib/components/../common/remote/backend
[2012-07-19 16:03:49.048] [INFO] /home/py/Project/pomelo-core/lib/components/proxy.js - [app.genProxy] loading proxy module, name:area, dir:/home/py/Project/pomelo-core/demos/treasures/app/area/remote
[2012-07-19 16:03:49.076] [INFO] /home/py/Project/pomelo-core/lib/components/proxy.js - [app.genProxy] loading proxy module, name:area, dir:/home/py/Project/pomelo-core/lib/components/../common/remote/backend
[2012-07-19 16:03:49.078] [INFO] /home/py/Project/pomelo-core/lib/components/proxy.js - [app.genProxy] loading proxy module, name:status, dir:/home/py/Project/pomelo-core/demos/treasures/app/status/remote
[2012-07-19 16:03:49.082] [INFO] /home/py/Project/pomelo-core/lib/components/proxy.js - [app.genProxy] loading proxy module, name:status, dir:/home/py/Project/pomelo-core/lib/components/../common/remote/backend
[2012-07-19 16:03:49.084] [INFO] /home/py/Project/pomelo-core/lib/components/proxy.js - [app.genProxy] loading proxy module, name:channel, dir:/home/py/Project/pomelo-core/demos/treasures/app/channel/remote
[2012-07-19 16:03:49.084] [DEBUG] /home/py/Project/pomelo-core/lib/components/proxy.js - [remote path not exists] name:channel, dir:/home/py/Project/pomelo-core/demos/treasures/app/channel/remote
[2012-07-19 16:03:49.084] [INFO] /home/py/Project/pomelo-core/lib/components/proxy.js - [app.genProxy] loading proxy module, name:channel, dir:/home/py/Project/pomelo-core/lib/components/../common/remote/backend
[2012-07-19 16:03:49.092] [INFO] /home/py/Project/pomelo-core/lib/components/proxy.js - proxy inited.
[2012-07-19 16:03:49.092] [INFO] /home/py/Project/pomelo-core/lib/components/handler.js - begin to init handler component.
[2012-07-19 16:03:49.092] [INFO] /home/py/Project/pomelo-core/lib/components/handler.js - [app.genHandler] loading handler module, name:area, dir:/home/py/Project/pomelo-core/demos/treasures/app/area/handler
[2012-07-19 16:03:49.134] [INFO] /home/py/Project/pomelo-core/lib/components/handler.js - handlers inited.
[2012-07-19 16:03:49.135] [INFO] /home/py/Project/pomelo-core/lib/components/remote.js - begin to init remote component.
[2012-07-19 16:03:49.135] [INFO] /home/py/Project/pomelo-core/lib/components/remote.js - [app.genRemote] loading handler module, name:area, dir:/home/py/Project/pomelo-core/demos/treasures/app/area/remote
[2012-07-19 16:03:49.137] [INFO] /home/py/Project/pomelo-core/lib/components/remote.js - [app.genRemote] loading handler module, name:area, dir:/home/py/Project/pomelo-core/lib/components/../common/remote/backend
[2012-07-19 16:03:49.138] [INFO] /home/py/Project/pomelo-core/lib/components/remote.js - remote inited.
[2012-07-19 16:03:49.139] [INFO] /home/py/Project/pomelo-core/lib/components/server.js - begin to init server component.
[2012-07-19 16:03:49.139] [INFO] /home/py/Project/pomelo-core/lib/components/server.js - server inited.
[2012-07-19 16:03:49.140] [INFO] /home/py/Project/pomelo-core/lib/components/channel.js - begin to init channel component.
[2012-07-19 16:03:49.140] [INFO] /home/py/Project/pomelo-core/lib/components/channel.js - channel inited.
[2012-07-19 16:03:49.140] [WARN] /home/py/Project/pomelo-core/lib/application.js - ignore component not with init function, name: areaService
[2012-07-19 16:03:49.147] [INFO] /home/py/Project/pomelo-core/lib/components/sync.js - begin to init sync component.
[2012-07-19 16:03:49.206] [INFO] /home/py/Project/pomelo-core/lib/sync/syncUtil.js -  load mapping file /home/py/Project/pomelo-core/demos/treasures/app/dao/mapping/
[2012-07-19 16:03:49.209] [INFO] /home/py/Project/pomelo-core/lib/sync/syncUtil.js -  load mapping file done 
[2012-07-19 16:03:49.209] [INFO] /home/py/Project/pomelo-core/lib/components/sync.js - sync inited.
[2012-07-19 16:03:49.210] [WARN] /home/py/Project/pomelo-core/lib/application.js - ignore component not with start function, name: area
[2012-07-19 16:03:49.210] [WARN] /home/py/Project/pomelo-core/lib/application.js - ignore component not with start function, name: logger
[2012-07-19 16:03:49.211] [WARN] /home/py/Project/pomelo-core/lib/application.js - ignore component not with start function, name: proxy
[2012-07-19 16:03:49.211] [WARN] /home/py/Project/pomelo-core/lib/application.js - ignore component not with start function, name: handler
[2012-07-19 16:03:49.211] [WARN] /home/py/Project/pomelo-core/lib/application.js - ignore component not with start function, name: remote
[2012-07-19 16:03:49.211] [INFO] /home/py/Project/pomelo-core/lib/components/server.js - begin to start server component.
[2012-07-19 16:03:49.217] [INFO] /home/py/Project/pomelo-core/lib/server/server.js - [area server] start listen on server: {"id":"area-server-1","host":"127.0.0.1","port":8050,"serverType":"area"}
[2012-07-19 16:03:49.218] [INFO] /home/py/Project/pomelo-core/lib/application.js - monitor connect to master {"id":"master-server-1","host":"127.0.0.1","port":3005,"queryPort":3015,"wsPort":2337}
[2012-07-19 16:03:49.336] [INFO] /home/py/Project/pomelo-core/lib/components/server.js - server started.
[2012-07-19 16:03:49.336] [WARN] /home/py/Project/pomelo-core/lib/application.js - ignore component not with start function, name: channel
[2012-07-19 16:03:49.337] [INFO] /app/components/areaService.js - begin to start areaService component.
[2012-07-19 16:03:49.338] [INFO] /app/components/areaService.js - areaService inited.
[2012-07-19 16:03:49.338] [WARN] /home/py/Project/pomelo-core/lib/application.js - ignore component not with start function, name: sync
[2012-07-19 16:03:49.530] [INFO] /home/py/Project/pomelo-core/lib/monitor/monitorAgent.js - Connected to server, sending announcement...
[2012-07-19 16:06:41.984] [INFO] /home/py/Project/pomelo-core/lib/components/logger.js - logger inited
[2012-07-19 16:06:41.985] [INFO] /home/py/Project/pomelo-core/lib/components/proxy.js - begin to init proxy component.
[2012-07-19 16:06:41.985] [INFO] /home/py/Project/pomelo-core/lib/components/proxy.js - [app.genProxy] loading proxy module, name:connector, dir:/home/py/Project/pomelo-core/demos/treasures/app/connector/remote
[2012-07-19 16:06:41.986] [DEBUG] /home/py/Project/pomelo-core/lib/components/proxy.js - [remote path not exists] name:connector, dir:/home/py/Project/pomelo-core/demos/treasures/app/connector/remote
[2012-07-19 16:06:41.987] [INFO] /home/py/Project/pomelo-core/lib/components/proxy.js - [app.genProxy] loading proxy module, name:connector, dir:/home/py/Project/pomelo-core/lib/components/../common/remote/frontend
[2012-07-19 16:06:42.005] [INFO] /home/py/Project/pomelo-core/lib/components/proxy.js - [app.genProxy] loading proxy module, name:login, dir:/home/py/Project/pomelo-core/demos/treasures/app/login/remote
[2012-07-19 16:06:42.011] [INFO] /home/py/Project/pomelo-core/lib/components/proxy.js - [app.genProxy] loading proxy module, name:login, dir:/home/py/Project/pomelo-core/lib/components/../common/remote/backend
[2012-07-19 16:06:42.018] [INFO] /home/py/Project/pomelo-core/lib/components/proxy.js - [app.genProxy] loading proxy module, name:logic, dir:/home/py/Project/pomelo-core/demos/treasures/app/logic/remote
[2012-07-19 16:06:42.027] [DEBUG] /home/py/Project/pomelo-core/lib/components/proxy.js - [remote path not exists] name:logic, dir:/home/py/Project/pomelo-core/demos/treasures/app/logic/remote
[2012-07-19 16:06:42.028] [INFO] /home/py/Project/pomelo-core/lib/components/proxy.js - [app.genProxy] loading proxy module, name:logic, dir:/home/py/Project/pomelo-core/lib/components/../common/remote/backend
[2012-07-19 16:06:42.029] [INFO] /home/py/Project/pomelo-core/lib/components/proxy.js - [app.genProxy] loading proxy module, name:area, dir:/home/py/Project/pomelo-core/demos/treasures/app/area/remote
[2012-07-19 16:06:42.061] [INFO] /home/py/Project/pomelo-core/lib/components/proxy.js - [app.genProxy] loading proxy module, name:area, dir:/home/py/Project/pomelo-core/lib/components/../common/remote/backend
[2012-07-19 16:06:42.066] [INFO] /home/py/Project/pomelo-core/lib/components/proxy.js - [app.genProxy] loading proxy module, name:status, dir:/home/py/Project/pomelo-core/demos/treasures/app/status/remote
[2012-07-19 16:06:42.069] [INFO] /home/py/Project/pomelo-core/lib/components/proxy.js - [app.genProxy] loading proxy module, name:status, dir:/home/py/Project/pomelo-core/lib/components/../common/remote/backend
[2012-07-19 16:06:42.071] [INFO] /home/py/Project/pomelo-core/lib/components/proxy.js - [app.genProxy] loading proxy module, name:channel, dir:/home/py/Project/pomelo-core/demos/treasures/app/channel/remote
[2012-07-19 16:06:42.071] [DEBUG] /home/py/Project/pomelo-core/lib/components/proxy.js - [remote path not exists] name:channel, dir:/home/py/Project/pomelo-core/demos/treasures/app/channel/remote
[2012-07-19 16:06:42.071] [INFO] /home/py/Project/pomelo-core/lib/components/proxy.js - [app.genProxy] loading proxy module, name:channel, dir:/home/py/Project/pomelo-core/lib/components/../common/remote/backend
[2012-07-19 16:06:42.088] [INFO] /home/py/Project/pomelo-core/lib/components/proxy.js - proxy inited.
[2012-07-19 16:06:42.089] [INFO] /home/py/Project/pomelo-core/lib/components/handler.js - begin to init handler component.
[2012-07-19 16:06:42.089] [INFO] /home/py/Project/pomelo-core/lib/components/handler.js - [app.genHandler] loading handler module, name:area, dir:/home/py/Project/pomelo-core/demos/treasures/app/area/handler
[2012-07-19 16:06:42.145] [INFO] /home/py/Project/pomelo-core/lib/components/handler.js - handlers inited.
[2012-07-19 16:06:42.145] [INFO] /home/py/Project/pomelo-core/lib/components/remote.js - begin to init remote component.
[2012-07-19 16:06:42.145] [INFO] /home/py/Project/pomelo-core/lib/components/remote.js - [app.genRemote] loading handler module, name:area, dir:/home/py/Project/pomelo-core/demos/treasures/app/area/remote
[2012-07-19 16:06:42.157] [INFO] /home/py/Project/pomelo-core/lib/components/remote.js - [app.genRemote] loading handler module, name:area, dir:/home/py/Project/pomelo-core/lib/components/../common/remote/backend
[2012-07-19 16:06:42.158] [INFO] /home/py/Project/pomelo-core/lib/components/remote.js - remote inited.
[2012-07-19 16:06:42.159] [INFO] /home/py/Project/pomelo-core/lib/components/server.js - begin to init server component.
[2012-07-19 16:06:42.159] [INFO] /home/py/Project/pomelo-core/lib/components/server.js - server inited.
[2012-07-19 16:06:42.159] [INFO] /home/py/Project/pomelo-core/lib/components/channel.js - begin to init channel component.
[2012-07-19 16:06:42.159] [INFO] /home/py/Project/pomelo-core/lib/components/channel.js - channel inited.
[2012-07-19 16:06:42.159] [WARN] /home/py/Project/pomelo-core/lib/application.js - ignore component not with init function, name: areaService
[2012-07-19 16:06:42.159] [INFO] /home/py/Project/pomelo-core/lib/components/sync.js - begin to init sync component.
[2012-07-19 16:06:42.269] [INFO] /home/py/Project/pomelo-core/lib/sync/syncUtil.js -  load mapping file /home/py/Project/pomelo-core/demos/treasures/app/dao/mapping/
[2012-07-19 16:06:42.278] [INFO] /home/py/Project/pomelo-core/lib/sync/syncUtil.js -  load mapping file done 
[2012-07-19 16:06:42.279] [INFO] /home/py/Project/pomelo-core/lib/components/sync.js - sync inited.
[2012-07-19 16:06:42.279] [WARN] /home/py/Project/pomelo-core/lib/application.js - ignore component not with start function, name: area
[2012-07-19 16:06:42.279] [WARN] /home/py/Project/pomelo-core/lib/application.js - ignore component not with start function, name: logger
[2012-07-19 16:06:42.280] [WARN] /home/py/Project/pomelo-core/lib/application.js - ignore component not with start function, name: proxy
[2012-07-19 16:06:42.280] [WARN] /home/py/Project/pomelo-core/lib/application.js - ignore component not with start function, name: handler
[2012-07-19 16:06:42.281] [WARN] /home/py/Project/pomelo-core/lib/application.js - ignore component not with start function, name: remote
[2012-07-19 16:06:42.281] [INFO] /home/py/Project/pomelo-core/lib/components/server.js - begin to start server component.
[2012-07-19 16:06:42.288] [INFO] /home/py/Project/pomelo-core/lib/server/server.js - [area server] start listen on server: {"id":"area-server-1","host":"127.0.0.1","port":8050,"serverType":"area"}
[2012-07-19 16:06:42.289] [INFO] /home/py/Project/pomelo-core/lib/application.js - monitor connect to master {"id":"master-server-1","host":"127.0.0.1","port":3005,"queryPort":3015,"wsPort":2337}
[2012-07-19 16:06:42.346] [INFO] /home/py/Project/pomelo-core/lib/components/server.js - server started.
[2012-07-19 16:06:42.346] [WARN] /home/py/Project/pomelo-core/lib/application.js - ignore component not with start function, name: channel
[2012-07-19 16:06:42.346] [INFO] /app/components/areaService.js - begin to start areaService component.
[2012-07-19 16:06:42.347] [INFO] /app/components/areaService.js - areaService inited.
[2012-07-19 16:06:42.348] [WARN] /home/py/Project/pomelo-core/lib/application.js - ignore component not with start function, name: sync
[2012-07-19 16:06:42.420] [INFO] /home/py/Project/pomelo-core/lib/monitor/monitorAgent.js - Connected to server, sending announcement...
