[2012-07-19 16:06:40.365] [INFO] /home/py/Project/pomelo-core/lib/components/logger.js - logger inited
[2012-07-19 16:06:40.366] [INFO] /home/py/Project/pomelo-core/lib/components/proxy.js - begin to init proxy component.
[2012-07-19 16:06:40.366] [INFO] /home/py/Project/pomelo-core/lib/components/proxy.js - [app.genProxy] loading proxy module, name:connector, dir:/home/py/Project/pomelo-core/demos/treasures/app/connector/remote
[2012-07-19 16:06:40.366] [DEBUG] /home/py/Project/pomelo-core/lib/components/proxy.js - [remote path not exists] name:connector, dir:/home/py/Project/pomelo-core/demos/treasures/app/connector/remote
[2012-07-19 16:06:40.366] [INFO] /home/py/Project/pomelo-core/lib/components/proxy.js - [app.genProxy] loading proxy module, name:connector, dir:/home/py/Project/pomelo-core/lib/components/../common/remote/frontend
[2012-07-19 16:06:40.370] [INFO] /home/py/Project/pomelo-core/lib/components/proxy.js - [app.genProxy] loading proxy module, name:login, dir:/home/py/Project/pomelo-core/demos/treasures/app/login/remote
[2012-07-19 16:06:40.372] [INFO] /home/py/Project/pomelo-core/lib/components/proxy.js - [app.genProxy] loading proxy module, name:login, dir:/home/py/Project/pomelo-core/lib/components/../common/remote/backend
[2012-07-19 16:06:40.375] [INFO] /home/py/Project/pomelo-core/lib/components/proxy.js - [app.genProxy] loading proxy module, name:logic, dir:/home/py/Project/pomelo-core/demos/treasures/app/logic/remote
[2012-07-19 16:06:40.375] [DEBUG] /home/py/Project/pomelo-core/lib/components/proxy.js - [remote path not exists] name:logic, dir:/home/py/Project/pomelo-core/demos/treasures/app/logic/remote
[2012-07-19 16:06:40.375] [INFO] /home/py/Project/pomelo-core/lib/components/proxy.js - [app.genProxy] loading proxy module, name:logic, dir:/home/py/Project/pomelo-core/lib/components/../common/remote/backend
[2012-07-19 16:06:40.376] [INFO] /home/py/Project/pomelo-core/lib/components/proxy.js - [app.genProxy] loading proxy module, name:area, dir:/home/py/Project/pomelo-core/demos/treasures/app/area/remote
[2012-07-19 16:06:40.384] [INFO] /home/py/Project/pomelo-core/lib/components/proxy.js - [app.genProxy] loading proxy module, name:area, dir:/home/py/Project/pomelo-core/lib/components/../common/remote/backend
[2012-07-19 16:06:40.384] [INFO] /home/py/Project/pomelo-core/lib/components/proxy.js - [app.genProxy] loading proxy module, name:status, dir:/home/py/Project/pomelo-core/demos/treasures/app/status/remote
[2012-07-19 16:06:40.385] [INFO] /home/py/Project/pomelo-core/lib/components/proxy.js - [app.genProxy] loading proxy module, name:status, dir:/home/py/Project/pomelo-core/lib/components/../common/remote/backend
[2012-07-19 16:06:40.386] [INFO] /home/py/Project/pomelo-core/lib/components/proxy.js - [app.genProxy] loading proxy module, name:channel, dir:/home/py/Project/pomelo-core/demos/treasures/app/channel/remote
[2012-07-19 16:06:40.387] [DEBUG] /home/py/Project/pomelo-core/lib/components/proxy.js - [remote path not exists] name:channel, dir:/home/py/Project/pomelo-core/demos/treasures/app/channel/remote
[2012-07-19 16:06:40.387] [INFO] /home/py/Project/pomelo-core/lib/components/proxy.js - [app.genProxy] loading proxy module, name:channel, dir:/home/py/Project/pomelo-core/lib/components/../common/remote/backend
[2012-07-19 16:06:40.387] [INFO] /home/py/Project/pomelo-core/lib/components/proxy.js - proxy inited.
[2012-07-19 16:06:40.387] [WARN] /home/py/Project/pomelo-core/lib/application.js - ignore component not with init function, name: master
[2012-07-19 16:06:40.387] [INFO] /home/py/Project/pomelo-core/lib/components/channel.js - begin to init channel component.
[2012-07-19 16:06:40.387] [INFO] /home/py/Project/pomelo-core/lib/components/channel.js - channel inited.
[2012-07-19 16:06:40.388] [INFO] /home/py/Project/pomelo-core/lib/components/sync.js - begin to init sync component.
[2012-07-19 16:06:40.416] [INFO] /home/py/Project/pomelo-core/lib/sync/syncUtil.js -  load mapping file /home/py/Project/pomelo-core/demos/treasures/app/dao/mapping/
[2012-07-19 16:06:40.418] [INFO] /home/py/Project/pomelo-core/lib/sync/syncUtil.js -  load mapping file done 
[2012-07-19 16:06:40.418] [INFO] /home/py/Project/pomelo-core/lib/components/sync.js - sync inited.
[2012-07-19 16:06:40.418] [WARN] /home/py/Project/pomelo-core/lib/application.js - ignore component not with start function, name: area
[2012-07-19 16:06:40.418] [WARN] /home/py/Project/pomelo-core/lib/application.js - ignore component not with start function, name: logger
[2012-07-19 16:06:40.419] [WARN] /home/py/Project/pomelo-core/lib/application.js - ignore component not with start function, name: proxy
[2012-07-19 16:06:40.419] [INFO] /home/py/Project/pomelo-core/lib/components/master.js - begin to start master component.
[2012-07-19 16:06:40.618] [INFO] /home/py/Project/pomelo-core/lib/master/server.js -  [master server] start listen on server: {"id":"master-server-1","host":"127.0.0.1","port":3005,"queryPort":3015,"wsPort":2337}
[2012-07-19 16:06:40.619] [INFO] /home/py/Project/pomelo-core/lib/application.js - monitor connect to master {"id":"master-server-1","host":"127.0.0.1","port":3005,"queryPort":3015,"wsPort":2337}
[2012-07-19 16:06:40.727] [INFO] /home/py/Project/pomelo-core/lib/components/master.js - master started.
[2012-07-19 16:06:40.728] [WARN] /home/py/Project/pomelo-core/lib/application.js - ignore component not with start function, name: channel
[2012-07-19 16:06:40.728] [WARN] /home/py/Project/pomelo-core/lib/application.js - ignore component not with start function, name: sync
[2012-07-19 16:06:40.810] [INFO] /home/py/Project/pomelo-core/lib/monitor/monitorAgent.js - Connected to server, sending announcement...
[2012-07-19 16:06:40.824] [INFO] /home/py/Project/pomelo-core/lib/master/serverAgent.js - Registering new node{"client_type":"node","node":{"id":"master-server-1","type":"master"}}
[2012-07-19 16:06:40.836] [INFO] /home/py/Project/pomelo-core/lib/master/serverAgent.js - master server begin check all server was connected to server...
[2012-07-19 16:06:40.836] [WARN] /home/py/Project/pomelo-core/lib/master/serverAgent.js -  server not ready.waiting from connector-server-1 connect.......
[2012-07-19 16:06:40.837] [WARN] /home/py/Project/pomelo-core/lib/master/serverAgent.js -  server not ready.waiting from connector-server-2 connect.......
[2012-07-19 16:06:40.837] [WARN] /home/py/Project/pomelo-core/lib/master/serverAgent.js -  server not ready.waiting from login-server-1 connect.......
[2012-07-19 16:06:40.837] [WARN] /home/py/Project/pomelo-core/lib/master/serverAgent.js -  server not ready.waiting from logic-server-1 connect.......
[2012-07-19 16:06:40.838] [WARN] /home/py/Project/pomelo-core/lib/master/serverAgent.js -  server not ready.waiting from area-server-1 connect.......
[2012-07-19 16:06:40.838] [WARN] /home/py/Project/pomelo-core/lib/master/serverAgent.js -  server not ready.waiting from area-server-2 connect.......
[2012-07-19 16:06:40.838] [WARN] /home/py/Project/pomelo-core/lib/master/serverAgent.js -  server not ready.waiting from status-server-1 connect.......
[2012-07-19 16:06:40.838] [WARN] /home/py/Project/pomelo-core/lib/master/serverAgent.js -  server not ready.waiting from channel-server-1 connect.......
[2012-07-19 16:06:41.834] [INFO] /home/py/Project/pomelo-core/lib/master/serverAgent.js - Registering new node{"client_type":"node","node":{"id":"login-server-1","type":"login","host":"127.0.0.1"}}
[2012-07-19 16:06:41.835] [INFO] /home/py/Project/pomelo-core/lib/master/serverAgent.js - master server begin check all server was connected to server...
[2012-07-19 16:06:41.835] [WARN] /home/py/Project/pomelo-core/lib/master/serverAgent.js -  server not ready.waiting from connector-server-1 connect.......
[2012-07-19 16:06:41.835] [WARN] /home/py/Project/pomelo-core/lib/master/serverAgent.js -  server not ready.waiting from connector-server-2 connect.......
[2012-07-19 16:06:41.835] [WARN] /home/py/Project/pomelo-core/lib/master/serverAgent.js -  server not ready.waiting from logic-server-1 connect.......
[2012-07-19 16:06:41.835] [WARN] /home/py/Project/pomelo-core/lib/master/serverAgent.js -  server not ready.waiting from area-server-1 connect.......
[2012-07-19 16:06:41.836] [WARN] /home/py/Project/pomelo-core/lib/master/serverAgent.js -  server not ready.waiting from area-server-2 connect.......
[2012-07-19 16:06:41.836] [WARN] /home/py/Project/pomelo-core/lib/master/serverAgent.js -  server not ready.waiting from status-server-1 connect.......
[2012-07-19 16:06:41.836] [WARN] /home/py/Project/pomelo-core/lib/master/serverAgent.js -  server not ready.waiting from channel-server-1 connect.......
[2012-07-19 16:06:42.187] [INFO] /home/py/Project/pomelo-core/lib/master/serverAgent.js - Registering new node{"client_type":"node","node":{"id":"connector-server-2","type":"connector","host":"127.0.0.1","port":3051}}
[2012-07-19 16:06:42.187] [INFO] /home/py/Project/pomelo-core/lib/master/serverAgent.js - master server begin check all server was connected to server...
[2012-07-19 16:06:42.187] [WARN] /home/py/Project/pomelo-core/lib/master/serverAgent.js -  server not ready.waiting from connector-server-1 connect.......
[2012-07-19 16:06:42.187] [WARN] /home/py/Project/pomelo-core/lib/master/serverAgent.js -  server not ready.waiting from logic-server-1 connect.......
[2012-07-19 16:06:42.188] [WARN] /home/py/Project/pomelo-core/lib/master/serverAgent.js -  server not ready.waiting from area-server-1 connect.......
[2012-07-19 16:06:42.189] [WARN] /home/py/Project/pomelo-core/lib/master/serverAgent.js -  server not ready.waiting from area-server-2 connect.......
[2012-07-19 16:06:42.189] [WARN] /home/py/Project/pomelo-core/lib/master/serverAgent.js -  server not ready.waiting from status-server-1 connect.......
[2012-07-19 16:06:42.189] [WARN] /home/py/Project/pomelo-core/lib/master/serverAgent.js -  server not ready.waiting from channel-server-1 connect.......
[2012-07-19 16:06:42.229] [INFO] /home/py/Project/pomelo-core/lib/master/serverAgent.js - Registering new node{"client_type":"node","node":{"id":"connector-server-1","type":"connector","host":"127.0.0.1","port":3050}}
[2012-07-19 16:06:42.229] [INFO] /home/py/Project/pomelo-core/lib/master/serverAgent.js - master server begin check all server was connected to server...
[2012-07-19 16:06:42.229] [WARN] /home/py/Project/pomelo-core/lib/master/serverAgent.js -  server not ready.waiting from logic-server-1 connect.......
[2012-07-19 16:06:42.229] [WARN] /home/py/Project/pomelo-core/lib/master/serverAgent.js -  server not ready.waiting from area-server-1 connect.......
[2012-07-19 16:06:42.229] [WARN] /home/py/Project/pomelo-core/lib/master/serverAgent.js -  server not ready.waiting from area-server-2 connect.......
[2012-07-19 16:06:42.230] [WARN] /home/py/Project/pomelo-core/lib/master/serverAgent.js -  server not ready.waiting from status-server-1 connect.......
[2012-07-19 16:06:42.230] [WARN] /home/py/Project/pomelo-core/lib/master/serverAgent.js -  server not ready.waiting from channel-server-1 connect.......
[2012-07-19 16:06:42.249] [INFO] /home/py/Project/pomelo-core/lib/master/serverAgent.js - Registering new node{"client_type":"node","node":{"id":"status-server-1","type":"status","host":"127.0.0.1"}}
[2012-07-19 16:06:42.250] [INFO] /home/py/Project/pomelo-core/lib/master/serverAgent.js - master server begin check all server was connected to server...
[2012-07-19 16:06:42.250] [WARN] /home/py/Project/pomelo-core/lib/master/serverAgent.js -  server not ready.waiting from logic-server-1 connect.......
[2012-07-19 16:06:42.250] [WARN] /home/py/Project/pomelo-core/lib/master/serverAgent.js -  server not ready.waiting from area-server-1 connect.......
[2012-07-19 16:06:42.250] [WARN] /home/py/Project/pomelo-core/lib/master/serverAgent.js -  server not ready.waiting from area-server-2 connect.......
[2012-07-19 16:06:42.250] [WARN] /home/py/Project/pomelo-core/lib/master/serverAgent.js -  server not ready.waiting from channel-server-1 connect.......
[2012-07-19 16:06:42.273] [INFO] /home/py/Project/pomelo-core/lib/master/serverAgent.js - Registering new node{"client_type":"node","node":{"id":"logic-server-1","type":"logic","host":"127.0.0.1"}}
[2012-07-19 16:06:42.273] [INFO] /home/py/Project/pomelo-core/lib/master/serverAgent.js - master server begin check all server was connected to server...
[2012-07-19 16:06:42.274] [WARN] /home/py/Project/pomelo-core/lib/master/serverAgent.js -  server not ready.waiting from area-server-1 connect.......
[2012-07-19 16:06:42.274] [WARN] /home/py/Project/pomelo-core/lib/master/serverAgent.js -  server not ready.waiting from area-server-2 connect.......
[2012-07-19 16:06:42.274] [WARN] /home/py/Project/pomelo-core/lib/master/serverAgent.js -  server not ready.waiting from channel-server-1 connect.......
[2012-07-19 16:06:42.343] [INFO] /home/py/Project/pomelo-core/lib/master/serverAgent.js - Registering new node{"client_type":"node","node":{"id":"channel-server-1","type":"channel","host":"127.0.0.1"}}
[2012-07-19 16:06:42.344] [INFO] /home/py/Project/pomelo-core/lib/master/serverAgent.js - master server begin check all server was connected to server...
[2012-07-19 16:06:42.344] [WARN] /home/py/Project/pomelo-core/lib/master/serverAgent.js -  server not ready.waiting from area-server-1 connect.......
[2012-07-19 16:06:42.344] [WARN] /home/py/Project/pomelo-core/lib/master/serverAgent.js -  server not ready.waiting from area-server-2 connect.......
[2012-07-19 16:06:42.412] [INFO] /home/py/Project/pomelo-core/lib/master/serverAgent.js - Registering new node{"client_type":"node","node":{"id":"area-server-2","type":"area","host":"127.0.0.1"}}
[2012-07-19 16:06:42.412] [INFO] /home/py/Project/pomelo-core/lib/master/serverAgent.js - master server begin check all server was connected to server...
[2012-07-19 16:06:42.413] [WARN] /home/py/Project/pomelo-core/lib/master/serverAgent.js -  server not ready.waiting from area-server-1 connect.......
[2012-07-19 16:06:42.421] [INFO] /home/py/Project/pomelo-core/lib/master/serverAgent.js - Registering new node{"client_type":"node","node":{"id":"area-server-1","type":"area","host":"127.0.0.1"}}
[2012-07-19 16:06:42.421] [INFO] /home/py/Project/pomelo-core/lib/master/serverAgent.js - master server begin check all server was connected to server...
[2012-07-19 16:06:42.421] [INFO] /home/py/Project/pomelo-core/lib/master/serverAgent.js - begin notify to connect each other
[2012-07-19 16:06:45.189] [INFO] /home/py/Project/pomelo-core/lib/master/serverAgent.js - Nodes: 9, WebClients: 0, Messages Sent: 0
