[2012-07-19 16:03:49.327] [INFO] /home/py/Project/pomelo-core/lib/components/logger.js - logger inited
[2012-07-19 16:03:49.328] [INFO] /home/py/Project/pomelo-core/lib/components/proxy.js - begin to init proxy component.
[2012-07-19 16:03:49.328] [INFO] /home/py/Project/pomelo-core/lib/components/proxy.js - [app.genProxy] loading proxy module, name:connector, dir:/home/py/Project/pomelo-core/demos/treasures/app/connector/remote
[2012-07-19 16:03:49.328] [DEBUG] /home/py/Project/pomelo-core/lib/components/proxy.js - [remote path not exists] name:connector, dir:/home/py/Project/pomelo-core/demos/treasures/app/connector/remote
[2012-07-19 16:03:49.329] [INFO] /home/py/Project/pomelo-core/lib/components/proxy.js - [app.genProxy] loading proxy module, name:connector, dir:/home/py/Project/pomelo-core/lib/components/../common/remote/frontend
[2012-07-19 16:03:49.337] [INFO] /home/py/Project/pomelo-core/lib/components/proxy.js - [app.genProxy] loading proxy module, name:login, dir:/home/py/Project/pomelo-core/demos/treasures/app/login/remote
[2012-07-19 16:03:49.343] [INFO] /home/py/Project/pomelo-core/lib/components/proxy.js - [app.genProxy] loading proxy module, name:login, dir:/home/py/Project/pomelo-core/lib/components/../common/remote/backend
[2012-07-19 16:03:49.356] [INFO] /home/py/Project/pomelo-core/lib/components/proxy.js - [app.genProxy] loading proxy module, name:logic, dir:/home/py/Project/pomelo-core/demos/treasures/app/logic/remote
[2012-07-19 16:03:49.356] [DEBUG] /home/py/Project/pomelo-core/lib/components/proxy.js - [remote path not exists] name:logic, dir:/home/py/Project/pomelo-core/demos/treasures/app/logic/remote
[2012-07-19 16:03:49.356] [INFO] /home/py/Project/pomelo-core/lib/components/proxy.js - [app.genProxy] loading proxy module, name:logic, dir:/home/py/Project/pomelo-core/lib/components/../common/remote/backend
[2012-07-19 16:03:49.358] [INFO] /home/py/Project/pomelo-core/lib/components/proxy.js - [app.genProxy] loading proxy module, name:area, dir:/home/py/Project/pomelo-core/demos/treasures/app/area/remote
[2012-07-19 16:03:49.401] [INFO] /home/py/Project/pomelo-core/lib/components/proxy.js - [app.genProxy] loading proxy module, name:area, dir:/home/py/Project/pomelo-core/lib/components/../common/remote/backend
[2012-07-19 16:03:49.402] [INFO] /home/py/Project/pomelo-core/lib/components/proxy.js - [app.genProxy] loading proxy module, name:status, dir:/home/py/Project/pomelo-core/demos/treasures/app/status/remote
[2012-07-19 16:03:49.403] [INFO] /home/py/Project/pomelo-core/lib/components/proxy.js - [app.genProxy] loading proxy module, name:status, dir:/home/py/Project/pomelo-core/lib/components/../common/remote/backend
[2012-07-19 16:03:49.404] [INFO] /home/py/Project/pomelo-core/lib/components/proxy.js - [app.genProxy] loading proxy module, name:channel, dir:/home/py/Project/pomelo-core/demos/treasures/app/channel/remote
[2012-07-19 16:03:49.405] [DEBUG] /home/py/Project/pomelo-core/lib/components/proxy.js - [remote path not exists] name:channel, dir:/home/py/Project/pomelo-core/demos/treasures/app/channel/remote
[2012-07-19 16:03:49.405] [INFO] /home/py/Project/pomelo-core/lib/components/proxy.js - [app.genProxy] loading proxy module, name:channel, dir:/home/py/Project/pomelo-core/lib/components/../common/remote/backend
[2012-07-19 16:03:49.407] [INFO] /home/py/Project/pomelo-core/lib/components/proxy.js - proxy inited.
[2012-07-19 16:03:49.407] [INFO] /home/py/Project/pomelo-core/lib/components/handler.js - begin to init handler component.
[2012-07-19 16:03:49.408] [INFO] /home/py/Project/pomelo-core/lib/components/handler.js - [app.genHandler] loading handler module, name:channel, dir:/home/py/Project/pomelo-core/demos/treasures/app/channel/handler
[2012-07-19 16:03:49.408] [DEBUG] /home/py/Project/pomelo-core/lib/components/handler.js - [handlerPath not exists] name:channel, dir:/home/py/Project/pomelo-core/demos/treasures/app/channel/handler
[2012-07-19 16:03:49.409] [INFO] /home/py/Project/pomelo-core/lib/components/handler.js - handlers inited.
[2012-07-19 16:03:49.410] [INFO] /home/py/Project/pomelo-core/lib/components/remote.js - begin to init remote component.
[2012-07-19 16:03:49.413] [INFO] /home/py/Project/pomelo-core/lib/components/remote.js - [app.genRemote] loading handler module, name:channel, dir:/home/py/Project/pomelo-core/demos/treasures/app/channel/remote
[2012-07-19 16:03:49.413] [DEBUG] /home/py/Project/pomelo-core/lib/components/remote.js - [remote path not exists] name:channel  dir:/home/py/Project/pomelo-core/demos/treasures/app/channel/remote
[2012-07-19 16:03:49.415] [INFO] /home/py/Project/pomelo-core/lib/components/remote.js - [app.genRemote] loading handler module, name:channel, dir:/home/py/Project/pomelo-core/lib/components/../common/remote/backend
[2012-07-19 16:03:49.416] [INFO] /home/py/Project/pomelo-core/lib/components/remote.js - remote inited.
[2012-07-19 16:03:49.417] [INFO] /home/py/Project/pomelo-core/lib/components/server.js - begin to init server component.
[2012-07-19 16:03:49.417] [INFO] /home/py/Project/pomelo-core/lib/components/server.js - server inited.
[2012-07-19 16:03:49.418] [INFO] /home/py/Project/pomelo-core/lib/components/channel.js - begin to init channel component.
[2012-07-19 16:03:49.423] [INFO] /home/py/Project/pomelo-core/lib/components/channel.js - channel inited.
[2012-07-19 16:03:49.424] [INFO] /home/py/Project/pomelo-core/lib/components/sync.js - begin to init sync component.
[2012-07-19 16:03:49.485] [INFO] /home/py/Project/pomelo-core/lib/sync/syncUtil.js -  load mapping file /home/py/Project/pomelo-core/demos/treasures/app/dao/mapping/
[2012-07-19 16:03:49.487] [INFO] /home/py/Project/pomelo-core/lib/sync/syncUtil.js -  load mapping file done 
[2012-07-19 16:03:49.488] [INFO] /home/py/Project/pomelo-core/lib/components/sync.js - sync inited.
[2012-07-19 16:03:49.489] [WARN] /home/py/Project/pomelo-core/lib/application.js - ignore component not with start function, name: area
[2012-07-19 16:03:49.490] [WARN] /home/py/Project/pomelo-core/lib/application.js - ignore component not with start function, name: logger
[2012-07-19 16:03:49.491] [WARN] /home/py/Project/pomelo-core/lib/application.js - ignore component not with start function, name: proxy
[2012-07-19 16:03:49.491] [WARN] /home/py/Project/pomelo-core/lib/application.js - ignore component not with start function, name: handler
[2012-07-19 16:03:49.491] [WARN] /home/py/Project/pomelo-core/lib/application.js - ignore component not with start function, name: remote
[2012-07-19 16:03:49.492] [INFO] /home/py/Project/pomelo-core/lib/components/server.js - begin to start server component.
[2012-07-19 16:03:49.500] [INFO] /home/py/Project/pomelo-core/lib/server/server.js - [channel server] start listen on server: {"id":"channel-server-1","host":"127.0.0.1","port":10050,"serverType":"channel"}
[2012-07-19 16:03:49.502] [INFO] /home/py/Project/pomelo-core/lib/application.js - monitor connect to master {"id":"master-server-1","host":"127.0.0.1","port":3005,"queryPort":3015,"wsPort":2337}
[2012-07-19 16:03:49.583] [INFO] /home/py/Project/pomelo-core/lib/components/server.js - server started.
[2012-07-19 16:03:49.583] [WARN] /home/py/Project/pomelo-core/lib/application.js - ignore component not with start function, name: channel
[2012-07-19 16:03:49.583] [WARN] /home/py/Project/pomelo-core/lib/application.js - ignore component not with start function, name: sync
[2012-07-19 16:03:49.618] [INFO] /home/py/Project/pomelo-core/lib/monitor/monitorAgent.js - Connected to server, sending announcement...
[2012-07-19 16:06:41.960] [INFO] /home/py/Project/pomelo-core/lib/components/logger.js - logger inited
[2012-07-19 16:06:41.962] [INFO] /home/py/Project/pomelo-core/lib/components/proxy.js - begin to init proxy component.
[2012-07-19 16:06:41.963] [INFO] /home/py/Project/pomelo-core/lib/components/proxy.js - [app.genProxy] loading proxy module, name:connector, dir:/home/py/Project/pomelo-core/demos/treasures/app/connector/remote
[2012-07-19 16:06:41.966] [DEBUG] /home/py/Project/pomelo-core/lib/components/proxy.js - [remote path not exists] name:connector, dir:/home/py/Project/pomelo-core/demos/treasures/app/connector/remote
[2012-07-19 16:06:41.967] [INFO] /home/py/Project/pomelo-core/lib/components/proxy.js - [app.genProxy] loading proxy module, name:connector, dir:/home/py/Project/pomelo-core/lib/components/../common/remote/frontend
[2012-07-19 16:06:41.978] [INFO] /home/py/Project/pomelo-core/lib/components/proxy.js - [app.genProxy] loading proxy module, name:login, dir:/home/py/Project/pomelo-core/demos/treasures/app/login/remote
[2012-07-19 16:06:41.982] [INFO] /home/py/Project/pomelo-core/lib/components/proxy.js - [app.genProxy] loading proxy module, name:login, dir:/home/py/Project/pomelo-core/lib/components/../common/remote/backend
[2012-07-19 16:06:41.989] [INFO] /home/py/Project/pomelo-core/lib/components/proxy.js - [app.genProxy] loading proxy module, name:logic, dir:/home/py/Project/pomelo-core/demos/treasures/app/logic/remote
[2012-07-19 16:06:41.991] [DEBUG] /home/py/Project/pomelo-core/lib/components/proxy.js - [remote path not exists] name:logic, dir:/home/py/Project/pomelo-core/demos/treasures/app/logic/remote
[2012-07-19 16:06:41.991] [INFO] /home/py/Project/pomelo-core/lib/components/proxy.js - [app.genProxy] loading proxy module, name:logic, dir:/home/py/Project/pomelo-core/lib/components/../common/remote/backend
[2012-07-19 16:06:41.993] [INFO] /home/py/Project/pomelo-core/lib/components/proxy.js - [app.genProxy] loading proxy module, name:area, dir:/home/py/Project/pomelo-core/demos/treasures/app/area/remote
[2012-07-19 16:06:42.020] [INFO] /home/py/Project/pomelo-core/lib/components/proxy.js - [app.genProxy] loading proxy module, name:area, dir:/home/py/Project/pomelo-core/lib/components/../common/remote/backend
[2012-07-19 16:06:42.024] [INFO] /home/py/Project/pomelo-core/lib/components/proxy.js - [app.genProxy] loading proxy module, name:status, dir:/home/py/Project/pomelo-core/demos/treasures/app/status/remote
[2012-07-19 16:06:42.028] [INFO] /home/py/Project/pomelo-core/lib/components/proxy.js - [app.genProxy] loading proxy module, name:status, dir:/home/py/Project/pomelo-core/lib/components/../common/remote/backend
[2012-07-19 16:06:42.029] [INFO] /home/py/Project/pomelo-core/lib/components/proxy.js - [app.genProxy] loading proxy module, name:channel, dir:/home/py/Project/pomelo-core/demos/treasures/app/channel/remote
[2012-07-19 16:06:42.030] [DEBUG] /home/py/Project/pomelo-core/lib/components/proxy.js - [remote path not exists] name:channel, dir:/home/py/Project/pomelo-core/demos/treasures/app/channel/remote
[2012-07-19 16:06:42.030] [INFO] /home/py/Project/pomelo-core/lib/components/proxy.js - [app.genProxy] loading proxy module, name:channel, dir:/home/py/Project/pomelo-core/lib/components/../common/remote/backend
[2012-07-19 16:06:42.032] [INFO] /home/py/Project/pomelo-core/lib/components/proxy.js - proxy inited.
[2012-07-19 16:06:42.032] [INFO] /home/py/Project/pomelo-core/lib/components/handler.js - begin to init handler component.
[2012-07-19 16:06:42.032] [INFO] /home/py/Project/pomelo-core/lib/components/handler.js - [app.genHandler] loading handler module, name:channel, dir:/home/py/Project/pomelo-core/demos/treasures/app/channel/handler
[2012-07-19 16:06:42.032] [DEBUG] /home/py/Project/pomelo-core/lib/components/handler.js - [handlerPath not exists] name:channel, dir:/home/py/Project/pomelo-core/demos/treasures/app/channel/handler
[2012-07-19 16:06:42.033] [INFO] /home/py/Project/pomelo-core/lib/components/handler.js - handlers inited.
[2012-07-19 16:06:42.034] [INFO] /home/py/Project/pomelo-core/lib/components/remote.js - begin to init remote component.
[2012-07-19 16:06:42.034] [INFO] /home/py/Project/pomelo-core/lib/components/remote.js - [app.genRemote] loading handler module, name:channel, dir:/home/py/Project/pomelo-core/demos/treasures/app/channel/remote
[2012-07-19 16:06:42.034] [DEBUG] /home/py/Project/pomelo-core/lib/components/remote.js - [remote path not exists] name:channel  dir:/home/py/Project/pomelo-core/demos/treasures/app/channel/remote
[2012-07-19 16:06:42.034] [INFO] /home/py/Project/pomelo-core/lib/components/remote.js - [app.genRemote] loading handler module, name:channel, dir:/home/py/Project/pomelo-core/lib/components/../common/remote/backend
[2012-07-19 16:06:42.036] [INFO] /home/py/Project/pomelo-core/lib/components/remote.js - remote inited.
[2012-07-19 16:06:42.036] [INFO] /home/py/Project/pomelo-core/lib/components/server.js - begin to init server component.
[2012-07-19 16:06:42.036] [INFO] /home/py/Project/pomelo-core/lib/components/server.js - server inited.
[2012-07-19 16:06:42.037] [INFO] /home/py/Project/pomelo-core/lib/components/channel.js - begin to init channel component.
[2012-07-19 16:06:42.044] [INFO] /home/py/Project/pomelo-core/lib/components/channel.js - channel inited.
[2012-07-19 16:06:42.044] [INFO] /home/py/Project/pomelo-core/lib/components/sync.js - begin to init sync component.
[2012-07-19 16:06:42.095] [INFO] /home/py/Project/pomelo-core/lib/sync/syncUtil.js -  load mapping file /home/py/Project/pomelo-core/demos/treasures/app/dao/mapping/
[2012-07-19 16:06:42.097] [INFO] /home/py/Project/pomelo-core/lib/sync/syncUtil.js -  load mapping file done 
[2012-07-19 16:06:42.098] [INFO] /home/py/Project/pomelo-core/lib/components/sync.js - sync inited.
[2012-07-19 16:06:42.098] [WARN] /home/py/Project/pomelo-core/lib/application.js - ignore component not with start function, name: area
[2012-07-19 16:06:42.099] [WARN] /home/py/Project/pomelo-core/lib/application.js - ignore component not with start function, name: logger
[2012-07-19 16:06:42.099] [WARN] /home/py/Project/pomelo-core/lib/application.js - ignore component not with start function, name: proxy
[2012-07-19 16:06:42.099] [WARN] /home/py/Project/pomelo-core/lib/application.js - ignore component not with start function, name: handler
[2012-07-19 16:06:42.099] [WARN] /home/py/Project/pomelo-core/lib/application.js - ignore component not with start function, name: remote
[2012-07-19 16:06:42.101] [INFO] /home/py/Project/pomelo-core/lib/components/server.js - begin to start server component.
[2012-07-19 16:06:42.126] [INFO] /home/py/Project/pomelo-core/lib/server/server.js - [channel server] start listen on server: {"id":"channel-server-1","host":"127.0.0.1","port":10050,"serverType":"channel"}
[2012-07-19 16:06:42.126] [INFO] /home/py/Project/pomelo-core/lib/application.js - monitor connect to master {"id":"master-server-1","host":"127.0.0.1","port":3005,"queryPort":3015,"wsPort":2337}
[2012-07-19 16:06:42.262] [INFO] /home/py/Project/pomelo-core/lib/components/server.js - server started.
[2012-07-19 16:06:42.262] [WARN] /home/py/Project/pomelo-core/lib/application.js - ignore component not with start function, name: channel
[2012-07-19 16:06:42.263] [WARN] /home/py/Project/pomelo-core/lib/application.js - ignore component not with start function, name: sync
[2012-07-19 16:06:42.341] [INFO] /home/py/Project/pomelo-core/lib/monitor/monitorAgent.js - Connected to server, sending announcement...
