[2012-07-19 16:03:49.173] [INFO] /home/py/Project/pomelo-core/lib/components/logger.js - logger inited
[2012-07-19 16:03:49.175] [INFO] /home/py/Project/pomelo-core/lib/components/proxy.js - begin to init proxy component.
[2012-07-19 16:03:49.175] [INFO] /home/py/Project/pomelo-core/lib/components/proxy.js - [app.genProxy] loading proxy module, name:connector, dir:/home/py/Project/pomelo-core/demos/treasures/app/connector/remote
[2012-07-19 16:03:49.176] [DEBUG] /home/py/Project/pomelo-core/lib/components/proxy.js - [remote path not exists] name:connector, dir:/home/py/Project/pomelo-core/demos/treasures/app/connector/remote
[2012-07-19 16:03:49.176] [INFO] /home/py/Project/pomelo-core/lib/components/proxy.js - [app.genProxy] loading proxy module, name:connector, dir:/home/py/Project/pomelo-core/lib/components/../common/remote/frontend
[2012-07-19 16:03:49.183] [INFO] /home/py/Project/pomelo-core/lib/components/proxy.js - [app.genProxy] loading proxy module, name:login, dir:/home/py/Project/pomelo-core/demos/treasures/app/login/remote
[2012-07-19 16:03:49.189] [INFO] /home/py/Project/pomelo-core/lib/components/proxy.js - [app.genProxy] loading proxy module, name:login, dir:/home/py/Project/pomelo-core/lib/components/../common/remote/backend
[2012-07-19 16:03:49.197] [INFO] /home/py/Project/pomelo-core/lib/components/proxy.js - [app.genProxy] loading proxy module, name:logic, dir:/home/py/Project/pomelo-core/demos/treasures/app/logic/remote
[2012-07-19 16:03:49.197] [DEBUG] /home/py/Project/pomelo-core/lib/components/proxy.js - [remote path not exists] name:logic, dir:/home/py/Project/pomelo-core/demos/treasures/app/logic/remote
[2012-07-19 16:03:49.197] [INFO] /home/py/Project/pomelo-core/lib/components/proxy.js - [app.genProxy] loading proxy module, name:logic, dir:/home/py/Project/pomelo-core/lib/components/../common/remote/backend
[2012-07-19 16:03:49.199] [INFO] /home/py/Project/pomelo-core/lib/components/proxy.js - [app.genProxy] loading proxy module, name:area, dir:/home/py/Project/pomelo-core/demos/treasures/app/area/remote
[2012-07-19 16:03:49.221] [INFO] /home/py/Project/pomelo-core/lib/components/proxy.js - [app.genProxy] loading proxy module, name:area, dir:/home/py/Project/pomelo-core/lib/components/../common/remote/backend
[2012-07-19 16:03:49.226] [INFO] /home/py/Project/pomelo-core/lib/components/proxy.js - [app.genProxy] loading proxy module, name:status, dir:/home/py/Project/pomelo-core/demos/treasures/app/status/remote
[2012-07-19 16:03:49.231] [INFO] /home/py/Project/pomelo-core/lib/components/proxy.js - [app.genProxy] loading proxy module, name:status, dir:/home/py/Project/pomelo-core/lib/components/../common/remote/backend
[2012-07-19 16:03:49.232] [INFO] /home/py/Project/pomelo-core/lib/components/proxy.js - [app.genProxy] loading proxy module, name:channel, dir:/home/py/Project/pomelo-core/demos/treasures/app/channel/remote
[2012-07-19 16:03:49.233] [DEBUG] /home/py/Project/pomelo-core/lib/components/proxy.js - [remote path not exists] name:channel, dir:/home/py/Project/pomelo-core/demos/treasures/app/channel/remote
[2012-07-19 16:03:49.234] [INFO] /home/py/Project/pomelo-core/lib/components/proxy.js - [app.genProxy] loading proxy module, name:channel, dir:/home/py/Project/pomelo-core/lib/components/../common/remote/backend
[2012-07-19 16:03:49.235] [INFO] /home/py/Project/pomelo-core/lib/components/proxy.js - proxy inited.
[2012-07-19 16:03:49.235] [INFO] /home/py/Project/pomelo-core/lib/components/handler.js - begin to init handler component.
[2012-07-19 16:03:49.238] [INFO] /home/py/Project/pomelo-core/lib/components/handler.js - [app.genHandler] loading handler module, name:login, dir:/home/py/Project/pomelo-core/demos/treasures/app/login/handler
[2012-07-19 16:03:49.238] [DEBUG] /home/py/Project/pomelo-core/lib/components/handler.js - [handlerPath not exists] name:login, dir:/home/py/Project/pomelo-core/demos/treasures/app/login/handler
[2012-07-19 16:03:49.238] [INFO] /home/py/Project/pomelo-core/lib/components/handler.js - handlers inited.
[2012-07-19 16:03:49.238] [INFO] /home/py/Project/pomelo-core/lib/components/remote.js - begin to init remote component.
[2012-07-19 16:03:49.238] [INFO] /home/py/Project/pomelo-core/lib/components/remote.js - [app.genRemote] loading handler module, name:login, dir:/home/py/Project/pomelo-core/demos/treasures/app/login/remote
[2012-07-19 16:03:49.241] [INFO] /home/py/Project/pomelo-core/lib/components/remote.js - [app.genRemote] loading handler module, name:login, dir:/home/py/Project/pomelo-core/lib/components/../common/remote/backend
[2012-07-19 16:03:49.242] [INFO] /home/py/Project/pomelo-core/lib/components/remote.js - remote inited.
[2012-07-19 16:03:49.245] [INFO] /home/py/Project/pomelo-core/lib/components/server.js - begin to init server component.
[2012-07-19 16:03:49.245] [INFO] /home/py/Project/pomelo-core/lib/components/server.js - server inited.
[2012-07-19 16:03:49.246] [INFO] /home/py/Project/pomelo-core/lib/components/channel.js - begin to init channel component.
[2012-07-19 16:03:49.250] [INFO] /home/py/Project/pomelo-core/lib/components/channel.js - channel inited.
[2012-07-19 16:03:49.250] [INFO] /home/py/Project/pomelo-core/lib/components/sync.js - begin to init sync component.
[2012-07-19 16:03:49.316] [INFO] /home/py/Project/pomelo-core/lib/sync/syncUtil.js -  load mapping file /home/py/Project/pomelo-core/demos/treasures/app/dao/mapping/
[2012-07-19 16:03:49.319] [INFO] /home/py/Project/pomelo-core/lib/sync/syncUtil.js -  load mapping file done 
[2012-07-19 16:03:49.321] [INFO] /home/py/Project/pomelo-core/lib/components/sync.js - sync inited.
[2012-07-19 16:03:49.322] [WARN] /home/py/Project/pomelo-core/lib/application.js - ignore component not with start function, name: area
[2012-07-19 16:03:49.323] [WARN] /home/py/Project/pomelo-core/lib/application.js - ignore component not with start function, name: logger
[2012-07-19 16:03:49.323] [WARN] /home/py/Project/pomelo-core/lib/application.js - ignore component not with start function, name: proxy
[2012-07-19 16:03:49.324] [WARN] /home/py/Project/pomelo-core/lib/application.js - ignore component not with start function, name: handler
[2012-07-19 16:03:49.324] [WARN] /home/py/Project/pomelo-core/lib/application.js - ignore component not with start function, name: remote
[2012-07-19 16:03:49.325] [INFO] /home/py/Project/pomelo-core/lib/components/server.js - begin to start server component.
[2012-07-19 16:03:49.332] [INFO] /home/py/Project/pomelo-core/lib/server/server.js - [login server] start listen on server: {"id":"login-server-1","host":"127.0.0.1","port":4060,"serverType":"login"}
[2012-07-19 16:03:49.333] [INFO] /home/py/Project/pomelo-core/lib/application.js - monitor connect to master {"id":"master-server-1","host":"127.0.0.1","port":3005,"queryPort":3015,"wsPort":2337}
[2012-07-19 16:03:49.460] [INFO] /home/py/Project/pomelo-core/lib/components/server.js - server started.
[2012-07-19 16:03:49.461] [WARN] /home/py/Project/pomelo-core/lib/application.js - ignore component not with start function, name: channel
[2012-07-19 16:03:49.461] [WARN] /home/py/Project/pomelo-core/lib/application.js - ignore component not with start function, name: sync
[2012-07-19 16:03:49.554] [INFO] /home/py/Project/pomelo-core/lib/monitor/monitorAgent.js - Connected to server, sending announcement...
[2012-07-19 16:06:41.475] [INFO] /home/py/Project/pomelo-core/lib/components/logger.js - logger inited
[2012-07-19 16:06:41.476] [INFO] /home/py/Project/pomelo-core/lib/components/proxy.js - begin to init proxy component.
[2012-07-19 16:06:41.476] [INFO] /home/py/Project/pomelo-core/lib/components/proxy.js - [app.genProxy] loading proxy module, name:connector, dir:/home/py/Project/pomelo-core/demos/treasures/app/connector/remote
[2012-07-19 16:06:41.476] [DEBUG] /home/py/Project/pomelo-core/lib/components/proxy.js - [remote path not exists] name:connector, dir:/home/py/Project/pomelo-core/demos/treasures/app/connector/remote
[2012-07-19 16:06:41.476] [INFO] /home/py/Project/pomelo-core/lib/components/proxy.js - [app.genProxy] loading proxy module, name:connector, dir:/home/py/Project/pomelo-core/lib/components/../common/remote/frontend
[2012-07-19 16:06:41.487] [INFO] /home/py/Project/pomelo-core/lib/components/proxy.js - [app.genProxy] loading proxy module, name:login, dir:/home/py/Project/pomelo-core/demos/treasures/app/login/remote
[2012-07-19 16:06:41.490] [INFO] /home/py/Project/pomelo-core/lib/components/proxy.js - [app.genProxy] loading proxy module, name:login, dir:/home/py/Project/pomelo-core/lib/components/../common/remote/backend
[2012-07-19 16:06:41.498] [INFO] /home/py/Project/pomelo-core/lib/components/proxy.js - [app.genProxy] loading proxy module, name:logic, dir:/home/py/Project/pomelo-core/demos/treasures/app/logic/remote
[2012-07-19 16:06:41.499] [DEBUG] /home/py/Project/pomelo-core/lib/components/proxy.js - [remote path not exists] name:logic, dir:/home/py/Project/pomelo-core/demos/treasures/app/logic/remote
[2012-07-19 16:06:41.499] [INFO] /home/py/Project/pomelo-core/lib/components/proxy.js - [app.genProxy] loading proxy module, name:logic, dir:/home/py/Project/pomelo-core/lib/components/../common/remote/backend
[2012-07-19 16:06:41.501] [INFO] /home/py/Project/pomelo-core/lib/components/proxy.js - [app.genProxy] loading proxy module, name:area, dir:/home/py/Project/pomelo-core/demos/treasures/app/area/remote
[2012-07-19 16:06:41.531] [INFO] /home/py/Project/pomelo-core/lib/components/proxy.js - [app.genProxy] loading proxy module, name:area, dir:/home/py/Project/pomelo-core/lib/components/../common/remote/backend
[2012-07-19 16:06:41.532] [INFO] /home/py/Project/pomelo-core/lib/components/proxy.js - [app.genProxy] loading proxy module, name:status, dir:/home/py/Project/pomelo-core/demos/treasures/app/status/remote
[2012-07-19 16:06:41.538] [INFO] /home/py/Project/pomelo-core/lib/components/proxy.js - [app.genProxy] loading proxy module, name:status, dir:/home/py/Project/pomelo-core/lib/components/../common/remote/backend
[2012-07-19 16:06:41.538] [INFO] /home/py/Project/pomelo-core/lib/components/proxy.js - [app.genProxy] loading proxy module, name:channel, dir:/home/py/Project/pomelo-core/demos/treasures/app/channel/remote
[2012-07-19 16:06:41.539] [DEBUG] /home/py/Project/pomelo-core/lib/components/proxy.js - [remote path not exists] name:channel, dir:/home/py/Project/pomelo-core/demos/treasures/app/channel/remote
[2012-07-19 16:06:41.539] [INFO] /home/py/Project/pomelo-core/lib/components/proxy.js - [app.genProxy] loading proxy module, name:channel, dir:/home/py/Project/pomelo-core/lib/components/../common/remote/backend
[2012-07-19 16:06:41.540] [INFO] /home/py/Project/pomelo-core/lib/components/proxy.js - proxy inited.
[2012-07-19 16:06:41.541] [INFO] /home/py/Project/pomelo-core/lib/components/handler.js - begin to init handler component.
[2012-07-19 16:06:41.541] [INFO] /home/py/Project/pomelo-core/lib/components/handler.js - [app.genHandler] loading handler module, name:login, dir:/home/py/Project/pomelo-core/demos/treasures/app/login/handler
[2012-07-19 16:06:41.541] [DEBUG] /home/py/Project/pomelo-core/lib/components/handler.js - [handlerPath not exists] name:login, dir:/home/py/Project/pomelo-core/demos/treasures/app/login/handler
[2012-07-19 16:06:41.541] [INFO] /home/py/Project/pomelo-core/lib/components/handler.js - handlers inited.
[2012-07-19 16:06:41.542] [INFO] /home/py/Project/pomelo-core/lib/components/remote.js - begin to init remote component.
[2012-07-19 16:06:41.543] [INFO] /home/py/Project/pomelo-core/lib/components/remote.js - [app.genRemote] loading handler module, name:login, dir:/home/py/Project/pomelo-core/demos/treasures/app/login/remote
[2012-07-19 16:06:41.547] [INFO] /home/py/Project/pomelo-core/lib/components/remote.js - [app.genRemote] loading handler module, name:login, dir:/home/py/Project/pomelo-core/lib/components/../common/remote/backend
[2012-07-19 16:06:41.548] [INFO] /home/py/Project/pomelo-core/lib/components/remote.js - remote inited.
[2012-07-19 16:06:41.548] [INFO] /home/py/Project/pomelo-core/lib/components/server.js - begin to init server component.
[2012-07-19 16:06:41.549] [INFO] /home/py/Project/pomelo-core/lib/components/server.js - server inited.
[2012-07-19 16:06:41.549] [INFO] /home/py/Project/pomelo-core/lib/components/channel.js - begin to init channel component.
[2012-07-19 16:06:41.549] [INFO] /home/py/Project/pomelo-core/lib/components/channel.js - channel inited.
[2012-07-19 16:06:41.549] [INFO] /home/py/Project/pomelo-core/lib/components/sync.js - begin to init sync component.
[2012-07-19 16:06:41.607] [INFO] /home/py/Project/pomelo-core/lib/sync/syncUtil.js -  load mapping file /home/py/Project/pomelo-core/demos/treasures/app/dao/mapping/
[2012-07-19 16:06:41.613] [INFO] /home/py/Project/pomelo-core/lib/sync/syncUtil.js -  load mapping file done 
[2012-07-19 16:06:41.614] [INFO] /home/py/Project/pomelo-core/lib/components/sync.js - sync inited.
[2012-07-19 16:06:41.614] [WARN] /home/py/Project/pomelo-core/lib/application.js - ignore component not with start function, name: area
[2012-07-19 16:06:41.614] [WARN] /home/py/Project/pomelo-core/lib/application.js - ignore component not with start function, name: logger
[2012-07-19 16:06:41.614] [WARN] /home/py/Project/pomelo-core/lib/application.js - ignore component not with start function, name: proxy
[2012-07-19 16:06:41.615] [WARN] /home/py/Project/pomelo-core/lib/application.js - ignore component not with start function, name: handler
[2012-07-19 16:06:41.615] [WARN] /home/py/Project/pomelo-core/lib/application.js - ignore component not with start function, name: remote
[2012-07-19 16:06:41.615] [INFO] /home/py/Project/pomelo-core/lib/components/server.js - begin to start server component.
[2012-07-19 16:06:41.617] [INFO] /home/py/Project/pomelo-core/lib/server/server.js - [login server] start listen on server: {"id":"login-server-1","host":"127.0.0.1","port":4060,"serverType":"login"}
[2012-07-19 16:06:41.617] [INFO] /home/py/Project/pomelo-core/lib/application.js - monitor connect to master {"id":"master-server-1","host":"127.0.0.1","port":3005,"queryPort":3015,"wsPort":2337}
[2012-07-19 16:06:41.721] [INFO] /home/py/Project/pomelo-core/lib/components/server.js - server started.
[2012-07-19 16:06:41.722] [WARN] /home/py/Project/pomelo-core/lib/application.js - ignore component not with start function, name: channel
[2012-07-19 16:06:41.722] [WARN] /home/py/Project/pomelo-core/lib/application.js - ignore component not with start function, name: sync
[2012-07-19 16:06:41.831] [INFO] /home/py/Project/pomelo-core/lib/monitor/monitorAgent.js - Connected to server, sending announcement...
